CRITICAL - 2022-07-25 10:13:06 --> Cannot use object of type CodeIgniter\Database\MySQLi\Result as array
in APPPATH\Controllers\Chat.php on line 48.
 1 SYSTEMPATH\CodeIgniter.php(896): App\Controllers\Chat->list()
 2 SYSTEMPATH\CodeIgniter.php(466): CodeIgniter\CodeIgniter->runController()
 3 SYSTEMPATH\CodeIgniter.php(349): CodeIgniter\CodeIgniter->handleRequest()
 4 FCPATH\index.php(55): CodeIgniter\CodeIgniter->run()
 5 SYSTEMPATH\Commands\Server\rewrite.php(43): require_once('FCPATH\\index.php')
CRITICAL - 2022-07-25 10:13:33 --> Call to undefined method App\Models\ChatModel::getResultArray
in SYSTEMPATH\Model.php on line 773.
 1 APPPATH\Controllers\Chat.php(37): CodeIgniter\Model->__call()
 2 SYSTEMPATH\CodeIgniter.php(896): App\Controllers\Chat->list()
 3 SYSTEMPATH\CodeIgniter.php(466): CodeIgniter\CodeIgniter->runController()
 4 SYSTEMPATH\CodeIgniter.php(349): CodeIgniter\CodeIgniter->handleRequest()
 5 FCPATH\index.php(55): CodeIgniter\CodeIgniter->run()
 6 SYSTEMPATH\Commands\Server\rewrite.php(43): require_once('FCPATH\\index.php')
CRITICAL - 2022-07-25 11:14:02 --> Call to undefined method App\Models\ChatModel::getAllResult
in SYSTEMPATH\Model.php on line 773.
 1 APPPATH\Controllers\Chat.php(37): CodeIgniter\Model->__call()
 2 SYSTEMPATH\CodeIgniter.php(896): App\Controllers\Chat->list()
 3 SYSTEMPATH\CodeIgniter.php(466): CodeIgniter\CodeIgniter->runController()
 4 SYSTEMPATH\CodeIgniter.php(349): CodeIgniter\CodeIgniter->handleRequest()
 5 FCPATH\index.php(55): CodeIgniter\CodeIgniter->run()
 6 SYSTEMPATH\Commands\Server\rewrite.php(43): require_once('FCPATH\\index.php')
CRITICAL - 2022-07-25 11:14:45 --> Call to undefined method App\Models\ChatModel::getResultArray
in SYSTEMPATH\Model.php on line 773.
 1 APPPATH\Controllers\Chat.php(37): CodeIgniter\Model->__call()
 2 SYSTEMPATH\CodeIgniter.php(896): App\Controllers\Chat->list()
 3 SYSTEMPATH\CodeIgniter.php(466): CodeIgniter\CodeIgniter->runController()
 4 SYSTEMPATH\CodeIgniter.php(349): CodeIgniter\CodeIgniter->handleRequest()
 5 FCPATH\index.php(55): CodeIgniter\CodeIgniter->run()
 6 SYSTEMPATH\Commands\Server\rewrite.php(43): require_once('FCPATH\\index.php')
CRITICAL - 2022-07-25 11:15:20 --> Call to undefined method App\Models\ChatModel::getAllResults
in SYSTEMPATH\Model.php on line 773.
 1 APPPATH\Controllers\Chat.php(37): CodeIgniter\Model->__call()
 2 SYSTEMPATH\CodeIgniter.php(896): App\Controllers\Chat->list()
 3 SYSTEMPATH\CodeIgniter.php(466): CodeIgniter\CodeIgniter->runController()
 4 SYSTEMPATH\CodeIgniter.php(349): CodeIgniter\CodeIgniter->handleRequest()
 5 FCPATH\index.php(55): CodeIgniter\CodeIgniter->run()
 6 SYSTEMPATH\Commands\Server\rewrite.php(43): require_once('FCPATH\\index.php')
CRITICAL - 2022-07-25 11:17:02 --> Cannot use object of type CodeIgniter\Database\MySQLi\Result as array
in APPPATH\Controllers\Chat.php on line 48.
 1 SYSTEMPATH\CodeIgniter.php(896): App\Controllers\Chat->list()
 2 SYSTEMPATH\CodeIgniter.php(466): CodeIgniter\CodeIgniter->runController()
 3 SYSTEMPATH\CodeIgniter.php(349): CodeIgniter\CodeIgniter->handleRequest()
 4 FCPATH\index.php(55): CodeIgniter\CodeIgniter->run()
 5 SYSTEMPATH\Commands\Server\rewrite.php(43): require_once('FCPATH\\index.php')
CRITICAL - 2022-07-25 11:18:15 --> Cannot use object of type CodeIgniter\Database\MySQLi\Result as array
in APPPATH\Controllers\Chat.php on line 48.
 1 SYSTEMPATH\CodeIgniter.php(896): App\Controllers\Chat->list()
 2 SYSTEMPATH\CodeIgniter.php(466): CodeIgniter\CodeIgniter->runController()
 3 SYSTEMPATH\CodeIgniter.php(349): CodeIgniter\CodeIgniter->handleRequest()
 4 FCPATH\index.php(55): CodeIgniter\CodeIgniter->run()
 5 SYSTEMPATH\Commands\Server\rewrite.php(43): require_once('FCPATH\\index.php')
CRITICAL - 2022-07-25 11:18:29 --> Cannot use object of type CodeIgniter\Database\MySQLi\Result as array
in APPPATH\Controllers\Chat.php on line 48.
 1 SYSTEMPATH\CodeIgniter.php(896): App\Controllers\Chat->list()
 2 SYSTEMPATH\CodeIgniter.php(466): CodeIgniter\CodeIgniter->runController()
 3 SYSTEMPATH\CodeIgniter.php(349): CodeIgniter\CodeIgniter->handleRequest()
 4 FCPATH\index.php(55): CodeIgniter\CodeIgniter->run()
 5 SYSTEMPATH\Commands\Server\rewrite.php(43): require_once('FCPATH\\index.php')
CRITICAL - 2022-07-25 11:19:04 --> Call to undefined method CodeIgniter\Database\MySQLi\Result::getWhere()
in APPPATH\Controllers\Chat.php on line 37.
 1 SYSTEMPATH\CodeIgniter.php(896): App\Controllers\Chat->list()
 2 SYSTEMPATH\CodeIgniter.php(466): CodeIgniter\CodeIgniter->runController()
 3 SYSTEMPATH\CodeIgniter.php(349): CodeIgniter\CodeIgniter->handleRequest()
 4 FCPATH\index.php(55): CodeIgniter\CodeIgniter->run()
 5 SYSTEMPATH\Commands\Server\rewrite.php(43): require_once('FCPATH\\index.php')
CRITICAL - 2022-07-25 11:25:08 --> Undefined variable: id
in APPPATH\Controllers\Chat.php on line 38.
 1 APPPATH\Controllers\Chat.php(38): CodeIgniter\Debug\Exceptions->errorHandler()
 2 SYSTEMPATH\CodeIgniter.php(896): App\Controllers\Chat->list()
 3 SYSTEMPATH\CodeIgniter.php(466): CodeIgniter\CodeIgniter->runController()
 4 SYSTEMPATH\CodeIgniter.php(349): CodeIgniter\CodeIgniter->handleRequest()
 5 FCPATH\index.php(55): CodeIgniter\CodeIgniter->run()
 6 SYSTEMPATH\Commands\Server\rewrite.php(43): require_once('FCPATH\\index.php')
CRITICAL - 2022-07-25 11:25:09 --> Undefined variable: id
in APPPATH\Controllers\Chat.php on line 38.
 1 APPPATH\Controllers\Chat.php(38): CodeIgniter\Debug\Exceptions->errorHandler()
 2 SYSTEMPATH\CodeIgniter.php(896): App\Controllers\Chat->list()
 3 SYSTEMPATH\CodeIgniter.php(466): CodeIgniter\CodeIgniter->runController()
 4 SYSTEMPATH\CodeIgniter.php(349): CodeIgniter\CodeIgniter->handleRequest()
 5 FCPATH\index.php(55): CodeIgniter\CodeIgniter->run()
 6 SYSTEMPATH\Commands\Server\rewrite.php(43): require_once('FCPATH\\index.php')
CRITICAL - 2022-07-25 11:25:35 --> Call to undefined method CodeIgniter\Database\MySQLi\Result::getWhere()
in APPPATH\Controllers\Chat.php on line 38.
 1 SYSTEMPATH\CodeIgniter.php(896): App\Controllers\Chat->list()
 2 SYSTEMPATH\CodeIgniter.php(466): CodeIgniter\CodeIgniter->runController()
 3 SYSTEMPATH\CodeIgniter.php(349): CodeIgniter\CodeIgniter->handleRequest()
 4 FCPATH\index.php(55): CodeIgniter\CodeIgniter->run()
 5 SYSTEMPATH\Commands\Server\rewrite.php(43): require_once('FCPATH\\index.php')
CRITICAL - 2022-07-25 11:26:58 --> Call to undefined method CodeIgniter\Database\MySQLi\Result::getWhere()
in APPPATH\Controllers\Chat.php on line 38.
 1 SYSTEMPATH\CodeIgniter.php(896): App\Controllers\Chat->list()
 2 SYSTEMPATH\CodeIgniter.php(466): CodeIgniter\CodeIgniter->runController()
 3 SYSTEMPATH\CodeIgniter.php(349): CodeIgniter\CodeIgniter->handleRequest()
 4 FCPATH\index.php(55): CodeIgniter\CodeIgniter->run()
 5 SYSTEMPATH\Commands\Server\rewrite.php(43): require_once('FCPATH\\index.php')
CRITICAL - 2022-07-25 11:27:19 --> Undefined index: message
in APPPATH\Controllers\Chat.php on line 49.
 1 APPPATH\Controllers\Chat.php(49): CodeIgniter\Debug\Exceptions->errorHandler()
 2 SYSTEMPATH\CodeIgniter.php(896): App\Controllers\Chat->list()
 3 SYSTEMPATH\CodeIgniter.php(466): CodeIgniter\CodeIgniter->runController()
 4 SYSTEMPATH\CodeIgniter.php(349): CodeIgniter\CodeIgniter->handleRequest()
 5 FCPATH\index.php(55): CodeIgniter\CodeIgniter->run()
 6 SYSTEMPATH\Commands\Server\rewrite.php(43): require_once('FCPATH\\index.php')
CRITICAL - 2022-07-25 11:27:27 --> Undefined index: message
in APPPATH\Controllers\Chat.php on line 49.
 1 APPPATH\Controllers\Chat.php(49): CodeIgniter\Debug\Exceptions->errorHandler()
 2 SYSTEMPATH\CodeIgniter.php(896): App\Controllers\Chat->list()
 3 SYSTEMPATH\CodeIgniter.php(466): CodeIgniter\CodeIgniter->runController()
 4 SYSTEMPATH\CodeIgniter.php(349): CodeIgniter\CodeIgniter->handleRequest()
 5 FCPATH\index.php(55): CodeIgniter\CodeIgniter->run()
 6 SYSTEMPATH\Commands\Server\rewrite.php(43): require_once('FCPATH\\index.php')
CRITICAL - 2022-07-25 11:30:20 --> Cannot use object of type App\Models\ChatModel as array
in APPPATH\Controllers\Chat.php on line 49.
 1 SYSTEMPATH\CodeIgniter.php(896): App\Controllers\Chat->list()
 2 SYSTEMPATH\CodeIgniter.php(466): CodeIgniter\CodeIgniter->runController()
 3 SYSTEMPATH\CodeIgniter.php(349): CodeIgniter\CodeIgniter->handleRequest()
 4 FCPATH\index.php(55): CodeIgniter\CodeIgniter->run()
 5 SYSTEMPATH\Commands\Server\rewrite.php(43): require_once('FCPATH\\index.php')
CRITICAL - 2022-07-25 11:31:37 --> Trying to get property 'image' of non-object
in APPPATH\Controllers\Chat.php on line 51.
 1 APPPATH\Controllers\Chat.php(51): CodeIgniter\Debug\Exceptions->errorHandler()
 2 SYSTEMPATH\CodeIgniter.php(896): App\Controllers\Chat->list()
 3 SYSTEMPATH\CodeIgniter.php(466): CodeIgniter\CodeIgniter->runController()
 4 SYSTEMPATH\CodeIgniter.php(349): CodeIgniter\CodeIgniter->handleRequest()
 5 FCPATH\index.php(55): CodeIgniter\CodeIgniter->run()
 6 SYSTEMPATH\Commands\Server\rewrite.php(43): require_once('FCPATH\\index.php')
CRITICAL - 2022-07-25 11:33:05 --> Undefined variable: chat_admin
in APPPATH\Views\back-end\chat\content.php on line 23.
 1 APPPATH\Views\back-end\chat\content.php(23): CodeIgniter\Debug\Exceptions->errorHandler()
 2 SYSTEMPATH\View\View.php(213): include('APPPATH\\Views\\back-end\\chat\\content.php')
 3 SYSTEMPATH\View\View.php(216): CodeIgniter\View\View->CodeIgniter\View\{closure}()
 4 SYSTEMPATH\Common.php(1135): CodeIgniter\View\View->render()
 5 APPPATH\Controllers\Chat.php(55): view()
 6 SYSTEMPATH\CodeIgniter.php(896): App\Controllers\Chat->list()
 7 SYSTEMPATH\CodeIgniter.php(466): CodeIgniter\CodeIgniter->runController()
 8 SYSTEMPATH\CodeIgniter.php(349): CodeIgniter\CodeIgniter->handleRequest()
 9 FCPATH\index.php(55): CodeIgniter\CodeIgniter->run()
10 SYSTEMPATH\Commands\Server\rewrite.php(43): require_once('FCPATH\\index.php')
CRITICAL - 2022-07-25 11:41:25 --> Cannot use object of type App\Models\ChatModel as array
in APPPATH\Controllers\Chat.php on line 49.
 1 SYSTEMPATH\CodeIgniter.php(896): App\Controllers\Chat->list()
 2 SYSTEMPATH\CodeIgniter.php(466): CodeIgniter\CodeIgniter->runController()
 3 SYSTEMPATH\CodeIgniter.php(349): CodeIgniter\CodeIgniter->handleRequest()
 4 FCPATH\index.php(55): CodeIgniter\CodeIgniter->run()
 5 SYSTEMPATH\Commands\Server\rewrite.php(43): require_once('FCPATH\\index.php')
CRITICAL - 2022-07-25 11:46:18 --> Cannot use object of type CodeIgniter\Database\MySQLi\Result as array
in APPPATH\Controllers\Chat.php on line 49.
 1 SYSTEMPATH\CodeIgniter.php(896): App\Controllers\Chat->list()
 2 SYSTEMPATH\CodeIgniter.php(466): CodeIgniter\CodeIgniter->runController()
 3 SYSTEMPATH\CodeIgniter.php(349): CodeIgniter\CodeIgniter->handleRequest()
 4 FCPATH\index.php(55): CodeIgniter\CodeIgniter->run()
 5 SYSTEMPATH\Commands\Server\rewrite.php(43): require_once('FCPATH\\index.php')
CRITICAL - 2022-07-25 11:46:50 --> Undefined property: CodeIgniter\Database\MySQLi\Result::$message
in APPPATH\Controllers\Chat.php on line 49.
 1 APPPATH\Controllers\Chat.php(49): CodeIgniter\Debug\Exceptions->errorHandler()
 2 SYSTEMPATH\CodeIgniter.php(896): App\Controllers\Chat->list()
 3 SYSTEMPATH\CodeIgniter.php(466): CodeIgniter\CodeIgniter->runController()
 4 SYSTEMPATH\CodeIgniter.php(349): CodeIgniter\CodeIgniter->handleRequest()
 5 FCPATH\index.php(55): CodeIgniter\CodeIgniter->run()
 6 SYSTEMPATH\Commands\Server\rewrite.php(43): require_once('FCPATH\\index.php')
CRITICAL - 2022-07-25 11:47:09 --> Call to undefined method App\Models\ChatModel::getResult
in SYSTEMPATH\Model.php on line 773.
 1 APPPATH\Controllers\Chat.php(37): CodeIgniter\Model->__call()
 2 SYSTEMPATH\CodeIgniter.php(896): App\Controllers\Chat->list()
 3 SYSTEMPATH\CodeIgniter.php(466): CodeIgniter\CodeIgniter->runController()
 4 SYSTEMPATH\CodeIgniter.php(349): CodeIgniter\CodeIgniter->handleRequest()
 5 FCPATH\index.php(55): CodeIgniter\CodeIgniter->run()
 6 SYSTEMPATH\Commands\Server\rewrite.php(43): require_once('FCPATH\\index.php')
CRITICAL - 2022-07-25 11:47:18 --> Call to undefined method App\Models\ChatModel::getResults
in SYSTEMPATH\Model.php on line 773.
 1 APPPATH\Controllers\Chat.php(37): CodeIgniter\Model->__call()
 2 SYSTEMPATH\CodeIgniter.php(896): App\Controllers\Chat->list()
 3 SYSTEMPATH\CodeIgniter.php(466): CodeIgniter\CodeIgniter->runController()
 4 SYSTEMPATH\CodeIgniter.php(349): CodeIgniter\CodeIgniter->handleRequest()
 5 FCPATH\index.php(55): CodeIgniter\CodeIgniter->run()
 6 SYSTEMPATH\Commands\Server\rewrite.php(43): require_once('FCPATH\\index.php')
CRITICAL - 2022-07-25 11:50:15 --> Call to undefined method App\Models\ChatModel::getResultArray
in SYSTEMPATH\Model.php on line 773.
 1 APPPATH\Controllers\Chat.php(25): CodeIgniter\Model->__call()
 2 SYSTEMPATH\CodeIgniter.php(896): App\Controllers\Chat->index()
 3 SYSTEMPATH\CodeIgniter.php(466): CodeIgniter\CodeIgniter->runController()
 4 SYSTEMPATH\CodeIgniter.php(349): CodeIgniter\CodeIgniter->handleRequest()
 5 FCPATH\index.php(55): CodeIgniter\CodeIgniter->run()
 6 SYSTEMPATH\Commands\Server\rewrite.php(43): require_once('FCPATH\\index.php')
CRITICAL - 2022-07-25 11:55:13 --> Trying to get property 'message' of non-object
in APPPATH\Controllers\Chat.php on line 53.
 1 APPPATH\Controllers\Chat.php(53): CodeIgniter\Debug\Exceptions->errorHandler()
 2 SYSTEMPATH\CodeIgniter.php(896): App\Controllers\Chat->list()
 3 SYSTEMPATH\CodeIgniter.php(466): CodeIgniter\CodeIgniter->runController()
 4 SYSTEMPATH\CodeIgniter.php(349): CodeIgniter\CodeIgniter->handleRequest()
 5 FCPATH\index.php(55): CodeIgniter\CodeIgniter->run()
 6 SYSTEMPATH\Commands\Server\rewrite.php(43): require_once('FCPATH\\index.php')
CRITICAL - 2022-07-25 11:55:38 --> Undefined index: message
in APPPATH\Controllers\Chat.php on line 53.
 1 APPPATH\Controllers\Chat.php(53): CodeIgniter\Debug\Exceptions->errorHandler()
 2 SYSTEMPATH\CodeIgniter.php(896): App\Controllers\Chat->list()
 3 SYSTEMPATH\CodeIgniter.php(466): CodeIgniter\CodeIgniter->runController()
 4 SYSTEMPATH\CodeIgniter.php(349): CodeIgniter\CodeIgniter->handleRequest()
 5 FCPATH\index.php(55): CodeIgniter\CodeIgniter->run()
 6 SYSTEMPATH\Commands\Server\rewrite.php(43): require_once('FCPATH\\index.php')
CRITICAL - 2022-07-25 11:56:30 --> Undefined variable: cek
in APPPATH\Controllers\Chat.php on line 53.
 1 APPPATH\Controllers\Chat.php(53): CodeIgniter\Debug\Exceptions->errorHandler()
 2 SYSTEMPATH\CodeIgniter.php(896): App\Controllers\Chat->list()
 3 SYSTEMPATH\CodeIgniter.php(466): CodeIgniter\CodeIgniter->runController()
 4 SYSTEMPATH\CodeIgniter.php(349): CodeIgniter\CodeIgniter->handleRequest()
 5 FCPATH\index.php(55): CodeIgniter\CodeIgniter->run()
 6 SYSTEMPATH\Commands\Server\rewrite.php(43): require_once('FCPATH\\index.php')
CRITICAL - 2022-07-25 11:56:49 --> Undefined index: message
in APPPATH\Controllers\Chat.php on line 53.
 1 APPPATH\Controllers\Chat.php(53): CodeIgniter\Debug\Exceptions->errorHandler()
 2 SYSTEMPATH\CodeIgniter.php(896): App\Controllers\Chat->list()
 3 SYSTEMPATH\CodeIgniter.php(466): CodeIgniter\CodeIgniter->runController()
 4 SYSTEMPATH\CodeIgniter.php(349): CodeIgniter\CodeIgniter->handleRequest()
 5 FCPATH\index.php(55): CodeIgniter\CodeIgniter->run()
 6 SYSTEMPATH\Commands\Server\rewrite.php(43): require_once('FCPATH\\index.php')
CRITICAL - 2022-07-25 11:57:41 --> Trying to get property 'id' of non-object
in APPPATH\Controllers\Chat.php on line 26.
 1 APPPATH\Controllers\Chat.php(26): CodeIgniter\Debug\Exceptions->errorHandler()
 2 SYSTEMPATH\CodeIgniter.php(896): App\Controllers\Chat->index()
 3 SYSTEMPATH\CodeIgniter.php(466): CodeIgniter\CodeIgniter->runController()
 4 SYSTEMPATH\CodeIgniter.php(349): CodeIgniter\CodeIgniter->handleRequest()
 5 FCPATH\index.php(55): CodeIgniter\CodeIgniter->run()
 6 SYSTEMPATH\Commands\Server\rewrite.php(43): require_once('FCPATH\\index.php')
CRITICAL - 2022-07-25 12:00:21 --> Undefined variable: coba
in APPPATH\Controllers\Chat.php on line 26.
 1 APPPATH\Controllers\Chat.php(26): CodeIgniter\Debug\Exceptions->errorHandler()
 2 SYSTEMPATH\CodeIgniter.php(896): App\Controllers\Chat->index()
 3 SYSTEMPATH\CodeIgniter.php(466): CodeIgniter\CodeIgniter->runController()
 4 SYSTEMPATH\CodeIgniter.php(349): CodeIgniter\CodeIgniter->handleRequest()
 5 FCPATH\index.php(55): CodeIgniter\CodeIgniter->run()
 6 SYSTEMPATH\Commands\Server\rewrite.php(43): require_once('FCPATH\\index.php')
CRITICAL - 2022-07-25 12:00:35 --> Trying to get property 'username' of non-object
in APPPATH\Controllers\Chat.php on line 27.
 1 APPPATH\Controllers\Chat.php(27): CodeIgniter\Debug\Exceptions->errorHandler()
 2 SYSTEMPATH\CodeIgniter.php(896): App\Controllers\Chat->index()
 3 SYSTEMPATH\CodeIgniter.php(466): CodeIgniter\CodeIgniter->runController()
 4 SYSTEMPATH\CodeIgniter.php(349): CodeIgniter\CodeIgniter->handleRequest()
 5 FCPATH\index.php(55): CodeIgniter\CodeIgniter->run()
 6 SYSTEMPATH\Commands\Server\rewrite.php(43): require_once('FCPATH\\index.php')
CRITICAL - 2022-07-25 12:06:35 --> Illegal string offset 'message'
in APPPATH\Controllers\Chat.php on line 45.
 1 APPPATH\Controllers\Chat.php(45): CodeIgniter\Debug\Exceptions->errorHandler()
 2 SYSTEMPATH\CodeIgniter.php(896): App\Controllers\Chat->list()
 3 SYSTEMPATH\CodeIgniter.php(466): CodeIgniter\CodeIgniter->runController()
 4 SYSTEMPATH\CodeIgniter.php(349): CodeIgniter\CodeIgniter->handleRequest()
 5 FCPATH\index.php(55): CodeIgniter\CodeIgniter->run()
 6 SYSTEMPATH\Commands\Server\rewrite.php(43): require_once('FCPATH\\index.php')
CRITICAL - 2022-07-25 12:06:59 --> Cannot use object of type mysqli as array
in APPPATH\Controllers\Chat.php on line 45.
 1 SYSTEMPATH\CodeIgniter.php(896): App\Controllers\Chat->list()
 2 SYSTEMPATH\CodeIgniter.php(466): CodeIgniter\CodeIgniter->runController()
 3 SYSTEMPATH\CodeIgniter.php(349): CodeIgniter\CodeIgniter->handleRequest()
 4 FCPATH\index.php(55): CodeIgniter\CodeIgniter->run()
 5 SYSTEMPATH\Commands\Server\rewrite.php(43): require_once('FCPATH\\index.php')
CRITICAL - 2022-07-25 12:08:43 --> Call to undefined method App\Models\ChatModel::getRow
in SYSTEMPATH\Model.php on line 773.
 1 APPPATH\Controllers\Chat.php(25): CodeIgniter\Model->__call()
 2 SYSTEMPATH\CodeIgniter.php(896): App\Controllers\Chat->index()
 3 SYSTEMPATH\CodeIgniter.php(466): CodeIgniter\CodeIgniter->runController()
 4 SYSTEMPATH\CodeIgniter.php(349): CodeIgniter\CodeIgniter->handleRequest()
 5 FCPATH\index.php(55): CodeIgniter\CodeIgniter->run()
 6 SYSTEMPATH\Commands\Server\rewrite.php(43): require_once('FCPATH\\index.php')
CRITICAL - 2022-07-25 12:09:18 --> Call to undefined method App\Models\ChatModel::getRow
in SYSTEMPATH\Model.php on line 773.
 1 APPPATH\Controllers\Chat.php(25): CodeIgniter\Model->__call()
 2 SYSTEMPATH\CodeIgniter.php(896): App\Controllers\Chat->index()
 3 SYSTEMPATH\CodeIgniter.php(466): CodeIgniter\CodeIgniter->runController()
 4 SYSTEMPATH\CodeIgniter.php(349): CodeIgniter\CodeIgniter->handleRequest()
 5 FCPATH\index.php(55): CodeIgniter\CodeIgniter->run()
 6 SYSTEMPATH\Commands\Server\rewrite.php(43): require_once('FCPATH\\index.php')
CRITICAL - 2022-07-25 12:11:09 --> Call to undefined method App\Models\ChatModel::getRow
in SYSTEMPATH\Model.php on line 773.
 1 APPPATH\Controllers\Chat.php(30): CodeIgniter\Model->__call()
 2 SYSTEMPATH\CodeIgniter.php(896): App\Controllers\Chat->index()
 3 SYSTEMPATH\CodeIgniter.php(466): CodeIgniter\CodeIgniter->runController()
 4 SYSTEMPATH\CodeIgniter.php(349): CodeIgniter\CodeIgniter->handleRequest()
 5 FCPATH\index.php(55): CodeIgniter\CodeIgniter->run()
 6 SYSTEMPATH\Commands\Server\rewrite.php(43): require_once('FCPATH\\index.php')
CRITICAL - 2022-07-25 12:11:20 --> Trying to access array offset on value of type null
in APPPATH\Controllers\Chat.php on line 28.
 1 APPPATH\Controllers\Chat.php(28): CodeIgniter\Debug\Exceptions->errorHandler()
 2 SYSTEMPATH\CodeIgniter.php(896): App\Controllers\Chat->index()
 3 SYSTEMPATH\CodeIgniter.php(466): CodeIgniter\CodeIgniter->runController()
 4 SYSTEMPATH\CodeIgniter.php(349): CodeIgniter\CodeIgniter->handleRequest()
 5 FCPATH\index.php(55): CodeIgniter\CodeIgniter->run()
 6 SYSTEMPATH\Commands\Server\rewrite.php(43): require_once('FCPATH\\index.php')
CRITICAL - 2022-07-25 12:11:50 --> Call to undefined method App\Models\ChatModel::getRow
in SYSTEMPATH\Model.php on line 773.
 1 APPPATH\Controllers\Chat.php(30): CodeIgniter\Model->__call()
 2 SYSTEMPATH\CodeIgniter.php(896): App\Controllers\Chat->index()
 3 SYSTEMPATH\CodeIgniter.php(466): CodeIgniter\CodeIgniter->runController()
 4 SYSTEMPATH\CodeIgniter.php(349): CodeIgniter\CodeIgniter->handleRequest()
 5 FCPATH\index.php(55): CodeIgniter\CodeIgniter->run()
 6 SYSTEMPATH\Commands\Server\rewrite.php(43): require_once('FCPATH\\index.php')
CRITICAL - 2022-07-25 12:13:48 --> Call to undefined method CodeIgniter\Database\MySQLi\Result::getWhere()
in APPPATH\Controllers\Chat.php on line 26.
 1 SYSTEMPATH\CodeIgniter.php(896): App\Controllers\Chat->index()
 2 SYSTEMPATH\CodeIgniter.php(466): CodeIgniter\CodeIgniter->runController()
 3 SYSTEMPATH\CodeIgniter.php(349): CodeIgniter\CodeIgniter->handleRequest()
 4 FCPATH\index.php(55): CodeIgniter\CodeIgniter->run()
 5 SYSTEMPATH\Commands\Server\rewrite.php(43): require_once('FCPATH\\index.php')
CRITICAL - 2022-07-25 12:14:11 --> Undefined variable: cek
in APPPATH\Controllers\Chat.php on line 33.
 1 APPPATH\Controllers\Chat.php(33): CodeIgniter\Debug\Exceptions->errorHandler()
 2 SYSTEMPATH\CodeIgniter.php(896): App\Controllers\Chat->index()
 3 SYSTEMPATH\CodeIgniter.php(466): CodeIgniter\CodeIgniter->runController()
 4 SYSTEMPATH\CodeIgniter.php(349): CodeIgniter\CodeIgniter->handleRequest()
 5 FCPATH\index.php(55): CodeIgniter\CodeIgniter->run()
 6 SYSTEMPATH\Commands\Server\rewrite.php(43): require_once('FCPATH\\index.php')
CRITICAL - 2022-07-25 12:16:05 --> Undefined property: CodeIgniter\Database\MySQLi\Result::$getResult
in APPPATH\Controllers\Chat.php on line 26.
 1 APPPATH\Controllers\Chat.php(26): CodeIgniter\Debug\Exceptions->errorHandler()
 2 SYSTEMPATH\CodeIgniter.php(896): App\Controllers\Chat->index()
 3 SYSTEMPATH\CodeIgniter.php(466): CodeIgniter\CodeIgniter->runController()
 4 SYSTEMPATH\CodeIgniter.php(349): CodeIgniter\CodeIgniter->handleRequest()
 5 FCPATH\index.php(55): CodeIgniter\CodeIgniter->run()
 6 SYSTEMPATH\Commands\Server\rewrite.php(43): require_once('FCPATH\\index.php')
CRITICAL - 2022-07-25 12:16:11 --> Trying to get property 'resultID' of non-object
in APPPATH\Controllers\Chat.php on line 27.
 1 APPPATH\Controllers\Chat.php(27): CodeIgniter\Debug\Exceptions->errorHandler()
 2 SYSTEMPATH\CodeIgniter.php(896): App\Controllers\Chat->index()
 3 SYSTEMPATH\CodeIgniter.php(466): CodeIgniter\CodeIgniter->runController()
 4 SYSTEMPATH\CodeIgniter.php(349): CodeIgniter\CodeIgniter->handleRequest()
 5 FCPATH\index.php(55): CodeIgniter\CodeIgniter->run()
 6 SYSTEMPATH\Commands\Server\rewrite.php(43): require_once('FCPATH\\index.php')
CRITICAL - 2022-07-25 12:16:46 --> Undefined variable: cek
in APPPATH\Controllers\Chat.php on line 33.
 1 APPPATH\Controllers\Chat.php(33): CodeIgniter\Debug\Exceptions->errorHandler()
 2 SYSTEMPATH\CodeIgniter.php(896): App\Controllers\Chat->index()
 3 SYSTEMPATH\CodeIgniter.php(466): CodeIgniter\CodeIgniter->runController()
 4 SYSTEMPATH\CodeIgniter.php(349): CodeIgniter\CodeIgniter->handleRequest()
 5 FCPATH\index.php(55): CodeIgniter\CodeIgniter->run()
 6 SYSTEMPATH\Commands\Server\rewrite.php(43): require_once('FCPATH\\index.php')
CRITICAL - 2022-07-25 12:17:00 --> Undefined variable: cek
in APPPATH\Controllers\Chat.php on line 33.
 1 APPPATH\Controllers\Chat.php(33): CodeIgniter\Debug\Exceptions->errorHandler()
 2 SYSTEMPATH\CodeIgniter.php(896): App\Controllers\Chat->index()
 3 SYSTEMPATH\CodeIgniter.php(466): CodeIgniter\CodeIgniter->runController()
 4 SYSTEMPATH\CodeIgniter.php(349): CodeIgniter\CodeIgniter->handleRequest()
 5 FCPATH\index.php(55): CodeIgniter\CodeIgniter->run()
 6 SYSTEMPATH\Commands\Server\rewrite.php(43): require_once('FCPATH\\index.php')
CRITICAL - 2022-07-25 12:17:31 --> Undefined variable: cek
in APPPATH\Controllers\Chat.php on line 33.
 1 APPPATH\Controllers\Chat.php(33): CodeIgniter\Debug\Exceptions->errorHandler()
 2 SYSTEMPATH\CodeIgniter.php(896): App\Controllers\Chat->index()
 3 SYSTEMPATH\CodeIgniter.php(466): CodeIgniter\CodeIgniter->runController()
 4 SYSTEMPATH\CodeIgniter.php(349): CodeIgniter\CodeIgniter->handleRequest()
 5 FCPATH\index.php(55): CodeIgniter\CodeIgniter->run()
 6 SYSTEMPATH\Commands\Server\rewrite.php(43): require_once('FCPATH\\index.php')
CRITICAL - 2022-07-25 12:25:56 --> Invalid argument supplied for foreach()
in APPPATH\Controllers\Chat.php on line 28.
 1 APPPATH\Controllers\Chat.php(28): CodeIgniter\Debug\Exceptions->errorHandler()
 2 SYSTEMPATH\CodeIgniter.php(896): App\Controllers\Chat->index()
 3 SYSTEMPATH\CodeIgniter.php(466): CodeIgniter\CodeIgniter->runController()
 4 SYSTEMPATH\CodeIgniter.php(349): CodeIgniter\CodeIgniter->handleRequest()
 5 FCPATH\index.php(55): CodeIgniter\CodeIgniter->run()
 6 SYSTEMPATH\Commands\Server\rewrite.php(43): require_once('FCPATH\\index.php')
CRITICAL - 2022-07-25 12:28:25 --> Undefined variable: message_admin
in APPPATH\Controllers\Chat.php on line 53.
 1 APPPATH\Controllers\Chat.php(53): CodeIgniter\Debug\Exceptions->errorHandler()
 2 SYSTEMPATH\CodeIgniter.php(896): App\Controllers\Chat->list()
 3 SYSTEMPATH\CodeIgniter.php(466): CodeIgniter\CodeIgniter->runController()
 4 SYSTEMPATH\CodeIgniter.php(349): CodeIgniter\CodeIgniter->handleRequest()
 5 FCPATH\index.php(55): CodeIgniter\CodeIgniter->run()
 6 SYSTEMPATH\Commands\Server\rewrite.php(43): require_once('FCPATH\\index.php')
CRITICAL - 2022-07-25 19:59:00 --> Undefined variable: chat_admin
in APPPATH\Views\back-end\chat\content.php on line 23.
 1 APPPATH\Views\back-end\chat\content.php(23): CodeIgniter\Debug\Exceptions->errorHandler()
 2 SYSTEMPATH\View\View.php(213): include('APPPATH\\Views\\back-end\\chat\\content.php')
 3 SYSTEMPATH\View\View.php(216): CodeIgniter\View\View->CodeIgniter\View\{closure}()
 4 SYSTEMPATH\Common.php(1135): CodeIgniter\View\View->render()
 5 APPPATH\Controllers\Chat.php(54): view()
 6 SYSTEMPATH\CodeIgniter.php(896): App\Controllers\Chat->list()
 7 SYSTEMPATH\CodeIgniter.php(466): CodeIgniter\CodeIgniter->runController()
 8 SYSTEMPATH\CodeIgniter.php(349): CodeIgniter\CodeIgniter->handleRequest()
 9 FCPATH\index.php(55): CodeIgniter\CodeIgniter->run()
10 SYSTEMPATH\Commands\Server\rewrite.php(43): require_once('FCPATH\\index.php')
ERROR - 2022-07-25 20:23:37 --> Incorrect table definition; there can be only one auto column and it must be defined as a key
CRITICAL - 2022-07-25 20:55:39 --> Undefined index: recipient_id
in APPPATH\Controllers\Chat.php on line 35.
 1 APPPATH\Controllers\Chat.php(35): CodeIgniter\Debug\Exceptions->errorHandler()
 2 SYSTEMPATH\CodeIgniter.php(896): App\Controllers\Chat->index()
 3 SYSTEMPATH\CodeIgniter.php(466): CodeIgniter\CodeIgniter->runController()
 4 SYSTEMPATH\CodeIgniter.php(349): CodeIgniter\CodeIgniter->handleRequest()
 5 FCPATH\index.php(55): CodeIgniter\CodeIgniter->run()
 6 SYSTEMPATH\Commands\Server\rewrite.php(43): require_once('FCPATH\\index.php')
CRITICAL - 2022-07-25 20:56:06 --> Undefined index: message
in APPPATH\Controllers\Chat.php on line 36.
 1 APPPATH\Controllers\Chat.php(36): CodeIgniter\Debug\Exceptions->errorHandler()
 2 SYSTEMPATH\CodeIgniter.php(896): App\Controllers\Chat->index()
 3 SYSTEMPATH\CodeIgniter.php(466): CodeIgniter\CodeIgniter->runController()
 4 SYSTEMPATH\CodeIgniter.php(349): CodeIgniter\CodeIgniter->handleRequest()
 5 FCPATH\index.php(55): CodeIgniter\CodeIgniter->run()
 6 SYSTEMPATH\Commands\Server\rewrite.php(43): require_once('FCPATH\\index.php')
ERROR - 2022-07-25 20:59:13 --> You have an error in your SQL syntax; check the manual that corresponds to your MariaDB server version for the right syntax to use near '= 2
GROUP BY `first_name`
ORDER BY `time` DESC' at line 4
CRITICAL - 2022-07-25 20:59:13 --> You have an error in your SQL syntax; check the manual that corresponds to your MariaDB server version for the right syntax to use near '= 2
GROUP BY `first_name`
ORDER BY `time` DESC' at line 4
in SYSTEMPATH\Database\MySQLi\Connection.php on line 292.
 1 SYSTEMPATH\Database\MySQLi\Connection.php(292): mysqli->query()
 2 SYSTEMPATH\Database\BaseConnection.php(695): CodeIgniter\Database\MySQLi\Connection->execute()
 3 SYSTEMPATH\Database\BaseConnection.php(609): CodeIgniter\Database\BaseConnection->simpleQuery()
 4 SYSTEMPATH\Database\BaseBuilder.php(1585): CodeIgniter\Database\BaseConnection->query()
 5 APPPATH\Models\ChatModel.php(34): CodeIgniter\Database\BaseBuilder->get()
 6 APPPATH\Controllers\Chat.php(22): App\Models\ChatModel->getList()
 7 SYSTEMPATH\CodeIgniter.php(896): App\Controllers\Chat->index()
 8 SYSTEMPATH\CodeIgniter.php(466): CodeIgniter\CodeIgniter->runController()
 9 SYSTEMPATH\CodeIgniter.php(349): CodeIgniter\CodeIgniter->handleRequest()
10 FCPATH\index.php(55): CodeIgniter\CodeIgniter->run()
11 SYSTEMPATH\Commands\Server\rewrite.php(43): require_once('FCPATH\\index.php')
ERROR - 2022-07-25 20:59:24 --> You have an error in your SQL syntax; check the manual that corresponds to your MariaDB server version for the right syntax to use near '= 1
GROUP BY `first_name`
ORDER BY `time` DESC' at line 4
CRITICAL - 2022-07-25 20:59:24 --> You have an error in your SQL syntax; check the manual that corresponds to your MariaDB server version for the right syntax to use near '= 1
GROUP BY `first_name`
ORDER BY `time` DESC' at line 4
in SYSTEMPATH\Database\MySQLi\Connection.php on line 292.
 1 SYSTEMPATH\Database\MySQLi\Connection.php(292): mysqli->query()
 2 SYSTEMPATH\Database\BaseConnection.php(695): CodeIgniter\Database\MySQLi\Connection->execute()
 3 SYSTEMPATH\Database\BaseConnection.php(609): CodeIgniter\Database\BaseConnection->simpleQuery()
 4 SYSTEMPATH\Database\BaseBuilder.php(1585): CodeIgniter\Database\BaseConnection->query()
 5 APPPATH\Models\ChatModel.php(34): CodeIgniter\Database\BaseBuilder->get()
 6 APPPATH\Controllers\Chat.php(22): App\Models\ChatModel->getList()
 7 SYSTEMPATH\CodeIgniter.php(896): App\Controllers\Chat->index()
 8 SYSTEMPATH\CodeIgniter.php(466): CodeIgniter\CodeIgniter->runController()
 9 SYSTEMPATH\CodeIgniter.php(349): CodeIgniter\CodeIgniter->handleRequest()
10 FCPATH\index.php(55): CodeIgniter\CodeIgniter->run()
11 SYSTEMPATH\Commands\Server\rewrite.php(43): require_once('FCPATH\\index.php')
CRITICAL - 2022-07-25 21:34:32 --> Undefined property: CodeIgniter\View\View::$uri
in APPPATH\Views\layout\back-end\sidebar.php on line 16.
 1 APPPATH\Views\layout\back-end\sidebar.php(16): CodeIgniter\Debug\Exceptions->errorHandler()
 2 SYSTEMPATH\View\View.php(213): include('APPPATH\\Views\\layout\\back-end\\sidebar.php')
 3 SYSTEMPATH\View\View.php(216): CodeIgniter\View\View->CodeIgniter\View\{closure}()
 4 SYSTEMPATH\View\View.php(429): CodeIgniter\View\View->render()
 5 APPPATH\Views\layout\back-end\main.php(205): CodeIgniter\View\View->include()
 6 SYSTEMPATH\View\View.php(213): include('APPPATH\\Views\\layout\\back-end\\main.php')
 7 SYSTEMPATH\View\View.php(216): CodeIgniter\View\View->CodeIgniter\View\{closure}()
 8 SYSTEMPATH\View\View.php(229): CodeIgniter\View\View->render()
 9 SYSTEMPATH\Common.php(1135): CodeIgniter\View\View->render()
10 APPPATH\Controllers\Dashboard.php(10): view()
11 SYSTEMPATH\CodeIgniter.php(896): App\Controllers\Dashboard->index()
12 SYSTEMPATH\CodeIgniter.php(466): CodeIgniter\CodeIgniter->runController()
13 SYSTEMPATH\CodeIgniter.php(349): CodeIgniter\CodeIgniter->handleRequest()
14 FCPATH\index.php(55): CodeIgniter\CodeIgniter->run()
15 SYSTEMPATH\Commands\Server\rewrite.php(43): require_once('FCPATH\\index.php')
CRITICAL - 2022-07-25 21:38:42 --> Call to undefined method CodeIgniter\HTTP\URI::segment()
in APPPATH\Views\layout\back-end\sidebar.php on line 17.
 1 SYSTEMPATH\View\View.php(213): include()
 2 SYSTEMPATH\View\View.php(216): CodeIgniter\View\View->CodeIgniter\View\{closure}()
 3 SYSTEMPATH\View\View.php(429): CodeIgniter\View\View->render()
 4 APPPATH\Views\layout\back-end\main.php(205): CodeIgniter\View\View->include()
 5 SYSTEMPATH\View\View.php(213): include('APPPATH\\Views\\layout\\back-end\\main.php')
 6 SYSTEMPATH\View\View.php(216): CodeIgniter\View\View->CodeIgniter\View\{closure}()
 7 SYSTEMPATH\View\View.php(229): CodeIgniter\View\View->render()
 8 SYSTEMPATH\Common.php(1135): CodeIgniter\View\View->render()
 9 APPPATH\Controllers\Dashboard.php(10): view()
10 SYSTEMPATH\CodeIgniter.php(896): App\Controllers\Dashboard->index()
11 SYSTEMPATH\CodeIgniter.php(466): CodeIgniter\CodeIgniter->runController()
12 SYSTEMPATH\CodeIgniter.php(349): CodeIgniter\CodeIgniter->handleRequest()
13 FCPATH\index.php(55): CodeIgniter\CodeIgniter->run()
14 SYSTEMPATH\Commands\Server\rewrite.php(43): require_once('FCPATH\\index.php')
CRITICAL - 2022-07-25 21:50:02 --> Undefined variable: site_url
in APPPATH\Views\layout\back-end\sidebar.php on line 16.
 1 APPPATH\Views\layout\back-end\sidebar.php(16): CodeIgniter\Debug\Exceptions->errorHandler()
 2 SYSTEMPATH\View\View.php(213): include('APPPATH\\Views\\layout\\back-end\\sidebar.php')
 3 SYSTEMPATH\View\View.php(216): CodeIgniter\View\View->CodeIgniter\View\{closure}()
 4 SYSTEMPATH\View\View.php(429): CodeIgniter\View\View->render()
 5 APPPATH\Views\layout\back-end\main.php(205): CodeIgniter\View\View->include()
 6 SYSTEMPATH\View\View.php(213): include('APPPATH\\Views\\layout\\back-end\\main.php')
 7 SYSTEMPATH\View\View.php(216): CodeIgniter\View\View->CodeIgniter\View\{closure}()
 8 SYSTEMPATH\View\View.php(229): CodeIgniter\View\View->render()
 9 SYSTEMPATH\Common.php(1135): CodeIgniter\View\View->render()
10 APPPATH\Controllers\Dashboard.php(10): view()
11 SYSTEMPATH\CodeIgniter.php(896): App\Controllers\Dashboard->index()
12 SYSTEMPATH\CodeIgniter.php(466): CodeIgniter\CodeIgniter->runController()
13 SYSTEMPATH\CodeIgniter.php(349): CodeIgniter\CodeIgniter->handleRequest()
14 FCPATH\index.php(55): CodeIgniter\CodeIgniter->run()
15 SYSTEMPATH\Commands\Server\rewrite.php(43): require_once('FCPATH\\index.php')
CRITICAL - 2022-07-25 21:58:00 --> Undefined variable: active
in APPPATH\Views\layout\back-end\sidebar.php on line 29.
 1 APPPATH\Views\layout\back-end\sidebar.php(29): CodeIgniter\Debug\Exceptions->errorHandler()
 2 SYSTEMPATH\View\View.php(213): include('APPPATH\\Views\\layout\\back-end\\sidebar.php')
 3 SYSTEMPATH\View\View.php(216): CodeIgniter\View\View->CodeIgniter\View\{closure}()
 4 SYSTEMPATH\View\View.php(429): CodeIgniter\View\View->render()
 5 APPPATH\Views\layout\back-end\main.php(205): CodeIgniter\View\View->include()
 6 SYSTEMPATH\View\View.php(213): include('APPPATH\\Views\\layout\\back-end\\main.php')
 7 SYSTEMPATH\View\View.php(216): CodeIgniter\View\View->CodeIgniter\View\{closure}()
 8 SYSTEMPATH\View\View.php(229): CodeIgniter\View\View->render()
 9 SYSTEMPATH\Common.php(1135): CodeIgniter\View\View->render()
10 APPPATH\Controllers\Dashboard.php(10): view()
11 SYSTEMPATH\CodeIgniter.php(896): App\Controllers\Dashboard->index()
12 SYSTEMPATH\CodeIgniter.php(466): CodeIgniter\CodeIgniter->runController()
13 SYSTEMPATH\CodeIgniter.php(349): CodeIgniter\CodeIgniter->handleRequest()
14 FCPATH\index.php(55): CodeIgniter\CodeIgniter->run()
15 SYSTEMPATH\Commands\Server\rewrite.php(43): require_once('FCPATH\\index.php')
CRITICAL - 2022-07-25 21:58:09 --> Undefined variable: active
in APPPATH\Views\layout\back-end\sidebar.php on line 29.
 1 APPPATH\Views\layout\back-end\sidebar.php(29): CodeIgniter\Debug\Exceptions->errorHandler()
 2 SYSTEMPATH\View\View.php(213): include('APPPATH\\Views\\layout\\back-end\\sidebar.php')
 3 SYSTEMPATH\View\View.php(216): CodeIgniter\View\View->CodeIgniter\View\{closure}()
 4 SYSTEMPATH\View\View.php(429): CodeIgniter\View\View->render()
 5 APPPATH\Views\layout\back-end\main.php(205): CodeIgniter\View\View->include()
 6 SYSTEMPATH\View\View.php(213): include('APPPATH\\Views\\layout\\back-end\\main.php')
 7 SYSTEMPATH\View\View.php(216): CodeIgniter\View\View->CodeIgniter\View\{closure}()
 8 SYSTEMPATH\View\View.php(229): CodeIgniter\View\View->render()
 9 SYSTEMPATH\Common.php(1135): CodeIgniter\View\View->render()
10 APPPATH\Controllers\Costumer.php(22): view()
11 SYSTEMPATH\CodeIgniter.php(896): App\Controllers\Costumer->index()
12 SYSTEMPATH\CodeIgniter.php(466): CodeIgniter\CodeIgniter->runController()
13 SYSTEMPATH\CodeIgniter.php(349): CodeIgniter\CodeIgniter->handleRequest()
14 FCPATH\index.php(55): CodeIgniter\CodeIgniter->run()
15 SYSTEMPATH\Commands\Server\rewrite.php(43): require_once('FCPATH\\index.php')
CRITICAL - 2022-07-25 22:03:07 --> Undefined property: CodeIgniter\View\View::$uri
in APPPATH\Views\layout\back-end\sidebar.php on line 16.
 1 APPPATH\Views\layout\back-end\sidebar.php(16): CodeIgniter\Debug\Exceptions->errorHandler()
 2 SYSTEMPATH\View\View.php(213): include('APPPATH\\Views\\layout\\back-end\\sidebar.php')
 3 SYSTEMPATH\View\View.php(216): CodeIgniter\View\View->CodeIgniter\View\{closure}()
 4 SYSTEMPATH\View\View.php(429): CodeIgniter\View\View->render()
 5 APPPATH\Views\layout\back-end\main.php(205): CodeIgniter\View\View->include()
 6 SYSTEMPATH\View\View.php(213): include('APPPATH\\Views\\layout\\back-end\\main.php')
 7 SYSTEMPATH\View\View.php(216): CodeIgniter\View\View->CodeIgniter\View\{closure}()
 8 SYSTEMPATH\View\View.php(229): CodeIgniter\View\View->render()
 9 SYSTEMPATH\Common.php(1135): CodeIgniter\View\View->render()
10 APPPATH\Controllers\Costumer.php(22): view()
11 SYSTEMPATH\CodeIgniter.php(896): App\Controllers\Costumer->index()
12 SYSTEMPATH\CodeIgniter.php(466): CodeIgniter\CodeIgniter->runController()
13 SYSTEMPATH\CodeIgniter.php(349): CodeIgniter\CodeIgniter->handleRequest()
14 FCPATH\index.php(55): CodeIgniter\CodeIgniter->run()
15 SYSTEMPATH\Commands\Server\rewrite.php(43): require_once('FCPATH\\index.php')
CRITICAL - 2022-07-25 22:03:13 --> Undefined property: CodeIgniter\View\View::$uri
in APPPATH\Views\layout\back-end\sidebar.php on line 16.
 1 APPPATH\Views\layout\back-end\sidebar.php(16): CodeIgniter\Debug\Exceptions->errorHandler()
 2 SYSTEMPATH\View\View.php(213): include('APPPATH\\Views\\layout\\back-end\\sidebar.php')
 3 SYSTEMPATH\View\View.php(216): CodeIgniter\View\View->CodeIgniter\View\{closure}()
 4 SYSTEMPATH\View\View.php(429): CodeIgniter\View\View->render()
 5 APPPATH\Views\layout\back-end\main.php(205): CodeIgniter\View\View->include()
 6 SYSTEMPATH\View\View.php(213): include('APPPATH\\Views\\layout\\back-end\\main.php')
 7 SYSTEMPATH\View\View.php(216): CodeIgniter\View\View->CodeIgniter\View\{closure}()
 8 SYSTEMPATH\View\View.php(229): CodeIgniter\View\View->render()
 9 SYSTEMPATH\Common.php(1135): CodeIgniter\View\View->render()
10 APPPATH\Controllers\Chat.php(25): view()
11 SYSTEMPATH\CodeIgniter.php(896): App\Controllers\Chat->index()
12 SYSTEMPATH\CodeIgniter.php(466): CodeIgniter\CodeIgniter->runController()
13 SYSTEMPATH\CodeIgniter.php(349): CodeIgniter\CodeIgniter->handleRequest()
14 FCPATH\index.php(55): CodeIgniter\CodeIgniter->run()
15 SYSTEMPATH\Commands\Server\rewrite.php(43): require_once('FCPATH\\index.php')
CRITICAL - 2022-07-25 22:03:18 --> Undefined property: CodeIgniter\View\View::$uri
in APPPATH\Views\layout\back-end\sidebar.php on line 16.
 1 APPPATH\Views\layout\back-end\sidebar.php(16): CodeIgniter\Debug\Exceptions->errorHandler()
 2 SYSTEMPATH\View\View.php(213): include('APPPATH\\Views\\layout\\back-end\\sidebar.php')
 3 SYSTEMPATH\View\View.php(216): CodeIgniter\View\View->CodeIgniter\View\{closure}()
 4 SYSTEMPATH\View\View.php(429): CodeIgniter\View\View->render()
 5 APPPATH\Views\layout\back-end\main.php(205): CodeIgniter\View\View->include()
 6 SYSTEMPATH\View\View.php(213): include('APPPATH\\Views\\layout\\back-end\\main.php')
 7 SYSTEMPATH\View\View.php(216): CodeIgniter\View\View->CodeIgniter\View\{closure}()
 8 SYSTEMPATH\View\View.php(229): CodeIgniter\View\View->render()
 9 SYSTEMPATH\Common.php(1135): CodeIgniter\View\View->render()
10 APPPATH\Controllers\Dashboard.php(10): view()
11 SYSTEMPATH\CodeIgniter.php(896): App\Controllers\Dashboard->index()
12 SYSTEMPATH\CodeIgniter.php(466): CodeIgniter\CodeIgniter->runController()
13 SYSTEMPATH\CodeIgniter.php(349): CodeIgniter\CodeIgniter->handleRequest()
14 FCPATH\index.php(55): CodeIgniter\CodeIgniter->run()
15 SYSTEMPATH\Commands\Server\rewrite.php(43): require_once('FCPATH\\index.php')
CRITICAL - 2022-07-25 22:03:19 --> Undefined property: CodeIgniter\View\View::$uri
in APPPATH\Views\layout\back-end\sidebar.php on line 16.
 1 APPPATH\Views\layout\back-end\sidebar.php(16): CodeIgniter\Debug\Exceptions->errorHandler()
 2 SYSTEMPATH\View\View.php(213): include('APPPATH\\Views\\layout\\back-end\\sidebar.php')
 3 SYSTEMPATH\View\View.php(216): CodeIgniter\View\View->CodeIgniter\View\{closure}()
 4 SYSTEMPATH\View\View.php(429): CodeIgniter\View\View->render()
 5 APPPATH\Views\layout\back-end\main.php(205): CodeIgniter\View\View->include()
 6 SYSTEMPATH\View\View.php(213): include('APPPATH\\Views\\layout\\back-end\\main.php')
 7 SYSTEMPATH\View\View.php(216): CodeIgniter\View\View->CodeIgniter\View\{closure}()
 8 SYSTEMPATH\View\View.php(229): CodeIgniter\View\View->render()
 9 SYSTEMPATH\Common.php(1135): CodeIgniter\View\View->render()
10 APPPATH\Controllers\Dashboard.php(10): view()
11 SYSTEMPATH\CodeIgniter.php(896): App\Controllers\Dashboard->index()
12 SYSTEMPATH\CodeIgniter.php(466): CodeIgniter\CodeIgniter->runController()
13 SYSTEMPATH\CodeIgniter.php(349): CodeIgniter\CodeIgniter->handleRequest()
14 FCPATH\index.php(55): CodeIgniter\CodeIgniter->run()
15 SYSTEMPATH\Commands\Server\rewrite.php(43): require_once('FCPATH\\index.php')
CRITICAL - 2022-07-25 22:09:37 --> Call to undefined method CodeIgniter\HTTP\URI::segment()
in APPPATH\Views\layout\back-end\sidebar.php on line 17.
 1 SYSTEMPATH\View\View.php(213): include()
 2 SYSTEMPATH\View\View.php(216): CodeIgniter\View\View->CodeIgniter\View\{closure}()
 3 SYSTEMPATH\View\View.php(429): CodeIgniter\View\View->render()
 4 APPPATH\Views\layout\back-end\main.php(205): CodeIgniter\View\View->include()
 5 SYSTEMPATH\View\View.php(213): include('APPPATH\\Views\\layout\\back-end\\main.php')
 6 SYSTEMPATH\View\View.php(216): CodeIgniter\View\View->CodeIgniter\View\{closure}()
 7 SYSTEMPATH\View\View.php(229): CodeIgniter\View\View->render()
 8 SYSTEMPATH\Common.php(1135): CodeIgniter\View\View->render()
 9 APPPATH\Controllers\Dashboard.php(10): view()
10 SYSTEMPATH\CodeIgniter.php(896): App\Controllers\Dashboard->index()
11 SYSTEMPATH\CodeIgniter.php(466): CodeIgniter\CodeIgniter->runController()
12 SYSTEMPATH\CodeIgniter.php(349): CodeIgniter\CodeIgniter->handleRequest()
13 FCPATH\index.php(55): CodeIgniter\CodeIgniter->run()
14 SYSTEMPATH\Commands\Server\rewrite.php(43): require_once('FCPATH\\index.php')
CRITICAL - 2022-07-25 22:24:21 --> Call to undefined method CodeIgniter\HTTP\URI::segment()
in APPPATH\Views\layout\back-end\sidebar.php on line 4.
 1 SYSTEMPATH\View\View.php(213): include()
 2 SYSTEMPATH\View\View.php(216): CodeIgniter\View\View->CodeIgniter\View\{closure}()
 3 SYSTEMPATH\View\View.php(429): CodeIgniter\View\View->render()
 4 APPPATH\Views\layout\back-end\main.php(205): CodeIgniter\View\View->include()
 5 SYSTEMPATH\View\View.php(213): include('APPPATH\\Views\\layout\\back-end\\main.php')
 6 SYSTEMPATH\View\View.php(216): CodeIgniter\View\View->CodeIgniter\View\{closure}()
 7 SYSTEMPATH\View\View.php(229): CodeIgniter\View\View->render()
 8 SYSTEMPATH\Common.php(1135): CodeIgniter\View\View->render()
 9 APPPATH\Controllers\Dashboard.php(10): view()
10 SYSTEMPATH\CodeIgniter.php(896): App\Controllers\Dashboard->index()
11 SYSTEMPATH\CodeIgniter.php(466): CodeIgniter\CodeIgniter->runController()
12 SYSTEMPATH\CodeIgniter.php(349): CodeIgniter\CodeIgniter->handleRequest()
13 FCPATH\index.php(55): CodeIgniter\CodeIgniter->run()
14 SYSTEMPATH\Commands\Server\rewrite.php(43): require_once('FCPATH\\index.php')
