ERROR - 2022-07-19 20:36:17 --> Error connecting to the database: No connection could be made because the target machine actively refused it.

CRITICAL - 2022-07-19 20:36:17 --> Unable to connect to the database.
Main connection [MySQLi]: No connection could be made because the target machine actively refused it.

in SYSTEMPATH\Database\BaseConnection.php on line 416.
 1 SYSTEMPATH\Database\BaseConnection.php(586): CodeIgniter\Database\BaseConnection->initialize()
 2 SYSTEMPATH\Database\BaseBuilder.php(1718): CodeIgniter\Database\BaseConnection->query()
 3 APPPATH\Views\layout\auth\main.php(8): CodeIgniter\Database\BaseBuilder->getWhere()
 4 SYSTEMPATH\View\View.php(213): include('APPPATH\\Views\\layout\\auth\\main.php')
 5 SYSTEMPATH\View\View.php(216): CodeIgniter\View\View->CodeIgniter\View\{closure}()
 6 SYSTEMPATH\View\View.php(229): CodeIgniter\View\View->render()
 7 SYSTEMPATH\Common.php(1135): CodeIgniter\View\View->render()
 8 APPPATH\Controllers\Auth.php(24): view()
 9 SYSTEMPATH\CodeIgniter.php(896): App\Controllers\Auth->index()
10 SYSTEMPATH\CodeIgniter.php(466): CodeIgniter\CodeIgniter->runController()
11 SYSTEMPATH\CodeIgniter.php(349): CodeIgniter\CodeIgniter->handleRequest()
12 FCPATH\index.php(55): CodeIgniter\CodeIgniter->run()
13 SYSTEMPATH\Commands\Server\rewrite.php(43): require_once('FCPATH\\index.php')
ERROR - 2022-07-19 20:36:29 --> Error connecting to the database: No connection could be made because the target machine actively refused it.

CRITICAL - 2022-07-19 20:36:29 --> Unable to connect to the database.
Main connection [MySQLi]: No connection could be made because the target machine actively refused it.

in SYSTEMPATH\Database\BaseConnection.php on line 416.
 1 SYSTEMPATH\Database\BaseConnection.php(586): CodeIgniter\Database\BaseConnection->initialize()
 2 SYSTEMPATH\Database\BaseBuilder.php(1718): CodeIgniter\Database\BaseConnection->query()
 3 APPPATH\Views\layout\auth\main.php(8): CodeIgniter\Database\BaseBuilder->getWhere()
 4 SYSTEMPATH\View\View.php(213): include('APPPATH\\Views\\layout\\auth\\main.php')
 5 SYSTEMPATH\View\View.php(216): CodeIgniter\View\View->CodeIgniter\View\{closure}()
 6 SYSTEMPATH\View\View.php(229): CodeIgniter\View\View->render()
 7 SYSTEMPATH\Common.php(1135): CodeIgniter\View\View->render()
 8 APPPATH\Controllers\Auth.php(24): view()
 9 SYSTEMPATH\CodeIgniter.php(896): App\Controllers\Auth->index()
10 SYSTEMPATH\CodeIgniter.php(466): CodeIgniter\CodeIgniter->runController()
11 SYSTEMPATH\CodeIgniter.php(349): CodeIgniter\CodeIgniter->handleRequest()
12 FCPATH\index.php(55): CodeIgniter\CodeIgniter->run()
13 SYSTEMPATH\Commands\Server\rewrite.php(43): require_once('FCPATH\\index.php')
ERROR - 2022-07-19 20:46:34 --> Error connecting to the database: No connection could be made because the target machine actively refused it.

CRITICAL - 2022-07-19 20:46:34 --> Unable to connect to the database.
Main connection [MySQLi]: No connection could be made because the target machine actively refused it.

in SYSTEMPATH\Database\BaseConnection.php on line 416.
 1 SYSTEMPATH\Database\BaseConnection.php(586): CodeIgniter\Database\BaseConnection->initialize()
 2 SYSTEMPATH\Database\BaseBuilder.php(1718): CodeIgniter\Database\BaseConnection->query()
 3 APPPATH\Views\layout\auth\main.php(8): CodeIgniter\Database\BaseBuilder->getWhere()
 4 SYSTEMPATH\View\View.php(213): include('APPPATH\\Views\\layout\\auth\\main.php')
 5 SYSTEMPATH\View\View.php(216): CodeIgniter\View\View->CodeIgniter\View\{closure}()
 6 SYSTEMPATH\View\View.php(229): CodeIgniter\View\View->render()
 7 SYSTEMPATH\Common.php(1135): CodeIgniter\View\View->render()
 8 APPPATH\Controllers\Auth.php(24): view()
 9 SYSTEMPATH\CodeIgniter.php(896): App\Controllers\Auth->index()
10 SYSTEMPATH\CodeIgniter.php(466): CodeIgniter\CodeIgniter->runController()
11 SYSTEMPATH\CodeIgniter.php(349): CodeIgniter\CodeIgniter->handleRequest()
12 FCPATH\index.php(55): CodeIgniter\CodeIgniter->run()
13 SYSTEMPATH\Commands\Server\rewrite.php(43): require_once('FCPATH\\index.php')
ERROR - 2022-07-19 20:47:09 --> Error connecting to the database: No connection could be made because the target machine actively refused it.

CRITICAL - 2022-07-19 20:47:09 --> Unable to connect to the database.
Main connection [MySQLi]: No connection could be made because the target machine actively refused it.

in SYSTEMPATH\Database\BaseConnection.php on line 416.
 1 SYSTEMPATH\Database\BaseConnection.php(586): CodeIgniter\Database\BaseConnection->initialize()
 2 SYSTEMPATH\Database\BaseBuilder.php(1718): CodeIgniter\Database\BaseConnection->query()
 3 APPPATH\Views\layout\auth\main.php(8): CodeIgniter\Database\BaseBuilder->getWhere()
 4 SYSTEMPATH\View\View.php(213): include('APPPATH\\Views\\layout\\auth\\main.php')
 5 SYSTEMPATH\View\View.php(216): CodeIgniter\View\View->CodeIgniter\View\{closure}()
 6 SYSTEMPATH\View\View.php(229): CodeIgniter\View\View->render()
 7 SYSTEMPATH\Common.php(1135): CodeIgniter\View\View->render()
 8 APPPATH\Controllers\Auth.php(24): view()
 9 SYSTEMPATH\CodeIgniter.php(896): App\Controllers\Auth->index()
10 SYSTEMPATH\CodeIgniter.php(466): CodeIgniter\CodeIgniter->runController()
11 SYSTEMPATH\CodeIgniter.php(349): CodeIgniter\CodeIgniter->handleRequest()
12 FCPATH\index.php(55): CodeIgniter\CodeIgniter->run()
13 SYSTEMPATH\Commands\Server\rewrite.php(43): require_once('FCPATH\\index.php')
CRITICAL - 2022-07-19 21:25:34 --> Undefined variable: title
in APPPATH\Views\back-end\costumer\data.php on line 8.
 1 APPPATH\Views\back-end\costumer\data.php(8): CodeIgniter\Debug\Exceptions->errorHandler()
 2 SYSTEMPATH\View\View.php(213): include('APPPATH\\Views\\back-end\\costumer\\data.php')
 3 SYSTEMPATH\View\View.php(216): CodeIgniter\View\View->CodeIgniter\View\{closure}()
 4 SYSTEMPATH\Common.php(1135): CodeIgniter\View\View->render()
 5 APPPATH\Controllers\Costumer.php(22): view()
 6 SYSTEMPATH\CodeIgniter.php(896): App\Controllers\Costumer->index()
 7 SYSTEMPATH\CodeIgniter.php(466): CodeIgniter\CodeIgniter->runController()
 8 SYSTEMPATH\CodeIgniter.php(349): CodeIgniter\CodeIgniter->handleRequest()
 9 FCPATH\index.php(55): CodeIgniter\CodeIgniter->run()
10 SYSTEMPATH\Commands\Server\rewrite.php(43): require_once('FCPATH\\index.php')
CRITICAL - 2022-07-19 21:26:28 --> Undefined variable: title
in APPPATH\Views\back-end\costumer\data.php on line 8.
 1 APPPATH\Views\back-end\costumer\data.php(8): CodeIgniter\Debug\Exceptions->errorHandler()
 2 SYSTEMPATH\View\View.php(213): include('APPPATH\\Views\\back-end\\costumer\\data.php')
 3 SYSTEMPATH\View\View.php(216): CodeIgniter\View\View->CodeIgniter\View\{closure}()
 4 SYSTEMPATH\Common.php(1135): CodeIgniter\View\View->render()
 5 APPPATH\Controllers\Costumer.php(22): view()
 6 SYSTEMPATH\CodeIgniter.php(896): App\Controllers\Costumer->index()
 7 SYSTEMPATH\CodeIgniter.php(466): CodeIgniter\CodeIgniter->runController()
 8 SYSTEMPATH\CodeIgniter.php(349): CodeIgniter\CodeIgniter->handleRequest()
 9 FCPATH\index.php(55): CodeIgniter\CodeIgniter->run()
10 SYSTEMPATH\Commands\Server\rewrite.php(43): require_once('FCPATH\\index.php')
