CRITICAL - 2022-07-22 00:44:28 --> Call to a member function orderBy() on array
in APPPATH\Views\back-end\chat\data.php on line 26.
 1 SYSTEMPATH\View\View.php(213): include()
 2 SYSTEMPATH\View\View.php(216): CodeIgniter\View\View->CodeIgniter\View\{closure}()
 3 SYSTEMPATH\Common.php(1135): CodeIgniter\View\View->render()
 4 APPPATH\Controllers\Chat.php(24): view()
 5 SYSTEMPATH\CodeIgniter.php(896): App\Controllers\Chat->index()
 6 SYSTEMPATH\CodeIgniter.php(466): CodeIgniter\CodeIgniter->runController()
 7 SYSTEMPATH\CodeIgniter.php(349): CodeIgniter\CodeIgniter->handleRequest()
 8 FCPATH\index.php(55): CodeIgniter\CodeIgniter->run()
 9 SYSTEMPATH\Commands\Server\rewrite.php(43): require_once('FCPATH\\index.php')
CRITICAL - 2022-07-22 00:46:27 --> Call to a member function orderBy() on array
in APPPATH\Controllers\Chat.php on line 20.
 1 SYSTEMPATH\CodeIgniter.php(896): App\Controllers\Chat->index()
 2 SYSTEMPATH\CodeIgniter.php(466): CodeIgniter\CodeIgniter->runController()
 3 SYSTEMPATH\CodeIgniter.php(349): CodeIgniter\CodeIgniter->handleRequest()
 4 FCPATH\index.php(55): CodeIgniter\CodeIgniter->run()
 5 SYSTEMPATH\Commands\Server\rewrite.php(43): require_once('FCPATH\\index.php')
CRITICAL - 2022-07-22 01:42:49 --> Undefined variable: price
in APPPATH\Controllers\Product.php on line 69.
 1 APPPATH\Controllers\Product.php(69): CodeIgniter\Debug\Exceptions->errorHandler()
 2 SYSTEMPATH\CodeIgniter.php(896): App\Controllers\Product->save()
 3 SYSTEMPATH\CodeIgniter.php(466): CodeIgniter\CodeIgniter->runController()
 4 SYSTEMPATH\CodeIgniter.php(349): CodeIgniter\CodeIgniter->handleRequest()
 5 FCPATH\index.php(55): CodeIgniter\CodeIgniter->run()
 6 SYSTEMPATH\Commands\Server\rewrite.php(43): require_once('FCPATH\\index.php')
ERROR - 2022-07-22 01:43:22 --> Cannot add or update a child row: a foreign key constraint fails (`e-commerce-fashion`.`product`, CONSTRAINT `product_discount_id_foreign` FOREIGN KEY (`discount_id`) REFERENCES `discount` (`id`) ON DELETE CASCADE ON UPDATE CASCADE)
CRITICAL - 2022-07-22 01:43:22 --> Cannot add or update a child row: a foreign key constraint fails (`e-commerce-fashion`.`product`, CONSTRAINT `product_discount_id_foreign` FOREIGN KEY (`discount_id`) REFERENCES `discount` (`id`) ON DELETE CASCADE ON UPDATE CASCADE)
in SYSTEMPATH\Database\MySQLi\Connection.php on line 292.
 1 SYSTEMPATH\Database\MySQLi\Connection.php(292): mysqli->query()
 2 SYSTEMPATH\Database\BaseConnection.php(695): CodeIgniter\Database\MySQLi\Connection->execute()
 3 SYSTEMPATH\Database\BaseConnection.php(609): CodeIgniter\Database\BaseConnection->simpleQuery()
 4 SYSTEMPATH\Database\BaseBuilder.php(1904): CodeIgniter\Database\BaseConnection->query()
 5 SYSTEMPATH\Model.php(278): CodeIgniter\Database\BaseBuilder->insert()
 6 SYSTEMPATH\BaseModel.php(738): CodeIgniter\Model->doInsert()
 7 SYSTEMPATH\Model.php(666): CodeIgniter\BaseModel->insert()
 8 APPPATH\Controllers\Product.php(74): CodeIgniter\Model->insert()
 9 SYSTEMPATH\CodeIgniter.php(896): App\Controllers\Product->save()
10 SYSTEMPATH\CodeIgniter.php(466): CodeIgniter\CodeIgniter->runController()
11 SYSTEMPATH\CodeIgniter.php(349): CodeIgniter\CodeIgniter->handleRequest()
12 FCPATH\index.php(55): CodeIgniter\CodeIgniter->run()
13 SYSTEMPATH\Commands\Server\rewrite.php(43): require_once('FCPATH\\index.php')
ERROR - 2022-07-22 02:15:23 --> Error connecting to the database: No connection could be made because the target machine actively refused it.

CRITICAL - 2022-07-22 02:15:23 --> Unable to connect to the database.
Main connection [MySQLi]: No connection could be made because the target machine actively refused it.

in SYSTEMPATH\Database\BaseConnection.php on line 416.
 1 SYSTEMPATH\Database\BaseConnection.php(586): CodeIgniter\Database\BaseConnection->initialize()
 2 SYSTEMPATH\Database\BaseBuilder.php(1718): CodeIgniter\Database\BaseConnection->query()
 3 APPPATH\Views\layout\back-end\main.php(8): CodeIgniter\Database\BaseBuilder->getWhere()
 4 SYSTEMPATH\View\View.php(213): include('APPPATH\\Views\\layout\\back-end\\main.php')
 5 SYSTEMPATH\View\View.php(216): CodeIgniter\View\View->CodeIgniter\View\{closure}()
 6 SYSTEMPATH\View\View.php(229): CodeIgniter\View\View->render()
 7 SYSTEMPATH\Common.php(1135): CodeIgniter\View\View->render()
 8 APPPATH\Controllers\Dashboard.php(10): view()
 9 SYSTEMPATH\CodeIgniter.php(896): App\Controllers\Dashboard->index()
10 SYSTEMPATH\CodeIgniter.php(466): CodeIgniter\CodeIgniter->runController()
11 SYSTEMPATH\CodeIgniter.php(349): CodeIgniter\CodeIgniter->handleRequest()
12 FCPATH\index.php(55): CodeIgniter\CodeIgniter->run()
13 SYSTEMPATH\Commands\Server\rewrite.php(43): require_once('FCPATH\\index.php')
ERROR - 2022-07-22 02:55:29 --> Column 'id' in field list is ambiguous
CRITICAL - 2022-07-22 02:55:29 --> Column 'id' in field list is ambiguous
in SYSTEMPATH\Database\MySQLi\Connection.php on line 292.
 1 SYSTEMPATH\Database\MySQLi\Connection.php(292): mysqli->query()
 2 SYSTEMPATH\Database\BaseConnection.php(695): CodeIgniter\Database\MySQLi\Connection->execute()
 3 SYSTEMPATH\Database\BaseConnection.php(609): CodeIgniter\Database\BaseConnection->simpleQuery()
 4 SYSTEMPATH\Database\BaseBuilder.php(1585): CodeIgniter\Database\BaseConnection->query()
 5 APPPATH\Models\ProductModel.php(19): CodeIgniter\Database\BaseBuilder->get()
 6 APPPATH\Controllers\Product.php(25): App\Models\ProductModel->getAll()
 7 SYSTEMPATH\CodeIgniter.php(896): App\Controllers\Product->index()
 8 SYSTEMPATH\CodeIgniter.php(466): CodeIgniter\CodeIgniter->runController()
 9 SYSTEMPATH\CodeIgniter.php(349): CodeIgniter\CodeIgniter->handleRequest()
10 FCPATH\index.php(55): CodeIgniter\CodeIgniter->run()
11 SYSTEMPATH\Commands\Server\rewrite.php(43): require_once('FCPATH\\index.php')
ERROR - 2022-07-22 02:55:30 --> Column 'id' in field list is ambiguous
CRITICAL - 2022-07-22 02:55:30 --> Column 'id' in field list is ambiguous
in SYSTEMPATH\Database\MySQLi\Connection.php on line 292.
 1 SYSTEMPATH\Database\MySQLi\Connection.php(292): mysqli->query()
 2 SYSTEMPATH\Database\BaseConnection.php(695): CodeIgniter\Database\MySQLi\Connection->execute()
 3 SYSTEMPATH\Database\BaseConnection.php(609): CodeIgniter\Database\BaseConnection->simpleQuery()
 4 SYSTEMPATH\Database\BaseBuilder.php(1585): CodeIgniter\Database\BaseConnection->query()
 5 APPPATH\Models\ProductModel.php(19): CodeIgniter\Database\BaseBuilder->get()
 6 APPPATH\Controllers\Product.php(25): App\Models\ProductModel->getAll()
 7 SYSTEMPATH\CodeIgniter.php(896): App\Controllers\Product->index()
 8 SYSTEMPATH\CodeIgniter.php(466): CodeIgniter\CodeIgniter->runController()
 9 SYSTEMPATH\CodeIgniter.php(349): CodeIgniter\CodeIgniter->handleRequest()
10 FCPATH\index.php(55): CodeIgniter\CodeIgniter->run()
11 SYSTEMPATH\Commands\Server\rewrite.php(43): require_once('FCPATH\\index.php')
ERROR - 2022-07-22 02:55:30 --> Column 'id' in field list is ambiguous
CRITICAL - 2022-07-22 02:55:30 --> Column 'id' in field list is ambiguous
in SYSTEMPATH\Database\MySQLi\Connection.php on line 292.
 1 SYSTEMPATH\Database\MySQLi\Connection.php(292): mysqli->query()
 2 SYSTEMPATH\Database\BaseConnection.php(695): CodeIgniter\Database\MySQLi\Connection->execute()
 3 SYSTEMPATH\Database\BaseConnection.php(609): CodeIgniter\Database\BaseConnection->simpleQuery()
 4 SYSTEMPATH\Database\BaseBuilder.php(1585): CodeIgniter\Database\BaseConnection->query()
 5 APPPATH\Models\ProductModel.php(19): CodeIgniter\Database\BaseBuilder->get()
 6 APPPATH\Controllers\Product.php(25): App\Models\ProductModel->getAll()
 7 SYSTEMPATH\CodeIgniter.php(896): App\Controllers\Product->index()
 8 SYSTEMPATH\CodeIgniter.php(466): CodeIgniter\CodeIgniter->runController()
 9 SYSTEMPATH\CodeIgniter.php(349): CodeIgniter\CodeIgniter->handleRequest()
10 FCPATH\index.php(55): CodeIgniter\CodeIgniter->run()
11 SYSTEMPATH\Commands\Server\rewrite.php(43): require_once('FCPATH\\index.php')
ERROR - 2022-07-22 02:55:30 --> Column 'id' in field list is ambiguous
CRITICAL - 2022-07-22 02:55:30 --> Column 'id' in field list is ambiguous
in SYSTEMPATH\Database\MySQLi\Connection.php on line 292.
 1 SYSTEMPATH\Database\MySQLi\Connection.php(292): mysqli->query()
 2 SYSTEMPATH\Database\BaseConnection.php(695): CodeIgniter\Database\MySQLi\Connection->execute()
 3 SYSTEMPATH\Database\BaseConnection.php(609): CodeIgniter\Database\BaseConnection->simpleQuery()
 4 SYSTEMPATH\Database\BaseBuilder.php(1585): CodeIgniter\Database\BaseConnection->query()
 5 APPPATH\Models\ProductModel.php(19): CodeIgniter\Database\BaseBuilder->get()
 6 APPPATH\Controllers\Product.php(25): App\Models\ProductModel->getAll()
 7 SYSTEMPATH\CodeIgniter.php(896): App\Controllers\Product->index()
 8 SYSTEMPATH\CodeIgniter.php(466): CodeIgniter\CodeIgniter->runController()
 9 SYSTEMPATH\CodeIgniter.php(349): CodeIgniter\CodeIgniter->handleRequest()
10 FCPATH\index.php(55): CodeIgniter\CodeIgniter->run()
11 SYSTEMPATH\Commands\Server\rewrite.php(43): require_once('FCPATH\\index.php')
ERROR - 2022-07-22 02:55:44 --> Column 'id' in field list is ambiguous
CRITICAL - 2022-07-22 02:55:45 --> Column 'id' in field list is ambiguous
in SYSTEMPATH\Database\MySQLi\Connection.php on line 292.
 1 SYSTEMPATH\Database\MySQLi\Connection.php(292): mysqli->query()
 2 SYSTEMPATH\Database\BaseConnection.php(695): CodeIgniter\Database\MySQLi\Connection->execute()
 3 SYSTEMPATH\Database\BaseConnection.php(609): CodeIgniter\Database\BaseConnection->simpleQuery()
 4 SYSTEMPATH\Database\BaseBuilder.php(1585): CodeIgniter\Database\BaseConnection->query()
 5 APPPATH\Models\ProductModel.php(19): CodeIgniter\Database\BaseBuilder->get()
 6 APPPATH\Controllers\Product.php(25): App\Models\ProductModel->getAll()
 7 SYSTEMPATH\CodeIgniter.php(896): App\Controllers\Product->index()
 8 SYSTEMPATH\CodeIgniter.php(466): CodeIgniter\CodeIgniter->runController()
 9 SYSTEMPATH\CodeIgniter.php(349): CodeIgniter\CodeIgniter->handleRequest()
10 FCPATH\index.php(55): CodeIgniter\CodeIgniter->run()
11 SYSTEMPATH\Commands\Server\rewrite.php(43): require_once('FCPATH\\index.php')
CRITICAL - 2022-07-22 02:56:14 --> Undefined index: name
in APPPATH\Views\back-end\product\data.php on line 61.
 1 APPPATH\Views\back-end\product\data.php(61): CodeIgniter\Debug\Exceptions->errorHandler()
 2 SYSTEMPATH\View\View.php(213): include('APPPATH\\Views\\back-end\\product\\data.php')
 3 SYSTEMPATH\View\View.php(216): CodeIgniter\View\View->CodeIgniter\View\{closure}()
 4 SYSTEMPATH\Common.php(1135): CodeIgniter\View\View->render()
 5 APPPATH\Controllers\Product.php(28): view()
 6 SYSTEMPATH\CodeIgniter.php(896): App\Controllers\Product->index()
 7 SYSTEMPATH\CodeIgniter.php(466): CodeIgniter\CodeIgniter->runController()
 8 SYSTEMPATH\CodeIgniter.php(349): CodeIgniter\CodeIgniter->handleRequest()
 9 FCPATH\index.php(55): CodeIgniter\CodeIgniter->run()
10 SYSTEMPATH\Commands\Server\rewrite.php(43): require_once('FCPATH\\index.php')
CRITICAL - 2022-07-22 02:56:29 --> Undefined index: name
in APPPATH\Views\back-end\product\data.php on line 61.
 1 APPPATH\Views\back-end\product\data.php(61): CodeIgniter\Debug\Exceptions->errorHandler()
 2 SYSTEMPATH\View\View.php(213): include('APPPATH\\Views\\back-end\\product\\data.php')
 3 SYSTEMPATH\View\View.php(216): CodeIgniter\View\View->CodeIgniter\View\{closure}()
 4 SYSTEMPATH\Common.php(1135): CodeIgniter\View\View->render()
 5 APPPATH\Controllers\Product.php(28): view()
 6 SYSTEMPATH\CodeIgniter.php(896): App\Controllers\Product->index()
 7 SYSTEMPATH\CodeIgniter.php(466): CodeIgniter\CodeIgniter->runController()
 8 SYSTEMPATH\CodeIgniter.php(349): CodeIgniter\CodeIgniter->handleRequest()
 9 FCPATH\index.php(55): CodeIgniter\CodeIgniter->run()
10 SYSTEMPATH\Commands\Server\rewrite.php(43): require_once('FCPATH\\index.php')
CRITICAL - 2022-07-22 02:56:31 --> Undefined index: name
in APPPATH\Views\back-end\product\data.php on line 61.
 1 APPPATH\Views\back-end\product\data.php(61): CodeIgniter\Debug\Exceptions->errorHandler()
 2 SYSTEMPATH\View\View.php(213): include('APPPATH\\Views\\back-end\\product\\data.php')
 3 SYSTEMPATH\View\View.php(216): CodeIgniter\View\View->CodeIgniter\View\{closure}()
 4 SYSTEMPATH\Common.php(1135): CodeIgniter\View\View->render()
 5 APPPATH\Controllers\Product.php(28): view()
 6 SYSTEMPATH\CodeIgniter.php(896): App\Controllers\Product->index()
 7 SYSTEMPATH\CodeIgniter.php(466): CodeIgniter\CodeIgniter->runController()
 8 SYSTEMPATH\CodeIgniter.php(349): CodeIgniter\CodeIgniter->handleRequest()
 9 FCPATH\index.php(55): CodeIgniter\CodeIgniter->run()
10 SYSTEMPATH\Commands\Server\rewrite.php(43): require_once('FCPATH\\index.php')
CRITICAL - 2022-07-22 02:56:32 --> Undefined index: name
in APPPATH\Views\back-end\product\data.php on line 61.
 1 APPPATH\Views\back-end\product\data.php(61): CodeIgniter\Debug\Exceptions->errorHandler()
 2 SYSTEMPATH\View\View.php(213): include('APPPATH\\Views\\back-end\\product\\data.php')
 3 SYSTEMPATH\View\View.php(216): CodeIgniter\View\View->CodeIgniter\View\{closure}()
 4 SYSTEMPATH\Common.php(1135): CodeIgniter\View\View->render()
 5 APPPATH\Controllers\Product.php(28): view()
 6 SYSTEMPATH\CodeIgniter.php(896): App\Controllers\Product->index()
 7 SYSTEMPATH\CodeIgniter.php(466): CodeIgniter\CodeIgniter->runController()
 8 SYSTEMPATH\CodeIgniter.php(349): CodeIgniter\CodeIgniter->handleRequest()
 9 FCPATH\index.php(55): CodeIgniter\CodeIgniter->run()
10 SYSTEMPATH\Commands\Server\rewrite.php(43): require_once('FCPATH\\index.php')
CRITICAL - 2022-07-22 02:56:40 --> Undefined index: name
in APPPATH\Views\back-end\product\data.php on line 61.
 1 APPPATH\Views\back-end\product\data.php(61): CodeIgniter\Debug\Exceptions->errorHandler()
 2 SYSTEMPATH\View\View.php(213): include('APPPATH\\Views\\back-end\\product\\data.php')
 3 SYSTEMPATH\View\View.php(216): CodeIgniter\View\View->CodeIgniter\View\{closure}()
 4 SYSTEMPATH\Common.php(1135): CodeIgniter\View\View->render()
 5 APPPATH\Controllers\Product.php(28): view()
 6 SYSTEMPATH\CodeIgniter.php(896): App\Controllers\Product->index()
 7 SYSTEMPATH\CodeIgniter.php(466): CodeIgniter\CodeIgniter->runController()
 8 SYSTEMPATH\CodeIgniter.php(349): CodeIgniter\CodeIgniter->handleRequest()
 9 FCPATH\index.php(55): CodeIgniter\CodeIgniter->run()
10 SYSTEMPATH\Commands\Server\rewrite.php(43): require_once('FCPATH\\index.php')
CRITICAL - 2022-07-22 02:56:41 --> Undefined index: name
in APPPATH\Views\back-end\product\data.php on line 61.
 1 APPPATH\Views\back-end\product\data.php(61): CodeIgniter\Debug\Exceptions->errorHandler()
 2 SYSTEMPATH\View\View.php(213): include('APPPATH\\Views\\back-end\\product\\data.php')
 3 SYSTEMPATH\View\View.php(216): CodeIgniter\View\View->CodeIgniter\View\{closure}()
 4 SYSTEMPATH\Common.php(1135): CodeIgniter\View\View->render()
 5 APPPATH\Controllers\Product.php(28): view()
 6 SYSTEMPATH\CodeIgniter.php(896): App\Controllers\Product->index()
 7 SYSTEMPATH\CodeIgniter.php(466): CodeIgniter\CodeIgniter->runController()
 8 SYSTEMPATH\CodeIgniter.php(349): CodeIgniter\CodeIgniter->handleRequest()
 9 FCPATH\index.php(55): CodeIgniter\CodeIgniter->run()
10 SYSTEMPATH\Commands\Server\rewrite.php(43): require_once('FCPATH\\index.php')
ERROR - 2022-07-22 03:17:41 --> Unknown column 'id' in 'where clause'
CRITICAL - 2022-07-22 03:17:41 --> Unknown column 'id' in 'where clause'
in SYSTEMPATH\Database\MySQLi\Connection.php on line 292.
 1 SYSTEMPATH\Database\MySQLi\Connection.php(292): mysqli->query()
 2 SYSTEMPATH\Database\BaseConnection.php(695): CodeIgniter\Database\MySQLi\Connection->execute()
 3 SYSTEMPATH\Database\BaseConnection.php(609): CodeIgniter\Database\BaseConnection->simpleQuery()
 4 SYSTEMPATH\Database\BaseBuilder.php(1718): CodeIgniter\Database\BaseConnection->query()
 5 APPPATH\Controllers\Discount.php(58): CodeIgniter\Database\BaseBuilder->getWhere()
 6 SYSTEMPATH\CodeIgniter.php(896): App\Controllers\Discount->edit()
 7 SYSTEMPATH\CodeIgniter.php(466): CodeIgniter\CodeIgniter->runController()
 8 SYSTEMPATH\CodeIgniter.php(349): CodeIgniter\CodeIgniter->handleRequest()
 9 FCPATH\index.php(55): CodeIgniter\CodeIgniter->run()
10 SYSTEMPATH\Commands\Server\rewrite.php(43): require_once('FCPATH\\index.php')
ERROR - 2022-07-22 03:18:11 --> Unknown column 'id' in 'where clause'
CRITICAL - 2022-07-22 03:18:11 --> Unknown column 'id' in 'where clause'
in SYSTEMPATH\Database\MySQLi\Connection.php on line 292.
 1 SYSTEMPATH\Database\MySQLi\Connection.php(292): mysqli->query()
 2 SYSTEMPATH\Database\BaseConnection.php(695): CodeIgniter\Database\MySQLi\Connection->execute()
 3 SYSTEMPATH\Database\BaseConnection.php(609): CodeIgniter\Database\BaseConnection->simpleQuery()
 4 SYSTEMPATH\Database\BaseBuilder.php(1718): CodeIgniter\Database\BaseConnection->query()
 5 APPPATH\Controllers\Discount.php(58): CodeIgniter\Database\BaseBuilder->getWhere()
 6 SYSTEMPATH\CodeIgniter.php(896): App\Controllers\Discount->edit()
 7 SYSTEMPATH\CodeIgniter.php(466): CodeIgniter\CodeIgniter->runController()
 8 SYSTEMPATH\CodeIgniter.php(349): CodeIgniter\CodeIgniter->handleRequest()
 9 FCPATH\index.php(55): CodeIgniter\CodeIgniter->run()
10 SYSTEMPATH\Commands\Server\rewrite.php(43): require_once('FCPATH\\index.php')
ERROR - 2022-07-22 03:18:53 --> Unknown column 'id' in 'where clause'
CRITICAL - 2022-07-22 03:18:53 --> Unknown column 'id' in 'where clause'
in SYSTEMPATH\Database\MySQLi\Connection.php on line 292.
 1 SYSTEMPATH\Database\MySQLi\Connection.php(292): mysqli->query()
 2 SYSTEMPATH\Database\BaseConnection.php(695): CodeIgniter\Database\MySQLi\Connection->execute()
 3 SYSTEMPATH\Database\BaseConnection.php(609): CodeIgniter\Database\BaseConnection->simpleQuery()
 4 SYSTEMPATH\Database\BaseBuilder.php(1718): CodeIgniter\Database\BaseConnection->query()
 5 APPPATH\Controllers\Discount.php(58): CodeIgniter\Database\BaseBuilder->getWhere()
 6 SYSTEMPATH\CodeIgniter.php(896): App\Controllers\Discount->edit()
 7 SYSTEMPATH\CodeIgniter.php(466): CodeIgniter\CodeIgniter->runController()
 8 SYSTEMPATH\CodeIgniter.php(349): CodeIgniter\CodeIgniter->handleRequest()
 9 FCPATH\index.php(55): CodeIgniter\CodeIgniter->run()
10 SYSTEMPATH\Commands\Server\rewrite.php(43): require_once('FCPATH\\index.php')
ERROR - 2022-07-22 03:18:55 --> Unknown column 'id' in 'where clause'
CRITICAL - 2022-07-22 03:18:55 --> Unknown column 'id' in 'where clause'
in SYSTEMPATH\Database\MySQLi\Connection.php on line 292.
 1 SYSTEMPATH\Database\MySQLi\Connection.php(292): mysqli->query()
 2 SYSTEMPATH\Database\BaseConnection.php(695): CodeIgniter\Database\MySQLi\Connection->execute()
 3 SYSTEMPATH\Database\BaseConnection.php(609): CodeIgniter\Database\BaseConnection->simpleQuery()
 4 SYSTEMPATH\Database\BaseBuilder.php(1718): CodeIgniter\Database\BaseConnection->query()
 5 APPPATH\Controllers\Discount.php(58): CodeIgniter\Database\BaseBuilder->getWhere()
 6 SYSTEMPATH\CodeIgniter.php(896): App\Controllers\Discount->edit()
 7 SYSTEMPATH\CodeIgniter.php(466): CodeIgniter\CodeIgniter->runController()
 8 SYSTEMPATH\CodeIgniter.php(349): CodeIgniter\CodeIgniter->handleRequest()
 9 FCPATH\index.php(55): CodeIgniter\CodeIgniter->run()
10 SYSTEMPATH\Commands\Server\rewrite.php(43): require_once('FCPATH\\index.php')
ERROR - 2022-07-22 03:19:52 --> Unknown column 'id' in 'where clause'
CRITICAL - 2022-07-22 03:19:52 --> Unknown column 'id' in 'where clause'
in SYSTEMPATH\Database\MySQLi\Connection.php on line 292.
 1 SYSTEMPATH\Database\MySQLi\Connection.php(292): mysqli->query()
 2 SYSTEMPATH\Database\BaseConnection.php(695): CodeIgniter\Database\MySQLi\Connection->execute()
 3 SYSTEMPATH\Database\BaseConnection.php(609): CodeIgniter\Database\BaseConnection->simpleQuery()
 4 SYSTEMPATH\Database\BaseBuilder.php(1718): CodeIgniter\Database\BaseConnection->query()
 5 APPPATH\Controllers\Category.php(51): CodeIgniter\Database\BaseBuilder->getWhere()
 6 SYSTEMPATH\CodeIgniter.php(896): App\Controllers\Category->edit()
 7 SYSTEMPATH\CodeIgniter.php(466): CodeIgniter\CodeIgniter->runController()
 8 SYSTEMPATH\CodeIgniter.php(349): CodeIgniter\CodeIgniter->handleRequest()
 9 FCPATH\index.php(55): CodeIgniter\CodeIgniter->run()
10 SYSTEMPATH\Commands\Server\rewrite.php(43): require_once('FCPATH\\index.php')
ERROR - 2022-07-22 03:21:27 --> Unknown column 'id' in 'where clause'
CRITICAL - 2022-07-22 03:21:27 --> Unknown column 'id' in 'where clause'
in SYSTEMPATH\Database\MySQLi\Connection.php on line 292.
 1 SYSTEMPATH\Database\MySQLi\Connection.php(292): mysqli->query()
 2 SYSTEMPATH\Database\BaseConnection.php(695): CodeIgniter\Database\MySQLi\Connection->execute()
 3 SYSTEMPATH\Database\BaseConnection.php(609): CodeIgniter\Database\BaseConnection->simpleQuery()
 4 SYSTEMPATH\Database\BaseBuilder.php(2046): CodeIgniter\Database\BaseConnection->query()
 5 APPPATH\Controllers\Category.php(79): CodeIgniter\Database\BaseBuilder->update()
 6 SYSTEMPATH\CodeIgniter.php(896): App\Controllers\Category->update()
 7 SYSTEMPATH\CodeIgniter.php(466): CodeIgniter\CodeIgniter->runController()
 8 SYSTEMPATH\CodeIgniter.php(349): CodeIgniter\CodeIgniter->handleRequest()
 9 FCPATH\index.php(55): CodeIgniter\CodeIgniter->run()
10 SYSTEMPATH\Commands\Server\rewrite.php(43): require_once('FCPATH\\index.php')
CRITICAL - 2022-07-22 03:26:18 --> Undefined index: id
in APPPATH\Views\back-end\product\add.php on line 59.
 1 APPPATH\Views\back-end\product\add.php(59): CodeIgniter\Debug\Exceptions->errorHandler()
 2 SYSTEMPATH\View\View.php(213): include('APPPATH\\Views\\back-end\\product\\add.php')
 3 SYSTEMPATH\View\View.php(216): CodeIgniter\View\View->CodeIgniter\View\{closure}()
 4 SYSTEMPATH\Common.php(1135): CodeIgniter\View\View->render()
 5 APPPATH\Controllers\Product.php(39): view()
 6 SYSTEMPATH\CodeIgniter.php(896): App\Controllers\Product->add()
 7 SYSTEMPATH\CodeIgniter.php(466): CodeIgniter\CodeIgniter->runController()
 8 SYSTEMPATH\CodeIgniter.php(349): CodeIgniter\CodeIgniter->handleRequest()
 9 FCPATH\index.php(55): CodeIgniter\CodeIgniter->run()
10 SYSTEMPATH\Commands\Server\rewrite.php(43): require_once('FCPATH\\index.php')
CRITICAL - 2022-07-22 03:32:25 --> Undefined variable: category
in APPPATH\Views\back-end\product\edit.php on line 58.
 1 APPPATH\Views\back-end\product\edit.php(58): CodeIgniter\Debug\Exceptions->errorHandler()
 2 SYSTEMPATH\View\View.php(213): include('APPPATH\\Views\\back-end\\product\\edit.php')
 3 SYSTEMPATH\View\View.php(216): CodeIgniter\View\View->CodeIgniter\View\{closure}()
 4 SYSTEMPATH\Common.php(1135): CodeIgniter\View\View->render()
 5 APPPATH\Controllers\Product.php(93): view()
 6 SYSTEMPATH\CodeIgniter.php(896): App\Controllers\Product->edit()
 7 SYSTEMPATH\CodeIgniter.php(466): CodeIgniter\CodeIgniter->runController()
 8 SYSTEMPATH\CodeIgniter.php(349): CodeIgniter\CodeIgniter->handleRequest()
 9 FCPATH\index.php(55): CodeIgniter\CodeIgniter->run()
10 SYSTEMPATH\Commands\Server\rewrite.php(43): require_once('FCPATH\\index.php')
CRITICAL - 2022-07-22 03:36:12 --> Undefined variable: category
in APPPATH\Views\back-end\product\edit.php on line 58.
 1 APPPATH\Views\back-end\product\edit.php(58): CodeIgniter\Debug\Exceptions->errorHandler()
 2 SYSTEMPATH\View\View.php(213): include('APPPATH\\Views\\back-end\\product\\edit.php')
 3 SYSTEMPATH\View\View.php(216): CodeIgniter\View\View->CodeIgniter\View\{closure}()
 4 SYSTEMPATH\Common.php(1135): CodeIgniter\View\View->render()
 5 APPPATH\Controllers\Product.php(93): view()
 6 SYSTEMPATH\CodeIgniter.php(896): App\Controllers\Product->edit()
 7 SYSTEMPATH\CodeIgniter.php(466): CodeIgniter\CodeIgniter->runController()
 8 SYSTEMPATH\CodeIgniter.php(349): CodeIgniter\CodeIgniter->handleRequest()
 9 FCPATH\index.php(55): CodeIgniter\CodeIgniter->run()
10 SYSTEMPATH\Commands\Server\rewrite.php(43): require_once('FCPATH\\index.php')
CRITICAL - 2022-07-22 03:43:47 --> Undefined property: App\Controllers\Product::$categpry
in APPPATH\Controllers\Product.php on line 91.
 1 APPPATH\Controllers\Product.php(91): CodeIgniter\Debug\Exceptions->errorHandler()
 2 SYSTEMPATH\CodeIgniter.php(896): App\Controllers\Product->edit()
 3 SYSTEMPATH\CodeIgniter.php(466): CodeIgniter\CodeIgniter->runController()
 4 SYSTEMPATH\CodeIgniter.php(349): CodeIgniter\CodeIgniter->handleRequest()
 5 FCPATH\index.php(55): CodeIgniter\CodeIgniter->run()
 6 SYSTEMPATH\Commands\Server\rewrite.php(43): require_once('FCPATH\\index.php')
CRITICAL - 2022-07-22 03:44:53 --> Cannot use object of type stdClass as array
in APPPATH\Views\back-end\product\edit.php on line 29.
 1 SYSTEMPATH\View\View.php(213): include()
 2 SYSTEMPATH\View\View.php(216): CodeIgniter\View\View->CodeIgniter\View\{closure}()
 3 SYSTEMPATH\Common.php(1135): CodeIgniter\View\View->render()
 4 APPPATH\Controllers\Product.php(95): view()
 5 SYSTEMPATH\CodeIgniter.php(896): App\Controllers\Product->edit()
 6 SYSTEMPATH\CodeIgniter.php(466): CodeIgniter\CodeIgniter->runController()
 7 SYSTEMPATH\CodeIgniter.php(349): CodeIgniter\CodeIgniter->handleRequest()
 8 FCPATH\index.php(55): CodeIgniter\CodeIgniter->run()
 9 SYSTEMPATH\Commands\Server\rewrite.php(43): require_once('FCPATH\\index.php')
CRITICAL - 2022-07-22 03:46:03 --> Illegal string offset 'name'
in APPPATH\Views\back-end\product\edit.php on line 30.
 1 APPPATH\Views\back-end\product\edit.php(30): CodeIgniter\Debug\Exceptions->errorHandler()
 2 SYSTEMPATH\View\View.php(213): include('APPPATH\\Views\\back-end\\product\\edit.php')
 3 SYSTEMPATH\View\View.php(216): CodeIgniter\View\View->CodeIgniter\View\{closure}()
 4 SYSTEMPATH\Common.php(1135): CodeIgniter\View\View->render()
 5 APPPATH\Controllers\Product.php(95): view()
 6 SYSTEMPATH\CodeIgniter.php(896): App\Controllers\Product->edit()
 7 SYSTEMPATH\CodeIgniter.php(466): CodeIgniter\CodeIgniter->runController()
 8 SYSTEMPATH\CodeIgniter.php(349): CodeIgniter\CodeIgniter->handleRequest()
 9 FCPATH\index.php(55): CodeIgniter\CodeIgniter->run()
10 SYSTEMPATH\Commands\Server\rewrite.php(43): require_once('FCPATH\\index.php')
CRITICAL - 2022-07-22 03:57:53 --> Trying to get property 'category_id' of non-object
in APPPATH\Views\back-end\product\edit.php on line 60.
 1 APPPATH\Views\back-end\product\edit.php(60): CodeIgniter\Debug\Exceptions->errorHandler()
 2 SYSTEMPATH\View\View.php(213): include('APPPATH\\Views\\back-end\\product\\edit.php')
 3 SYSTEMPATH\View\View.php(216): CodeIgniter\View\View->CodeIgniter\View\{closure}()
 4 SYSTEMPATH\Common.php(1135): CodeIgniter\View\View->render()
 5 APPPATH\Controllers\Product.php(95): view()
 6 SYSTEMPATH\CodeIgniter.php(896): App\Controllers\Product->edit()
 7 SYSTEMPATH\CodeIgniter.php(466): CodeIgniter\CodeIgniter->runController()
 8 SYSTEMPATH\CodeIgniter.php(349): CodeIgniter\CodeIgniter->handleRequest()
 9 FCPATH\index.php(55): CodeIgniter\CodeIgniter->run()
10 SYSTEMPATH\Commands\Server\rewrite.php(43): require_once('FCPATH\\index.php')
CRITICAL - 2022-07-22 04:19:44 --> A non-numeric value encountered
in APPPATH\Controllers\Product.php on line 113.
 1 APPPATH\Controllers\Product.php(113): CodeIgniter\Debug\Exceptions->errorHandler()
 2 SYSTEMPATH\CodeIgniter.php(896): App\Controllers\Product->update()
 3 SYSTEMPATH\CodeIgniter.php(466): CodeIgniter\CodeIgniter->runController()
 4 SYSTEMPATH\CodeIgniter.php(349): CodeIgniter\CodeIgniter->handleRequest()
 5 FCPATH\index.php(55): CodeIgniter\CodeIgniter->run()
 6 SYSTEMPATH\Commands\Server\rewrite.php(43): require_once('FCPATH\\index.php')
CRITICAL - 2022-07-22 04:20:21 --> Cannot use object of type CodeIgniter\Database\MySQLi\Result as array
in APPPATH\Controllers\Product.php on line 136.
 1 SYSTEMPATH\CodeIgniter.php(896): App\Controllers\Product->update()
 2 SYSTEMPATH\CodeIgniter.php(466): CodeIgniter\CodeIgniter->runController()
 3 SYSTEMPATH\CodeIgniter.php(349): CodeIgniter\CodeIgniter->handleRequest()
 4 FCPATH\index.php(55): CodeIgniter\CodeIgniter->run()
 5 SYSTEMPATH\Commands\Server\rewrite.php(43): require_once('FCPATH\\index.php')
CRITICAL - 2022-07-22 04:21:19 --> Undefined property: CodeIgniter\Database\MySQLi\Result::$image
in APPPATH\Controllers\Product.php on line 136.
 1 APPPATH\Controllers\Product.php(136): CodeIgniter\Debug\Exceptions->errorHandler()
 2 SYSTEMPATH\CodeIgniter.php(896): App\Controllers\Product->update()
 3 SYSTEMPATH\CodeIgniter.php(466): CodeIgniter\CodeIgniter->runController()
 4 SYSTEMPATH\CodeIgniter.php(349): CodeIgniter\CodeIgniter->handleRequest()
 5 FCPATH\index.php(55): CodeIgniter\CodeIgniter->run()
 6 SYSTEMPATH\Commands\Server\rewrite.php(43): require_once('FCPATH\\index.php')
CRITICAL - 2022-07-22 04:21:40 --> Undefined property: CodeIgniter\Database\MySQLi\Result::$image
in APPPATH\Controllers\Product.php on line 136.
 1 APPPATH\Controllers\Product.php(136): CodeIgniter\Debug\Exceptions->errorHandler()
 2 SYSTEMPATH\CodeIgniter.php(896): App\Controllers\Product->update()
 3 SYSTEMPATH\CodeIgniter.php(466): CodeIgniter\CodeIgniter->runController()
 4 SYSTEMPATH\CodeIgniter.php(349): CodeIgniter\CodeIgniter->handleRequest()
 5 FCPATH\index.php(55): CodeIgniter\CodeIgniter->run()
 6 SYSTEMPATH\Commands\Server\rewrite.php(43): require_once('FCPATH\\index.php')
CRITICAL - 2022-07-22 04:22:25 --> Undefined variable: param
in APPPATH\Controllers\Product.php on line 151.
 1 APPPATH\Controllers\Product.php(151): CodeIgniter\Debug\Exceptions->errorHandler()
 2 SYSTEMPATH\CodeIgniter.php(896): App\Controllers\Product->update()
 3 SYSTEMPATH\CodeIgniter.php(466): CodeIgniter\CodeIgniter->runController()
 4 SYSTEMPATH\CodeIgniter.php(349): CodeIgniter\CodeIgniter->handleRequest()
 5 FCPATH\index.php(55): CodeIgniter\CodeIgniter->run()
 6 SYSTEMPATH\Commands\Server\rewrite.php(43): require_once('FCPATH\\index.php')
CRITICAL - 2022-07-22 04:23:05 --> A non-numeric value encountered
in APPPATH\Controllers\Product.php on line 113.
 1 APPPATH\Controllers\Product.php(113): CodeIgniter\Debug\Exceptions->errorHandler()
 2 SYSTEMPATH\CodeIgniter.php(896): App\Controllers\Product->update()
 3 SYSTEMPATH\CodeIgniter.php(466): CodeIgniter\CodeIgniter->runController()
 4 SYSTEMPATH\CodeIgniter.php(349): CodeIgniter\CodeIgniter->handleRequest()
 5 FCPATH\index.php(55): CodeIgniter\CodeIgniter->run()
 6 SYSTEMPATH\Commands\Server\rewrite.php(43): require_once('FCPATH\\index.php')
CRITICAL - 2022-07-22 04:23:59 --> Undefined index: discount_percent
in APPPATH\Views\back-end\product\edit.php on line 103.
 1 APPPATH\Views\back-end\product\edit.php(103): CodeIgniter\Debug\Exceptions->errorHandler()
 2 SYSTEMPATH\View\View.php(213): include('APPPATH\\Views\\back-end\\product\\edit.php')
 3 SYSTEMPATH\View\View.php(216): CodeIgniter\View\View->CodeIgniter\View\{closure}()
 4 SYSTEMPATH\Common.php(1135): CodeIgniter\View\View->render()
 5 APPPATH\Controllers\Product.php(95): view()
 6 SYSTEMPATH\CodeIgniter.php(896): App\Controllers\Product->edit()
 7 SYSTEMPATH\CodeIgniter.php(466): CodeIgniter\CodeIgniter->runController()
 8 SYSTEMPATH\CodeIgniter.php(349): CodeIgniter\CodeIgniter->handleRequest()
 9 FCPATH\index.php(55): CodeIgniter\CodeIgniter->run()
10 SYSTEMPATH\Commands\Server\rewrite.php(43): require_once('FCPATH\\index.php')
CRITICAL - 2022-07-22 04:24:35 --> A non-numeric value encountered
in APPPATH\Controllers\Product.php on line 113.
 1 APPPATH\Controllers\Product.php(113): CodeIgniter\Debug\Exceptions->errorHandler()
 2 SYSTEMPATH\CodeIgniter.php(896): App\Controllers\Product->update()
 3 SYSTEMPATH\CodeIgniter.php(466): CodeIgniter\CodeIgniter->runController()
 4 SYSTEMPATH\CodeIgniter.php(349): CodeIgniter\CodeIgniter->handleRequest()
 5 FCPATH\index.php(55): CodeIgniter\CodeIgniter->run()
 6 SYSTEMPATH\Commands\Server\rewrite.php(43): require_once('FCPATH\\index.php')
CRITICAL - 2022-07-22 04:25:00 --> Cannot use object of type stdClass as array
in APPPATH\Controllers\Product.php on line 127.
 1 SYSTEMPATH\CodeIgniter.php(896): App\Controllers\Product->update()
 2 SYSTEMPATH\CodeIgniter.php(466): CodeIgniter\CodeIgniter->runController()
 3 SYSTEMPATH\CodeIgniter.php(349): CodeIgniter\CodeIgniter->handleRequest()
 4 FCPATH\index.php(55): CodeIgniter\CodeIgniter->run()
 5 SYSTEMPATH\Commands\Server\rewrite.php(43): require_once('FCPATH\\index.php')
CRITICAL - 2022-07-22 04:26:04 --> A non-numeric value encountered
in APPPATH\Controllers\Product.php on line 113.
 1 APPPATH\Controllers\Product.php(113): CodeIgniter\Debug\Exceptions->errorHandler()
 2 SYSTEMPATH\CodeIgniter.php(896): App\Controllers\Product->update()
 3 SYSTEMPATH\CodeIgniter.php(466): CodeIgniter\CodeIgniter->runController()
 4 SYSTEMPATH\CodeIgniter.php(349): CodeIgniter\CodeIgniter->handleRequest()
 5 FCPATH\index.php(55): CodeIgniter\CodeIgniter->run()
 6 SYSTEMPATH\Commands\Server\rewrite.php(43): require_once('FCPATH\\index.php')
CRITICAL - 2022-07-22 04:27:35 --> A non-numeric value encountered
in APPPATH\Controllers\Product.php on line 113.
 1 APPPATH\Controllers\Product.php(113): CodeIgniter\Debug\Exceptions->errorHandler()
 2 SYSTEMPATH\CodeIgniter.php(896): App\Controllers\Product->update()
 3 SYSTEMPATH\CodeIgniter.php(466): CodeIgniter\CodeIgniter->runController()
 4 SYSTEMPATH\CodeIgniter.php(349): CodeIgniter\CodeIgniter->handleRequest()
 5 FCPATH\index.php(55): CodeIgniter\CodeIgniter->run()
 6 SYSTEMPATH\Commands\Server\rewrite.php(43): require_once('FCPATH\\index.php')
ERROR - 2022-07-22 10:50:52 --> Error connecting to the database: No connection could be made because the target machine actively refused it.

CRITICAL - 2022-07-22 10:50:53 --> Unable to connect to the database.
Main connection [MySQLi]: No connection could be made because the target machine actively refused it.

in SYSTEMPATH\Database\BaseConnection.php on line 416.
 1 SYSTEMPATH\Database\BaseConnection.php(586): CodeIgniter\Database\BaseConnection->initialize()
 2 SYSTEMPATH\Database\BaseBuilder.php(1718): CodeIgniter\Database\BaseConnection->query()
 3 APPPATH\Views\layout\auth\main.php(8): CodeIgniter\Database\BaseBuilder->getWhere()
 4 SYSTEMPATH\View\View.php(213): include('APPPATH\\Views\\layout\\auth\\main.php')
 5 SYSTEMPATH\View\View.php(216): CodeIgniter\View\View->CodeIgniter\View\{closure}()
 6 SYSTEMPATH\View\View.php(229): CodeIgniter\View\View->render()
 7 SYSTEMPATH\Common.php(1135): CodeIgniter\View\View->render()
 8 APPPATH\Controllers\Auth.php(24): view()
 9 SYSTEMPATH\CodeIgniter.php(896): App\Controllers\Auth->index()
10 SYSTEMPATH\CodeIgniter.php(466): CodeIgniter\CodeIgniter->runController()
11 SYSTEMPATH\CodeIgniter.php(349): CodeIgniter\CodeIgniter->handleRequest()
12 FCPATH\index.php(55): CodeIgniter\CodeIgniter->run()
13 SYSTEMPATH\Commands\Server\rewrite.php(43): require_once('FCPATH\\index.php')
