CRITICAL - 2022-08-05 00:54:41 --> CURL Error: Could not resolve host: app.sandbox.midtrans.com
in VENDORPATH\midtrans\midtrans-php\Midtrans\ApiRequestor.php on line 156.
 1 VENDORPATH\midtrans\midtrans-php\Midtrans\ApiRequestor.php(39): Midtrans\ApiRequestor::remoteCall()
 2 VENDORPATH\midtrans\midtrans-php\Midtrans\Snap.php(109): Midtrans\ApiRequestor::post()
 3 VENDORPATH\midtrans\midtrans-php\Midtrans\Snap.php(36): Midtrans\Snap::createTransaction()
 4 APPPATH\Controllers\Payment.php(28): Midtrans\Snap::getSnapToken()
 5 SYSTEMPATH\CodeIgniter.php(896): App\Controllers\Payment->index()
 6 SYSTEMPATH\CodeIgniter.php(466): CodeIgniter\CodeIgniter->runController()
 7 SYSTEMPATH\CodeIgniter.php(349): CodeIgniter\CodeIgniter->handleRequest()
 8 FCPATH\index.php(55): CodeIgniter\CodeIgniter->run()
 9 SYSTEMPATH\Commands\Server\rewrite.php(43): require_once('FCPATH\\index.php')
CRITICAL - 2022-08-05 00:57:51 --> CURL Error: SSL certificate problem: unable to get local issuer certificate
in VENDORPATH\midtrans\midtrans-php\Midtrans\ApiRequestor.php on line 156.
 1 VENDORPATH\midtrans\midtrans-php\Midtrans\ApiRequestor.php(39): Midtrans\ApiRequestor::remoteCall()
 2 VENDORPATH\midtrans\midtrans-php\Midtrans\Snap.php(109): Midtrans\ApiRequestor::post()
 3 VENDORPATH\midtrans\midtrans-php\Midtrans\Snap.php(36): Midtrans\Snap::createTransaction()
 4 APPPATH\Controllers\Payment.php(28): Midtrans\Snap::getSnapToken()
 5 SYSTEMPATH\CodeIgniter.php(896): App\Controllers\Payment->index()
 6 SYSTEMPATH\CodeIgniter.php(466): CodeIgniter\CodeIgniter->runController()
 7 SYSTEMPATH\CodeIgniter.php(349): CodeIgniter\CodeIgniter->handleRequest()
 8 FCPATH\index.php(55): CodeIgniter\CodeIgniter->run()
 9 SYSTEMPATH\Commands\Server\rewrite.php(43): require_once('FCPATH\\index.php')
CRITICAL - 2022-08-05 00:57:58 --> CURL Error: SSL certificate problem: unable to get local issuer certificate
in VENDORPATH\midtrans\midtrans-php\Midtrans\ApiRequestor.php on line 156.
 1 VENDORPATH\midtrans\midtrans-php\Midtrans\ApiRequestor.php(39): Midtrans\ApiRequestor::remoteCall()
 2 VENDORPATH\midtrans\midtrans-php\Midtrans\Snap.php(109): Midtrans\ApiRequestor::post()
 3 VENDORPATH\midtrans\midtrans-php\Midtrans\Snap.php(36): Midtrans\Snap::createTransaction()
 4 APPPATH\Controllers\Payment.php(28): Midtrans\Snap::getSnapToken()
 5 SYSTEMPATH\CodeIgniter.php(896): App\Controllers\Payment->index()
 6 SYSTEMPATH\CodeIgniter.php(466): CodeIgniter\CodeIgniter->runController()
 7 SYSTEMPATH\CodeIgniter.php(349): CodeIgniter\CodeIgniter->handleRequest()
 8 FCPATH\index.php(55): CodeIgniter\CodeIgniter->run()
 9 SYSTEMPATH\Commands\Server\rewrite.php(43): require_once('FCPATH\\index.php')
CRITICAL - 2022-08-05 00:58:02 --> CURL Error: SSL certificate problem: unable to get local issuer certificate
in VENDORPATH\midtrans\midtrans-php\Midtrans\ApiRequestor.php on line 156.
 1 VENDORPATH\midtrans\midtrans-php\Midtrans\ApiRequestor.php(39): Midtrans\ApiRequestor::remoteCall()
 2 VENDORPATH\midtrans\midtrans-php\Midtrans\Snap.php(109): Midtrans\ApiRequestor::post()
 3 VENDORPATH\midtrans\midtrans-php\Midtrans\Snap.php(36): Midtrans\Snap::createTransaction()
 4 APPPATH\Controllers\Payment.php(28): Midtrans\Snap::getSnapToken()
 5 SYSTEMPATH\CodeIgniter.php(896): App\Controllers\Payment->index()
 6 SYSTEMPATH\CodeIgniter.php(466): CodeIgniter\CodeIgniter->runController()
 7 SYSTEMPATH\CodeIgniter.php(349): CodeIgniter\CodeIgniter->handleRequest()
 8 FCPATH\index.php(55): CodeIgniter\CodeIgniter->run()
 9 SYSTEMPATH\Commands\Server\rewrite.php(43): require_once('FCPATH\\index.php')
CRITICAL - 2022-08-05 00:58:17 --> CURL Error: SSL certificate problem: unable to get local issuer certificate
in VENDORPATH\midtrans\midtrans-php\Midtrans\ApiRequestor.php on line 156.
 1 VENDORPATH\midtrans\midtrans-php\Midtrans\ApiRequestor.php(39): Midtrans\ApiRequestor::remoteCall()
 2 VENDORPATH\midtrans\midtrans-php\Midtrans\Snap.php(109): Midtrans\ApiRequestor::post()
 3 VENDORPATH\midtrans\midtrans-php\Midtrans\Snap.php(36): Midtrans\Snap::createTransaction()
 4 APPPATH\Controllers\Payment.php(28): Midtrans\Snap::getSnapToken()
 5 SYSTEMPATH\CodeIgniter.php(896): App\Controllers\Payment->index()
 6 SYSTEMPATH\CodeIgniter.php(466): CodeIgniter\CodeIgniter->runController()
 7 SYSTEMPATH\CodeIgniter.php(349): CodeIgniter\CodeIgniter->handleRequest()
 8 FCPATH\index.php(55): CodeIgniter\CodeIgniter->run()
 9 SYSTEMPATH\Commands\Server\rewrite.php(43): require_once('FCPATH\\index.php')
CRITICAL - 2022-08-05 00:58:37 --> CURL Error: SSL certificate problem: unable to get local issuer certificate
in VENDORPATH\midtrans\midtrans-php\Midtrans\ApiRequestor.php on line 156.
 1 VENDORPATH\midtrans\midtrans-php\Midtrans\ApiRequestor.php(39): Midtrans\ApiRequestor::remoteCall()
 2 VENDORPATH\midtrans\midtrans-php\Midtrans\Snap.php(109): Midtrans\ApiRequestor::post()
 3 VENDORPATH\midtrans\midtrans-php\Midtrans\Snap.php(36): Midtrans\Snap::createTransaction()
 4 APPPATH\Controllers\Payment.php(28): Midtrans\Snap::getSnapToken()
 5 SYSTEMPATH\CodeIgniter.php(896): App\Controllers\Payment->index()
 6 SYSTEMPATH\CodeIgniter.php(466): CodeIgniter\CodeIgniter->runController()
 7 SYSTEMPATH\CodeIgniter.php(349): CodeIgniter\CodeIgniter->handleRequest()
 8 FCPATH\index.php(55): CodeIgniter\CodeIgniter->run()
 9 SYSTEMPATH\Commands\Server\rewrite.php(43): require_once('FCPATH\\index.php')
CRITICAL - 2022-08-05 00:58:50 --> CURL Error: Could not resolve host: app.sandbox.midtrans.com
in VENDORPATH\midtrans\midtrans-php\Midtrans\ApiRequestor.php on line 156.
 1 VENDORPATH\midtrans\midtrans-php\Midtrans\ApiRequestor.php(39): Midtrans\ApiRequestor::remoteCall()
 2 VENDORPATH\midtrans\midtrans-php\Midtrans\Snap.php(109): Midtrans\ApiRequestor::post()
 3 VENDORPATH\midtrans\midtrans-php\Midtrans\Snap.php(36): Midtrans\Snap::createTransaction()
 4 APPPATH\Controllers\Payment.php(28): Midtrans\Snap::getSnapToken()
 5 SYSTEMPATH\CodeIgniter.php(896): App\Controllers\Payment->index()
 6 SYSTEMPATH\CodeIgniter.php(466): CodeIgniter\CodeIgniter->runController()
 7 SYSTEMPATH\CodeIgniter.php(349): CodeIgniter\CodeIgniter->handleRequest()
 8 FCPATH\index.php(55): CodeIgniter\CodeIgniter->run()
 9 SYSTEMPATH\Commands\Server\rewrite.php(43): require_once('FCPATH\\index.php')
CRITICAL - 2022-08-05 00:59:10 --> CURL Error: SSL certificate problem: unable to get local issuer certificate
in VENDORPATH\midtrans\midtrans-php\Midtrans\ApiRequestor.php on line 156.
 1 VENDORPATH\midtrans\midtrans-php\Midtrans\ApiRequestor.php(39): Midtrans\ApiRequestor::remoteCall()
 2 VENDORPATH\midtrans\midtrans-php\Midtrans\Snap.php(109): Midtrans\ApiRequestor::post()
 3 VENDORPATH\midtrans\midtrans-php\Midtrans\Snap.php(36): Midtrans\Snap::createTransaction()
 4 APPPATH\Controllers\Payment.php(28): Midtrans\Snap::getSnapToken()
 5 SYSTEMPATH\CodeIgniter.php(896): App\Controllers\Payment->index()
 6 SYSTEMPATH\CodeIgniter.php(466): CodeIgniter\CodeIgniter->runController()
 7 SYSTEMPATH\CodeIgniter.php(349): CodeIgniter\CodeIgniter->handleRequest()
 8 FCPATH\index.php(55): CodeIgniter\CodeIgniter->run()
 9 SYSTEMPATH\Commands\Server\rewrite.php(43): require_once('FCPATH\\index.php')
CRITICAL - 2022-08-05 00:59:15 --> CURL Error: SSL certificate problem: unable to get local issuer certificate
in VENDORPATH\midtrans\midtrans-php\Midtrans\ApiRequestor.php on line 156.
 1 VENDORPATH\midtrans\midtrans-php\Midtrans\ApiRequestor.php(39): Midtrans\ApiRequestor::remoteCall()
 2 VENDORPATH\midtrans\midtrans-php\Midtrans\Snap.php(109): Midtrans\ApiRequestor::post()
 3 VENDORPATH\midtrans\midtrans-php\Midtrans\Snap.php(36): Midtrans\Snap::createTransaction()
 4 APPPATH\Controllers\Payment.php(28): Midtrans\Snap::getSnapToken()
 5 SYSTEMPATH\CodeIgniter.php(896): App\Controllers\Payment->index()
 6 SYSTEMPATH\CodeIgniter.php(466): CodeIgniter\CodeIgniter->runController()
 7 SYSTEMPATH\CodeIgniter.php(349): CodeIgniter\CodeIgniter->handleRequest()
 8 FCPATH\index.php(55): CodeIgniter\CodeIgniter->run()
 9 SYSTEMPATH\Commands\Server\rewrite.php(43): require_once('FCPATH\\index.php')
CRITICAL - 2022-08-05 01:00:20 --> CURL Error: SSL certificate problem: unable to get local issuer certificate
in VENDORPATH\midtrans\midtrans-php\Midtrans\ApiRequestor.php on line 156.
 1 VENDORPATH\midtrans\midtrans-php\Midtrans\ApiRequestor.php(39): Midtrans\ApiRequestor::remoteCall()
 2 VENDORPATH\midtrans\midtrans-php\Midtrans\Snap.php(109): Midtrans\ApiRequestor::post()
 3 VENDORPATH\midtrans\midtrans-php\Midtrans\Snap.php(36): Midtrans\Snap::createTransaction()
 4 APPPATH\Controllers\Payment.php(28): Midtrans\Snap::getSnapToken()
 5 SYSTEMPATH\CodeIgniter.php(896): App\Controllers\Payment->index()
 6 SYSTEMPATH\CodeIgniter.php(466): CodeIgniter\CodeIgniter->runController()
 7 SYSTEMPATH\CodeIgniter.php(349): CodeIgniter\CodeIgniter->handleRequest()
 8 FCPATH\index.php(55): CodeIgniter\CodeIgniter->run()
 9 SYSTEMPATH\Commands\Server\rewrite.php(43): require_once('FCPATH\\index.php')
CRITICAL - 2022-08-05 01:01:22 --> CURL Error: SSL certificate problem: unable to get local issuer certificate
in VENDORPATH\midtrans\midtrans-php\Midtrans\ApiRequestor.php on line 156.
 1 VENDORPATH\midtrans\midtrans-php\Midtrans\ApiRequestor.php(39): Midtrans\ApiRequestor::remoteCall()
 2 VENDORPATH\midtrans\midtrans-php\Midtrans\Snap.php(109): Midtrans\ApiRequestor::post()
 3 VENDORPATH\midtrans\midtrans-php\Midtrans\Snap.php(36): Midtrans\Snap::createTransaction()
 4 APPPATH\Controllers\Payment.php(28): Midtrans\Snap::getSnapToken()
 5 SYSTEMPATH\CodeIgniter.php(896): App\Controllers\Payment->index()
 6 SYSTEMPATH\CodeIgniter.php(466): CodeIgniter\CodeIgniter->runController()
 7 SYSTEMPATH\CodeIgniter.php(349): CodeIgniter\CodeIgniter->handleRequest()
 8 FCPATH\index.php(55): CodeIgniter\CodeIgniter->run()
 9 SYSTEMPATH\Commands\Server\rewrite.php(43): require_once('FCPATH\\index.php')
CRITICAL - 2022-08-05 01:09:14 --> CURL Error: SSL certificate problem: unable to get local issuer certificate
in VENDORPATH\midtrans\midtrans-php\Midtrans\ApiRequestor.php on line 156.
 1 VENDORPATH\midtrans\midtrans-php\Midtrans\ApiRequestor.php(39): Midtrans\ApiRequestor::remoteCall()
 2 VENDORPATH\midtrans\midtrans-php\Midtrans\Snap.php(109): Midtrans\ApiRequestor::post()
 3 VENDORPATH\midtrans\midtrans-php\Midtrans\Snap.php(36): Midtrans\Snap::createTransaction()
 4 APPPATH\Controllers\Payment.php(28): Midtrans\Snap::getSnapToken()
 5 SYSTEMPATH\CodeIgniter.php(896): App\Controllers\Payment->index()
 6 SYSTEMPATH\CodeIgniter.php(466): CodeIgniter\CodeIgniter->runController()
 7 SYSTEMPATH\CodeIgniter.php(349): CodeIgniter\CodeIgniter->handleRequest()
 8 FCPATH\index.php(55): CodeIgniter\CodeIgniter->run()
 9 SYSTEMPATH\Commands\Server\rewrite.php(43): require_once('FCPATH\\index.php')
CRITICAL - 2022-08-05 01:11:22 --> Invalid file: front-end/payment/payment.php
in SYSTEMPATH\Exceptions\FrameworkException.php on line 33.
 1 SYSTEMPATH\View\View.php(201): CodeIgniter\Exceptions\FrameworkException::forInvalidFile()
 2 SYSTEMPATH\Common.php(1135): CodeIgniter\View\View->render()
 3 APPPATH\Controllers\Payment.php(31): view()
 4 SYSTEMPATH\CodeIgniter.php(896): App\Controllers\Payment->index()
 5 SYSTEMPATH\CodeIgniter.php(466): CodeIgniter\CodeIgniter->runController()
 6 SYSTEMPATH\CodeIgniter.php(349): CodeIgniter\CodeIgniter->handleRequest()
 7 FCPATH\index.php(55): CodeIgniter\CodeIgniter->run()
 8 SYSTEMPATH\Commands\Server\rewrite.php(43): require_once('FCPATH\\index.php')
CRITICAL - 2022-08-05 01:15:35 --> CURL Error: Could not resolve host: app.sandbox.midtrans.com
in VENDORPATH\midtrans\midtrans-php\Midtrans\ApiRequestor.php on line 156.
 1 VENDORPATH\midtrans\midtrans-php\Midtrans\ApiRequestor.php(39): Midtrans\ApiRequestor::remoteCall()
 2 VENDORPATH\midtrans\midtrans-php\Midtrans\Snap.php(109): Midtrans\ApiRequestor::post()
 3 VENDORPATH\midtrans\midtrans-php\Midtrans\Snap.php(36): Midtrans\Snap::createTransaction()
 4 APPPATH\Controllers\Home.php(136): Midtrans\Snap::getSnapToken()
 5 SYSTEMPATH\CodeIgniter.php(896): App\Controllers\Home->cart()
 6 SYSTEMPATH\CodeIgniter.php(466): CodeIgniter\CodeIgniter->runController()
 7 SYSTEMPATH\CodeIgniter.php(349): CodeIgniter\CodeIgniter->handleRequest()
 8 FCPATH\index.php(55): CodeIgniter\CodeIgniter->run()
 9 SYSTEMPATH\Commands\Server\rewrite.php(43): require_once('FCPATH\\index.php')
CRITICAL - 2022-08-05 01:15:40 --> CURL Error: Could not resolve host: app.sandbox.midtrans.com
in VENDORPATH\midtrans\midtrans-php\Midtrans\ApiRequestor.php on line 156.
 1 VENDORPATH\midtrans\midtrans-php\Midtrans\ApiRequestor.php(39): Midtrans\ApiRequestor::remoteCall()
 2 VENDORPATH\midtrans\midtrans-php\Midtrans\Snap.php(109): Midtrans\ApiRequestor::post()
 3 VENDORPATH\midtrans\midtrans-php\Midtrans\Snap.php(36): Midtrans\Snap::createTransaction()
 4 APPPATH\Controllers\Home.php(136): Midtrans\Snap::getSnapToken()
 5 SYSTEMPATH\CodeIgniter.php(896): App\Controllers\Home->cart()
 6 SYSTEMPATH\CodeIgniter.php(466): CodeIgniter\CodeIgniter->runController()
 7 SYSTEMPATH\CodeIgniter.php(349): CodeIgniter\CodeIgniter->handleRequest()
 8 FCPATH\index.php(55): CodeIgniter\CodeIgniter->run()
 9 SYSTEMPATH\Commands\Server\rewrite.php(43): require_once('FCPATH\\index.php')
CRITICAL - 2022-08-05 01:15:55 --> Trying to get property 'first_name' of non-object
in APPPATH\Views\front-end\order\cart.php on line 72.
 1 APPPATH\Views\front-end\order\cart.php(72): CodeIgniter\Debug\Exceptions->errorHandler()
 2 SYSTEMPATH\View\View.php(213): include('APPPATH\\Views\\front-end\\order\\cart.php')
 3 SYSTEMPATH\View\View.php(216): CodeIgniter\View\View->CodeIgniter\View\{closure}()
 4 SYSTEMPATH\Common.php(1135): CodeIgniter\View\View->render()
 5 APPPATH\Controllers\Home.php(138): view()
 6 SYSTEMPATH\CodeIgniter.php(896): App\Controllers\Home->cart()
 7 SYSTEMPATH\CodeIgniter.php(466): CodeIgniter\CodeIgniter->runController()
 8 SYSTEMPATH\CodeIgniter.php(349): CodeIgniter\CodeIgniter->handleRequest()
 9 FCPATH\index.php(55): CodeIgniter\CodeIgniter->run()
10 SYSTEMPATH\Commands\Server\rewrite.php(43): require_once('FCPATH\\index.php')
CRITICAL - 2022-08-05 01:16:31 --> Trying to get property 'first_name' of non-object
in APPPATH\Views\front-end\order\cart.php on line 72.
 1 APPPATH\Views\front-end\order\cart.php(72): CodeIgniter\Debug\Exceptions->errorHandler()
 2 SYSTEMPATH\View\View.php(213): include('APPPATH\\Views\\front-end\\order\\cart.php')
 3 SYSTEMPATH\View\View.php(216): CodeIgniter\View\View->CodeIgniter\View\{closure}()
 4 SYSTEMPATH\Common.php(1135): CodeIgniter\View\View->render()
 5 APPPATH\Controllers\Home.php(138): view()
 6 SYSTEMPATH\CodeIgniter.php(896): App\Controllers\Home->cart()
 7 SYSTEMPATH\CodeIgniter.php(466): CodeIgniter\CodeIgniter->runController()
 8 SYSTEMPATH\CodeIgniter.php(349): CodeIgniter\CodeIgniter->handleRequest()
 9 FCPATH\index.php(55): CodeIgniter\CodeIgniter->run()
10 SYSTEMPATH\Commands\Server\rewrite.php(43): require_once('FCPATH\\index.php')
CRITICAL - 2022-08-05 01:16:48 --> Trying to access array offset on value of type null
in APPPATH\Views\front-end\order\cart.php on line 72.
 1 APPPATH\Views\front-end\order\cart.php(72): CodeIgniter\Debug\Exceptions->errorHandler()
 2 SYSTEMPATH\View\View.php(213): include('APPPATH\\Views\\front-end\\order\\cart.php')
 3 SYSTEMPATH\View\View.php(216): CodeIgniter\View\View->CodeIgniter\View\{closure}()
 4 SYSTEMPATH\Common.php(1135): CodeIgniter\View\View->render()
 5 APPPATH\Controllers\Home.php(138): view()
 6 SYSTEMPATH\CodeIgniter.php(896): App\Controllers\Home->cart()
 7 SYSTEMPATH\CodeIgniter.php(466): CodeIgniter\CodeIgniter->runController()
 8 SYSTEMPATH\CodeIgniter.php(349): CodeIgniter\CodeIgniter->handleRequest()
 9 FCPATH\index.php(55): CodeIgniter\CodeIgniter->run()
10 SYSTEMPATH\Commands\Server\rewrite.php(43): require_once('FCPATH\\index.php')
CRITICAL - 2022-08-05 01:17:17 --> Trying to get property 'first_name' of non-object
in APPPATH\Views\front-end\order\cart.php on line 72.
 1 APPPATH\Views\front-end\order\cart.php(72): CodeIgniter\Debug\Exceptions->errorHandler()
 2 SYSTEMPATH\View\View.php(213): include('APPPATH\\Views\\front-end\\order\\cart.php')
 3 SYSTEMPATH\View\View.php(216): CodeIgniter\View\View->CodeIgniter\View\{closure}()
 4 SYSTEMPATH\Common.php(1135): CodeIgniter\View\View->render()
 5 APPPATH\Controllers\Home.php(138): view()
 6 SYSTEMPATH\CodeIgniter.php(896): App\Controllers\Home->cart()
 7 SYSTEMPATH\CodeIgniter.php(466): CodeIgniter\CodeIgniter->runController()
 8 SYSTEMPATH\CodeIgniter.php(349): CodeIgniter\CodeIgniter->handleRequest()
 9 FCPATH\index.php(55): CodeIgniter\CodeIgniter->run()
10 SYSTEMPATH\Commands\Server\rewrite.php(43): require_once('FCPATH\\index.php')
CRITICAL - 2022-08-05 01:18:38 --> Trying to get property 'first_name' of non-object
in APPPATH\Views\front-end\order\cart.php on line 72.
 1 APPPATH\Views\front-end\order\cart.php(72): CodeIgniter\Debug\Exceptions->errorHandler()
 2 SYSTEMPATH\View\View.php(213): include('APPPATH\\Views\\front-end\\order\\cart.php')
 3 SYSTEMPATH\View\View.php(216): CodeIgniter\View\View->CodeIgniter\View\{closure}()
 4 SYSTEMPATH\Common.php(1135): CodeIgniter\View\View->render()
 5 APPPATH\Controllers\Home.php(138): view()
 6 SYSTEMPATH\CodeIgniter.php(896): App\Controllers\Home->cart()
 7 SYSTEMPATH\CodeIgniter.php(466): CodeIgniter\CodeIgniter->runController()
 8 SYSTEMPATH\CodeIgniter.php(349): CodeIgniter\CodeIgniter->handleRequest()
 9 FCPATH\index.php(55): CodeIgniter\CodeIgniter->run()
10 SYSTEMPATH\Commands\Server\rewrite.php(43): require_once('FCPATH\\index.php')
CRITICAL - 2022-08-05 01:18:49 --> Trying to get property 'first_name' of non-object
in APPPATH\Views\front-end\order\cart.php on line 72.
 1 APPPATH\Views\front-end\order\cart.php(72): CodeIgniter\Debug\Exceptions->errorHandler()
 2 SYSTEMPATH\View\View.php(213): include('APPPATH\\Views\\front-end\\order\\cart.php')
 3 SYSTEMPATH\View\View.php(216): CodeIgniter\View\View->CodeIgniter\View\{closure}()
 4 SYSTEMPATH\Common.php(1135): CodeIgniter\View\View->render()
 5 APPPATH\Controllers\Home.php(138): view()
 6 SYSTEMPATH\CodeIgniter.php(896): App\Controllers\Home->cart()
 7 SYSTEMPATH\CodeIgniter.php(466): CodeIgniter\CodeIgniter->runController()
 8 SYSTEMPATH\CodeIgniter.php(349): CodeIgniter\CodeIgniter->handleRequest()
 9 FCPATH\index.php(55): CodeIgniter\CodeIgniter->run()
10 SYSTEMPATH\Commands\Server\rewrite.php(43): require_once('FCPATH\\index.php')
CRITICAL - 2022-08-05 02:45:41 --> Trying to access array offset on value of type null
in APPPATH\Views\back-end\index.php on line 141.
 1 APPPATH\Views\back-end\index.php(141): CodeIgniter\Debug\Exceptions->errorHandler()
 2 SYSTEMPATH\View\View.php(213): include('APPPATH\\Views\\back-end\\index.php')
 3 SYSTEMPATH\View\View.php(216): CodeIgniter\View\View->CodeIgniter\View\{closure}()
 4 SYSTEMPATH\Common.php(1135): CodeIgniter\View\View->render()
 5 APPPATH\Controllers\Dashboard.php(49): view()
 6 SYSTEMPATH\CodeIgniter.php(896): App\Controllers\Dashboard->index()
 7 SYSTEMPATH\CodeIgniter.php(466): CodeIgniter\CodeIgniter->runController()
 8 SYSTEMPATH\CodeIgniter.php(349): CodeIgniter\CodeIgniter->handleRequest()
 9 FCPATH\index.php(55): CodeIgniter\CodeIgniter->run()
10 SYSTEMPATH\Commands\Server\rewrite.php(43): require_once('FCPATH\\index.php')
CRITICAL - 2022-08-05 02:46:38 --> Trying to access array offset on value of type null
in APPPATH\Views\back-end\index.php on line 141.
 1 APPPATH\Views\back-end\index.php(141): CodeIgniter\Debug\Exceptions->errorHandler()
 2 SYSTEMPATH\View\View.php(213): include('APPPATH\\Views\\back-end\\index.php')
 3 SYSTEMPATH\View\View.php(216): CodeIgniter\View\View->CodeIgniter\View\{closure}()
 4 SYSTEMPATH\Common.php(1135): CodeIgniter\View\View->render()
 5 APPPATH\Controllers\Dashboard.php(49): view()
 6 SYSTEMPATH\CodeIgniter.php(896): App\Controllers\Dashboard->index()
 7 SYSTEMPATH\CodeIgniter.php(466): CodeIgniter\CodeIgniter->runController()
 8 SYSTEMPATH\CodeIgniter.php(349): CodeIgniter\CodeIgniter->handleRequest()
 9 FCPATH\index.php(55): CodeIgniter\CodeIgniter->run()
10 SYSTEMPATH\Commands\Server\rewrite.php(43): require_once('FCPATH\\index.php')
CRITICAL - 2022-08-05 02:47:00 --> Trying to access array offset on value of type null
in APPPATH\Views\back-end\index.php on line 141.
 1 APPPATH\Views\back-end\index.php(141): CodeIgniter\Debug\Exceptions->errorHandler()
 2 SYSTEMPATH\View\View.php(213): include('APPPATH\\Views\\back-end\\index.php')
 3 SYSTEMPATH\View\View.php(216): CodeIgniter\View\View->CodeIgniter\View\{closure}()
 4 SYSTEMPATH\Common.php(1135): CodeIgniter\View\View->render()
 5 APPPATH\Controllers\Dashboard.php(49): view()
 6 SYSTEMPATH\CodeIgniter.php(896): App\Controllers\Dashboard->index()
 7 SYSTEMPATH\CodeIgniter.php(466): CodeIgniter\CodeIgniter->runController()
 8 SYSTEMPATH\CodeIgniter.php(349): CodeIgniter\CodeIgniter->handleRequest()
 9 FCPATH\index.php(55): CodeIgniter\CodeIgniter->run()
10 SYSTEMPATH\Commands\Server\rewrite.php(43): require_once('FCPATH\\index.php')
CRITICAL - 2022-08-05 03:28:34 --> Undefined variable: data
in APPPATH\Controllers\Home.php on line 150.
 1 APPPATH\Controllers\Home.php(150): CodeIgniter\Debug\Exceptions->errorHandler()
 2 SYSTEMPATH\CodeIgniter.php(896): App\Controllers\Home->checkout()
 3 SYSTEMPATH\CodeIgniter.php(466): CodeIgniter\CodeIgniter->runController()
 4 SYSTEMPATH\CodeIgniter.php(349): CodeIgniter\CodeIgniter->handleRequest()
 5 FCPATH\index.php(55): CodeIgniter\CodeIgniter->run()
 6 SYSTEMPATH\Commands\Server\rewrite.php(43): require_once('FCPATH\\index.php')
CRITICAL - 2022-08-05 03:53:19 --> Undefined variable: snapToken
in APPPATH\Views\front-end\order\cart.php on line 205.
 1 APPPATH\Views\front-end\order\cart.php(205): CodeIgniter\Debug\Exceptions->errorHandler()
 2 SYSTEMPATH\View\View.php(213): include('APPPATH\\Views\\front-end\\order\\cart.php')
 3 SYSTEMPATH\View\View.php(216): CodeIgniter\View\View->CodeIgniter\View\{closure}()
 4 SYSTEMPATH\Common.php(1135): CodeIgniter\View\View->render()
 5 APPPATH\Controllers\Home.php(121): view()
 6 SYSTEMPATH\CodeIgniter.php(896): App\Controllers\Home->cart()
 7 SYSTEMPATH\CodeIgniter.php(466): CodeIgniter\CodeIgniter->runController()
 8 SYSTEMPATH\CodeIgniter.php(349): CodeIgniter\CodeIgniter->handleRequest()
 9 FCPATH\index.php(55): CodeIgniter\CodeIgniter->run()
10 SYSTEMPATH\Commands\Server\rewrite.php(43): require_once('FCPATH\\index.php')
CRITICAL - 2022-08-05 03:54:44 --> Call to undefined method App\Models\CartModel::getNumRows
in SYSTEMPATH\Model.php on line 773.
 1 APPPATH\Controllers\Home.php(150): CodeIgniter\Model->__call()
 2 SYSTEMPATH\CodeIgniter.php(896): App\Controllers\Home->checkout()
 3 SYSTEMPATH\CodeIgniter.php(466): CodeIgniter\CodeIgniter->runController()
 4 SYSTEMPATH\CodeIgniter.php(349): CodeIgniter\CodeIgniter->handleRequest()
 5 FCPATH\index.php(55): CodeIgniter\CodeIgniter->run()
 6 SYSTEMPATH\Commands\Server\rewrite.php(43): require_once('FCPATH\\index.php')
CRITICAL - 2022-08-05 03:55:10 --> Call to undefined method App\Models\CartModel::getNumRows
in SYSTEMPATH\Model.php on line 773.
 1 APPPATH\Controllers\Home.php(150): CodeIgniter\Model->__call()
 2 SYSTEMPATH\CodeIgniter.php(896): App\Controllers\Home->checkout()
 3 SYSTEMPATH\CodeIgniter.php(466): CodeIgniter\CodeIgniter->runController()
 4 SYSTEMPATH\CodeIgniter.php(349): CodeIgniter\CodeIgniter->handleRequest()
 5 FCPATH\index.php(55): CodeIgniter\CodeIgniter->run()
 6 SYSTEMPATH\Commands\Server\rewrite.php(43): require_once('FCPATH\\index.php')
CRITICAL - 2022-08-05 03:55:11 --> Call to undefined method App\Models\CartModel::getNumRows
in SYSTEMPATH\Model.php on line 773.
 1 APPPATH\Controllers\Home.php(150): CodeIgniter\Model->__call()
 2 SYSTEMPATH\CodeIgniter.php(896): App\Controllers\Home->checkout()
 3 SYSTEMPATH\CodeIgniter.php(466): CodeIgniter\CodeIgniter->runController()
 4 SYSTEMPATH\CodeIgniter.php(349): CodeIgniter\CodeIgniter->handleRequest()
 5 FCPATH\index.php(55): CodeIgniter\CodeIgniter->run()
 6 SYSTEMPATH\Commands\Server\rewrite.php(43): require_once('FCPATH\\index.php')
CRITICAL - 2022-08-05 03:55:50 --> Call to undefined method App\Models\CartModel::getNumRows
in SYSTEMPATH\Model.php on line 773.
 1 APPPATH\Controllers\Home.php(150): CodeIgniter\Model->__call()
 2 SYSTEMPATH\CodeIgniter.php(896): App\Controllers\Home->checkout()
 3 SYSTEMPATH\CodeIgniter.php(466): CodeIgniter\CodeIgniter->runController()
 4 SYSTEMPATH\CodeIgniter.php(349): CodeIgniter\CodeIgniter->handleRequest()
 5 FCPATH\index.php(55): CodeIgniter\CodeIgniter->run()
 6 SYSTEMPATH\Commands\Server\rewrite.php(43): require_once('FCPATH\\index.php')
CRITICAL - 2022-08-05 03:57:27 --> Call to undefined method App\Models\CartModel::getNumRows
in SYSTEMPATH\Model.php on line 773.
 1 APPPATH\Controllers\Home.php(150): CodeIgniter\Model->__call()
 2 SYSTEMPATH\CodeIgniter.php(896): App\Controllers\Home->checkout()
 3 SYSTEMPATH\CodeIgniter.php(466): CodeIgniter\CodeIgniter->runController()
 4 SYSTEMPATH\CodeIgniter.php(349): CodeIgniter\CodeIgniter->handleRequest()
 5 FCPATH\index.php(55): CodeIgniter\CodeIgniter->run()
 6 SYSTEMPATH\Commands\Server\rewrite.php(43): require_once('FCPATH\\index.php')
CRITICAL - 2022-08-05 03:57:35 --> Call to undefined method App\Models\CartModel::getNumRows
in SYSTEMPATH\Model.php on line 773.
 1 APPPATH\Controllers\Home.php(150): CodeIgniter\Model->__call()
 2 SYSTEMPATH\CodeIgniter.php(896): App\Controllers\Home->checkout()
 3 SYSTEMPATH\CodeIgniter.php(466): CodeIgniter\CodeIgniter->runController()
 4 SYSTEMPATH\CodeIgniter.php(349): CodeIgniter\CodeIgniter->handleRequest()
 5 FCPATH\index.php(55): CodeIgniter\CodeIgniter->run()
 6 SYSTEMPATH\Commands\Server\rewrite.php(43): require_once('FCPATH\\index.php')
CRITICAL - 2022-08-05 04:20:23 --> CURL Error: OpenSSL SSL_connect: Connection was reset in connection to app.sandbox.midtrans.com:443 
in VENDORPATH\midtrans\midtrans-php\Midtrans\ApiRequestor.php on line 156.
 1 VENDORPATH\midtrans\midtrans-php\Midtrans\ApiRequestor.php(39): Midtrans\ApiRequestor::remoteCall()
 2 VENDORPATH\midtrans\midtrans-php\Midtrans\Snap.php(109): Midtrans\ApiRequestor::post()
 3 VENDORPATH\midtrans\midtrans-php\Midtrans\Snap.php(36): Midtrans\Snap::createTransaction()
 4 APPPATH\Controllers\Home.php(172): Midtrans\Snap::getSnapToken()
 5 SYSTEMPATH\CodeIgniter.php(896): App\Controllers\Home->checkout()
 6 SYSTEMPATH\CodeIgniter.php(466): CodeIgniter\CodeIgniter->runController()
 7 SYSTEMPATH\CodeIgniter.php(349): CodeIgniter\CodeIgniter->handleRequest()
 8 FCPATH\index.php(55): CodeIgniter\CodeIgniter->run()
 9 SYSTEMPATH\Commands\Server\rewrite.php(43): require_once('FCPATH\\index.php')
CRITICAL - 2022-08-05 04:20:24 --> CURL Error: Could not resolve host: app.sandbox.midtrans.com
in VENDORPATH\midtrans\midtrans-php\Midtrans\ApiRequestor.php on line 156.
 1 VENDORPATH\midtrans\midtrans-php\Midtrans\ApiRequestor.php(39): Midtrans\ApiRequestor::remoteCall()
 2 VENDORPATH\midtrans\midtrans-php\Midtrans\Snap.php(109): Midtrans\ApiRequestor::post()
 3 VENDORPATH\midtrans\midtrans-php\Midtrans\Snap.php(36): Midtrans\Snap::createTransaction()
 4 APPPATH\Controllers\Home.php(172): Midtrans\Snap::getSnapToken()
 5 SYSTEMPATH\CodeIgniter.php(896): App\Controllers\Home->checkout()
 6 SYSTEMPATH\CodeIgniter.php(466): CodeIgniter\CodeIgniter->runController()
 7 SYSTEMPATH\CodeIgniter.php(349): CodeIgniter\CodeIgniter->handleRequest()
 8 FCPATH\index.php(55): CodeIgniter\CodeIgniter->run()
 9 SYSTEMPATH\Commands\Server\rewrite.php(43): require_once('FCPATH\\index.php')
CRITICAL - 2022-08-05 04:20:24 --> CURL Error: Could not resolve host: app.sandbox.midtrans.com
in VENDORPATH\midtrans\midtrans-php\Midtrans\ApiRequestor.php on line 156.
 1 VENDORPATH\midtrans\midtrans-php\Midtrans\ApiRequestor.php(39): Midtrans\ApiRequestor::remoteCall()
 2 VENDORPATH\midtrans\midtrans-php\Midtrans\Snap.php(109): Midtrans\ApiRequestor::post()
 3 VENDORPATH\midtrans\midtrans-php\Midtrans\Snap.php(36): Midtrans\Snap::createTransaction()
 4 APPPATH\Controllers\Home.php(172): Midtrans\Snap::getSnapToken()
 5 SYSTEMPATH\CodeIgniter.php(896): App\Controllers\Home->checkout()
 6 SYSTEMPATH\CodeIgniter.php(466): CodeIgniter\CodeIgniter->runController()
 7 SYSTEMPATH\CodeIgniter.php(349): CodeIgniter\CodeIgniter->handleRequest()
 8 FCPATH\index.php(55): CodeIgniter\CodeIgniter->run()
 9 SYSTEMPATH\Commands\Server\rewrite.php(43): require_once('FCPATH\\index.php')
CRITICAL - 2022-08-05 04:20:24 --> CURL Error: Could not resolve host: app.sandbox.midtrans.com
in VENDORPATH\midtrans\midtrans-php\Midtrans\ApiRequestor.php on line 156.
 1 VENDORPATH\midtrans\midtrans-php\Midtrans\ApiRequestor.php(39): Midtrans\ApiRequestor::remoteCall()
 2 VENDORPATH\midtrans\midtrans-php\Midtrans\Snap.php(109): Midtrans\ApiRequestor::post()
 3 VENDORPATH\midtrans\midtrans-php\Midtrans\Snap.php(36): Midtrans\Snap::createTransaction()
 4 APPPATH\Controllers\Home.php(172): Midtrans\Snap::getSnapToken()
 5 SYSTEMPATH\CodeIgniter.php(896): App\Controllers\Home->checkout()
 6 SYSTEMPATH\CodeIgniter.php(466): CodeIgniter\CodeIgniter->runController()
 7 SYSTEMPATH\CodeIgniter.php(349): CodeIgniter\CodeIgniter->handleRequest()
 8 FCPATH\index.php(55): CodeIgniter\CodeIgniter->run()
 9 SYSTEMPATH\Commands\Server\rewrite.php(43): require_once('FCPATH\\index.php')
CRITICAL - 2022-08-05 04:20:24 --> CURL Error: Could not resolve host: app.sandbox.midtrans.com
in VENDORPATH\midtrans\midtrans-php\Midtrans\ApiRequestor.php on line 156.
 1 VENDORPATH\midtrans\midtrans-php\Midtrans\ApiRequestor.php(39): Midtrans\ApiRequestor::remoteCall()
 2 VENDORPATH\midtrans\midtrans-php\Midtrans\Snap.php(109): Midtrans\ApiRequestor::post()
 3 VENDORPATH\midtrans\midtrans-php\Midtrans\Snap.php(36): Midtrans\Snap::createTransaction()
 4 APPPATH\Controllers\Home.php(172): Midtrans\Snap::getSnapToken()
 5 SYSTEMPATH\CodeIgniter.php(896): App\Controllers\Home->checkout()
 6 SYSTEMPATH\CodeIgniter.php(466): CodeIgniter\CodeIgniter->runController()
 7 SYSTEMPATH\CodeIgniter.php(349): CodeIgniter\CodeIgniter->handleRequest()
 8 FCPATH\index.php(55): CodeIgniter\CodeIgniter->run()
 9 SYSTEMPATH\Commands\Server\rewrite.php(43): require_once('FCPATH\\index.php')
CRITICAL - 2022-08-05 04:20:25 --> CURL Error: Could not resolve host: app.sandbox.midtrans.com
in VENDORPATH\midtrans\midtrans-php\Midtrans\ApiRequestor.php on line 156.
 1 VENDORPATH\midtrans\midtrans-php\Midtrans\ApiRequestor.php(39): Midtrans\ApiRequestor::remoteCall()
 2 VENDORPATH\midtrans\midtrans-php\Midtrans\Snap.php(109): Midtrans\ApiRequestor::post()
 3 VENDORPATH\midtrans\midtrans-php\Midtrans\Snap.php(36): Midtrans\Snap::createTransaction()
 4 APPPATH\Controllers\Home.php(172): Midtrans\Snap::getSnapToken()
 5 SYSTEMPATH\CodeIgniter.php(896): App\Controllers\Home->checkout()
 6 SYSTEMPATH\CodeIgniter.php(466): CodeIgniter\CodeIgniter->runController()
 7 SYSTEMPATH\CodeIgniter.php(349): CodeIgniter\CodeIgniter->handleRequest()
 8 FCPATH\index.php(55): CodeIgniter\CodeIgniter->run()
 9 SYSTEMPATH\Commands\Server\rewrite.php(43): require_once('FCPATH\\index.php')
CRITICAL - 2022-08-05 04:20:25 --> CURL Error: Could not resolve host: app.sandbox.midtrans.com
in VENDORPATH\midtrans\midtrans-php\Midtrans\ApiRequestor.php on line 156.
 1 VENDORPATH\midtrans\midtrans-php\Midtrans\ApiRequestor.php(39): Midtrans\ApiRequestor::remoteCall()
 2 VENDORPATH\midtrans\midtrans-php\Midtrans\Snap.php(109): Midtrans\ApiRequestor::post()
 3 VENDORPATH\midtrans\midtrans-php\Midtrans\Snap.php(36): Midtrans\Snap::createTransaction()
 4 APPPATH\Controllers\Home.php(172): Midtrans\Snap::getSnapToken()
 5 SYSTEMPATH\CodeIgniter.php(896): App\Controllers\Home->checkout()
 6 SYSTEMPATH\CodeIgniter.php(466): CodeIgniter\CodeIgniter->runController()
 7 SYSTEMPATH\CodeIgniter.php(349): CodeIgniter\CodeIgniter->handleRequest()
 8 FCPATH\index.php(55): CodeIgniter\CodeIgniter->run()
 9 SYSTEMPATH\Commands\Server\rewrite.php(43): require_once('FCPATH\\index.php')
CRITICAL - 2022-08-05 04:20:25 --> CURL Error: Could not resolve host: app.sandbox.midtrans.com
in VENDORPATH\midtrans\midtrans-php\Midtrans\ApiRequestor.php on line 156.
 1 VENDORPATH\midtrans\midtrans-php\Midtrans\ApiRequestor.php(39): Midtrans\ApiRequestor::remoteCall()
 2 VENDORPATH\midtrans\midtrans-php\Midtrans\Snap.php(109): Midtrans\ApiRequestor::post()
 3 VENDORPATH\midtrans\midtrans-php\Midtrans\Snap.php(36): Midtrans\Snap::createTransaction()
 4 APPPATH\Controllers\Home.php(172): Midtrans\Snap::getSnapToken()
 5 SYSTEMPATH\CodeIgniter.php(896): App\Controllers\Home->checkout()
 6 SYSTEMPATH\CodeIgniter.php(466): CodeIgniter\CodeIgniter->runController()
 7 SYSTEMPATH\CodeIgniter.php(349): CodeIgniter\CodeIgniter->handleRequest()
 8 FCPATH\index.php(55): CodeIgniter\CodeIgniter->run()
 9 SYSTEMPATH\Commands\Server\rewrite.php(43): require_once('FCPATH\\index.php')
CRITICAL - 2022-08-05 04:20:43 --> CURL Error: Failed to connect to app.sandbox.midtrans.com port 443: Network unreachable
in VENDORPATH\midtrans\midtrans-php\Midtrans\ApiRequestor.php on line 156.
 1 VENDORPATH\midtrans\midtrans-php\Midtrans\ApiRequestor.php(39): Midtrans\ApiRequestor::remoteCall()
 2 VENDORPATH\midtrans\midtrans-php\Midtrans\Snap.php(109): Midtrans\ApiRequestor::post()
 3 VENDORPATH\midtrans\midtrans-php\Midtrans\Snap.php(36): Midtrans\Snap::createTransaction()
 4 APPPATH\Controllers\Home.php(172): Midtrans\Snap::getSnapToken()
 5 SYSTEMPATH\CodeIgniter.php(896): App\Controllers\Home->checkout()
 6 SYSTEMPATH\CodeIgniter.php(466): CodeIgniter\CodeIgniter->runController()
 7 SYSTEMPATH\CodeIgniter.php(349): CodeIgniter\CodeIgniter->handleRequest()
 8 FCPATH\index.php(55): CodeIgniter\CodeIgniter->run()
 9 SYSTEMPATH\Commands\Server\rewrite.php(43): require_once('FCPATH\\index.php')
CRITICAL - 2022-08-05 04:28:37 --> CURL Error: Failed to connect to app.sandbox.midtrans.com port 443: Network unreachable
in VENDORPATH\midtrans\midtrans-php\Midtrans\ApiRequestor.php on line 156.
 1 VENDORPATH\midtrans\midtrans-php\Midtrans\ApiRequestor.php(39): Midtrans\ApiRequestor::remoteCall()
 2 VENDORPATH\midtrans\midtrans-php\Midtrans\Snap.php(109): Midtrans\ApiRequestor::post()
 3 VENDORPATH\midtrans\midtrans-php\Midtrans\Snap.php(36): Midtrans\Snap::createTransaction()
 4 APPPATH\Controllers\Home.php(172): Midtrans\Snap::getSnapToken()
 5 SYSTEMPATH\CodeIgniter.php(896): App\Controllers\Home->checkout()
 6 SYSTEMPATH\CodeIgniter.php(466): CodeIgniter\CodeIgniter->runController()
 7 SYSTEMPATH\CodeIgniter.php(349): CodeIgniter\CodeIgniter->handleRequest()
 8 FCPATH\index.php(55): CodeIgniter\CodeIgniter->run()
 9 SYSTEMPATH\Commands\Server\rewrite.php(43): require_once('FCPATH\\index.php')
CRITICAL - 2022-08-05 04:28:38 --> CURL Error: Could not resolve host: app.sandbox.midtrans.com
in VENDORPATH\midtrans\midtrans-php\Midtrans\ApiRequestor.php on line 156.
 1 VENDORPATH\midtrans\midtrans-php\Midtrans\ApiRequestor.php(39): Midtrans\ApiRequestor::remoteCall()
 2 VENDORPATH\midtrans\midtrans-php\Midtrans\Snap.php(109): Midtrans\ApiRequestor::post()
 3 VENDORPATH\midtrans\midtrans-php\Midtrans\Snap.php(36): Midtrans\Snap::createTransaction()
 4 APPPATH\Controllers\Home.php(172): Midtrans\Snap::getSnapToken()
 5 SYSTEMPATH\CodeIgniter.php(896): App\Controllers\Home->checkout()
 6 SYSTEMPATH\CodeIgniter.php(466): CodeIgniter\CodeIgniter->runController()
 7 SYSTEMPATH\CodeIgniter.php(349): CodeIgniter\CodeIgniter->handleRequest()
 8 FCPATH\index.php(55): CodeIgniter\CodeIgniter->run()
 9 SYSTEMPATH\Commands\Server\rewrite.php(43): require_once('FCPATH\\index.php')
CRITICAL - 2022-08-05 04:28:38 --> CURL Error: Could not resolve host: app.sandbox.midtrans.com
in VENDORPATH\midtrans\midtrans-php\Midtrans\ApiRequestor.php on line 156.
 1 VENDORPATH\midtrans\midtrans-php\Midtrans\ApiRequestor.php(39): Midtrans\ApiRequestor::remoteCall()
 2 VENDORPATH\midtrans\midtrans-php\Midtrans\Snap.php(109): Midtrans\ApiRequestor::post()
 3 VENDORPATH\midtrans\midtrans-php\Midtrans\Snap.php(36): Midtrans\Snap::createTransaction()
 4 APPPATH\Controllers\Home.php(172): Midtrans\Snap::getSnapToken()
 5 SYSTEMPATH\CodeIgniter.php(896): App\Controllers\Home->checkout()
 6 SYSTEMPATH\CodeIgniter.php(466): CodeIgniter\CodeIgniter->runController()
 7 SYSTEMPATH\CodeIgniter.php(349): CodeIgniter\CodeIgniter->handleRequest()
 8 FCPATH\index.php(55): CodeIgniter\CodeIgniter->run()
 9 SYSTEMPATH\Commands\Server\rewrite.php(43): require_once('FCPATH\\index.php')
CRITICAL - 2022-08-05 04:28:38 --> CURL Error: Could not resolve host: app.sandbox.midtrans.com
in VENDORPATH\midtrans\midtrans-php\Midtrans\ApiRequestor.php on line 156.
 1 VENDORPATH\midtrans\midtrans-php\Midtrans\ApiRequestor.php(39): Midtrans\ApiRequestor::remoteCall()
 2 VENDORPATH\midtrans\midtrans-php\Midtrans\Snap.php(109): Midtrans\ApiRequestor::post()
 3 VENDORPATH\midtrans\midtrans-php\Midtrans\Snap.php(36): Midtrans\Snap::createTransaction()
 4 APPPATH\Controllers\Home.php(172): Midtrans\Snap::getSnapToken()
 5 SYSTEMPATH\CodeIgniter.php(896): App\Controllers\Home->checkout()
 6 SYSTEMPATH\CodeIgniter.php(466): CodeIgniter\CodeIgniter->runController()
 7 SYSTEMPATH\CodeIgniter.php(349): CodeIgniter\CodeIgniter->handleRequest()
 8 FCPATH\index.php(55): CodeIgniter\CodeIgniter->run()
 9 SYSTEMPATH\Commands\Server\rewrite.php(43): require_once('FCPATH\\index.php')
CRITICAL - 2022-08-05 04:28:38 --> CURL Error: Could not resolve host: app.sandbox.midtrans.com
in VENDORPATH\midtrans\midtrans-php\Midtrans\ApiRequestor.php on line 156.
 1 VENDORPATH\midtrans\midtrans-php\Midtrans\ApiRequestor.php(39): Midtrans\ApiRequestor::remoteCall()
 2 VENDORPATH\midtrans\midtrans-php\Midtrans\Snap.php(109): Midtrans\ApiRequestor::post()
 3 VENDORPATH\midtrans\midtrans-php\Midtrans\Snap.php(36): Midtrans\Snap::createTransaction()
 4 APPPATH\Controllers\Home.php(172): Midtrans\Snap::getSnapToken()
 5 SYSTEMPATH\CodeIgniter.php(896): App\Controllers\Home->checkout()
 6 SYSTEMPATH\CodeIgniter.php(466): CodeIgniter\CodeIgniter->runController()
 7 SYSTEMPATH\CodeIgniter.php(349): CodeIgniter\CodeIgniter->handleRequest()
 8 FCPATH\index.php(55): CodeIgniter\CodeIgniter->run()
 9 SYSTEMPATH\Commands\Server\rewrite.php(43): require_once('FCPATH\\index.php')
CRITICAL - 2022-08-05 04:28:39 --> CURL Error: Could not resolve host: app.sandbox.midtrans.com
in VENDORPATH\midtrans\midtrans-php\Midtrans\ApiRequestor.php on line 156.
 1 VENDORPATH\midtrans\midtrans-php\Midtrans\ApiRequestor.php(39): Midtrans\ApiRequestor::remoteCall()
 2 VENDORPATH\midtrans\midtrans-php\Midtrans\Snap.php(109): Midtrans\ApiRequestor::post()
 3 VENDORPATH\midtrans\midtrans-php\Midtrans\Snap.php(36): Midtrans\Snap::createTransaction()
 4 APPPATH\Controllers\Home.php(172): Midtrans\Snap::getSnapToken()
 5 SYSTEMPATH\CodeIgniter.php(896): App\Controllers\Home->checkout()
 6 SYSTEMPATH\CodeIgniter.php(466): CodeIgniter\CodeIgniter->runController()
 7 SYSTEMPATH\CodeIgniter.php(349): CodeIgniter\CodeIgniter->handleRequest()
 8 FCPATH\index.php(55): CodeIgniter\CodeIgniter->run()
 9 SYSTEMPATH\Commands\Server\rewrite.php(43): require_once('FCPATH\\index.php')
CRITICAL - 2022-08-05 04:37:10 --> CURL Error: Could not resolve host: app.sandbox.midtrans.com
in VENDORPATH\midtrans\midtrans-php\Midtrans\ApiRequestor.php on line 156.
 1 VENDORPATH\midtrans\midtrans-php\Midtrans\ApiRequestor.php(39): Midtrans\ApiRequestor::remoteCall()
 2 VENDORPATH\midtrans\midtrans-php\Midtrans\Snap.php(109): Midtrans\ApiRequestor::post()
 3 VENDORPATH\midtrans\midtrans-php\Midtrans\Snap.php(36): Midtrans\Snap::createTransaction()
 4 APPPATH\Controllers\Home.php(170): Midtrans\Snap::getSnapToken()
 5 SYSTEMPATH\CodeIgniter.php(896): App\Controllers\Home->checkout()
 6 SYSTEMPATH\CodeIgniter.php(466): CodeIgniter\CodeIgniter->runController()
 7 SYSTEMPATH\CodeIgniter.php(349): CodeIgniter\CodeIgniter->handleRequest()
 8 FCPATH\index.php(55): CodeIgniter\CodeIgniter->run()
 9 SYSTEMPATH\Commands\Server\rewrite.php(43): require_once('FCPATH\\index.php')
CRITICAL - 2022-08-05 05:34:53 --> CURL Error: Could not resolve host: app.sandbox.midtrans.com
in VENDORPATH\midtrans\midtrans-php\Midtrans\ApiRequestor.php on line 156.
 1 VENDORPATH\midtrans\midtrans-php\Midtrans\ApiRequestor.php(39): Midtrans\ApiRequestor::remoteCall()
 2 VENDORPATH\midtrans\midtrans-php\Midtrans\Snap.php(109): Midtrans\ApiRequestor::post()
 3 VENDORPATH\midtrans\midtrans-php\Midtrans\Snap.php(36): Midtrans\Snap::createTransaction()
 4 APPPATH\Controllers\Home.php(170): Midtrans\Snap::getSnapToken()
 5 SYSTEMPATH\CodeIgniter.php(896): App\Controllers\Home->checkout()
 6 SYSTEMPATH\CodeIgniter.php(466): CodeIgniter\CodeIgniter->runController()
 7 SYSTEMPATH\CodeIgniter.php(349): CodeIgniter\CodeIgniter->handleRequest()
 8 FCPATH\index.php(55): CodeIgniter\CodeIgniter->run()
 9 SYSTEMPATH\Commands\Server\rewrite.php(43): require_once('FCPATH\\index.php')
CRITICAL - 2022-08-05 05:35:23 --> CURL Error: Empty reply from server
in VENDORPATH\midtrans\midtrans-php\Midtrans\ApiRequestor.php on line 156.
 1 VENDORPATH\midtrans\midtrans-php\Midtrans\ApiRequestor.php(39): Midtrans\ApiRequestor::remoteCall()
 2 VENDORPATH\midtrans\midtrans-php\Midtrans\Snap.php(109): Midtrans\ApiRequestor::post()
 3 VENDORPATH\midtrans\midtrans-php\Midtrans\Snap.php(36): Midtrans\Snap::createTransaction()
 4 APPPATH\Controllers\Home.php(170): Midtrans\Snap::getSnapToken()
 5 SYSTEMPATH\CodeIgniter.php(896): App\Controllers\Home->checkout()
 6 SYSTEMPATH\CodeIgniter.php(466): CodeIgniter\CodeIgniter->runController()
 7 SYSTEMPATH\CodeIgniter.php(349): CodeIgniter\CodeIgniter->handleRequest()
 8 FCPATH\index.php(55): CodeIgniter\CodeIgniter->run()
 9 SYSTEMPATH\Commands\Server\rewrite.php(43): require_once('FCPATH\\index.php')
CRITICAL - 2022-08-05 05:36:25 --> CURL Error: Could not resolve host: app.sandbox.midtrans.com
in VENDORPATH\midtrans\midtrans-php\Midtrans\ApiRequestor.php on line 156.
 1 VENDORPATH\midtrans\midtrans-php\Midtrans\ApiRequestor.php(39): Midtrans\ApiRequestor::remoteCall()
 2 VENDORPATH\midtrans\midtrans-php\Midtrans\Snap.php(109): Midtrans\ApiRequestor::post()
 3 VENDORPATH\midtrans\midtrans-php\Midtrans\Snap.php(36): Midtrans\Snap::createTransaction()
 4 APPPATH\Controllers\Home.php(170): Midtrans\Snap::getSnapToken()
 5 SYSTEMPATH\CodeIgniter.php(896): App\Controllers\Home->checkout()
 6 SYSTEMPATH\CodeIgniter.php(466): CodeIgniter\CodeIgniter->runController()
 7 SYSTEMPATH\CodeIgniter.php(349): CodeIgniter\CodeIgniter->handleRequest()
 8 FCPATH\index.php(55): CodeIgniter\CodeIgniter->run()
 9 SYSTEMPATH\Commands\Server\rewrite.php(43): require_once('FCPATH\\index.php')
CRITICAL - 2022-08-05 05:50:42 --> Undefined variable: snapToken
in APPPATH\Views\front-end\order\cart.php on line 188.
 1 APPPATH\Views\front-end\order\cart.php(188): CodeIgniter\Debug\Exceptions->errorHandler()
 2 SYSTEMPATH\View\View.php(213): include('APPPATH\\Views\\front-end\\order\\cart.php')
 3 SYSTEMPATH\View\View.php(216): CodeIgniter\View\View->CodeIgniter\View\{closure}()
 4 SYSTEMPATH\Common.php(1135): CodeIgniter\View\View->render()
 5 APPPATH\Controllers\Home.php(121): view()
 6 SYSTEMPATH\CodeIgniter.php(896): App\Controllers\Home->cart()
 7 SYSTEMPATH\CodeIgniter.php(466): CodeIgniter\CodeIgniter->runController()
 8 SYSTEMPATH\CodeIgniter.php(349): CodeIgniter\CodeIgniter->handleRequest()
 9 FCPATH\index.php(55): CodeIgniter\CodeIgniter->run()
CRITICAL - 2022-08-05 05:53:48 --> CURL Error: Empty reply from server
in VENDORPATH\midtrans\midtrans-php\Midtrans\ApiRequestor.php on line 156.
 1 VENDORPATH\midtrans\midtrans-php\Midtrans\ApiRequestor.php(39): Midtrans\ApiRequestor::remoteCall()
 2 VENDORPATH\midtrans\midtrans-php\Midtrans\Snap.php(109): Midtrans\ApiRequestor::post()
 3 VENDORPATH\midtrans\midtrans-php\Midtrans\Snap.php(36): Midtrans\Snap::createTransaction()
 4 APPPATH\Controllers\Home.php(136): Midtrans\Snap::getSnapToken()
 5 SYSTEMPATH\CodeIgniter.php(896): App\Controllers\Home->cart()
 6 SYSTEMPATH\CodeIgniter.php(466): CodeIgniter\CodeIgniter->runController()
 7 SYSTEMPATH\CodeIgniter.php(349): CodeIgniter\CodeIgniter->handleRequest()
 8 FCPATH\index.php(55): CodeIgniter\CodeIgniter->run()
CRITICAL - 2022-08-05 05:54:20 --> Maximum execution time of 30 seconds exceeded
in VENDORPATH\midtrans\midtrans-php\Midtrans\ApiRequestor.php on line 150.
 1 [internal function]: CodeIgniter\Debug\Exceptions->shutdownHandler()
CRITICAL - 2022-08-05 06:02:19 --> CURL Error: Could not resolve host: app.sandbox.midtrans.com
in VENDORPATH\midtrans\midtrans-php\Midtrans\ApiRequestor.php on line 156.
 1 VENDORPATH\midtrans\midtrans-php\Midtrans\ApiRequestor.php(39): Midtrans\ApiRequestor::remoteCall()
 2 VENDORPATH\midtrans\midtrans-php\Midtrans\Snap.php(109): Midtrans\ApiRequestor::post()
 3 VENDORPATH\midtrans\midtrans-php\Midtrans\Snap.php(36): Midtrans\Snap::createTransaction()
 4 APPPATH\Controllers\Home.php(136): Midtrans\Snap::getSnapToken()
 5 SYSTEMPATH\CodeIgniter.php(896): App\Controllers\Home->cart()
 6 SYSTEMPATH\CodeIgniter.php(466): CodeIgniter\CodeIgniter->runController()
 7 SYSTEMPATH\CodeIgniter.php(349): CodeIgniter\CodeIgniter->handleRequest()
 8 FCPATH\index.php(55): CodeIgniter\CodeIgniter->run()
CRITICAL - 2022-08-05 06:44:28 --> CURL Error: Could not resolve host: app.sandbox.midtrans.com
in VENDORPATH\midtrans\midtrans-php\Midtrans\ApiRequestor.php on line 156.
 1 VENDORPATH\midtrans\midtrans-php\Midtrans\ApiRequestor.php(39): Midtrans\ApiRequestor::remoteCall()
 2 VENDORPATH\midtrans\midtrans-php\Midtrans\Snap.php(109): Midtrans\ApiRequestor::post()
 3 VENDORPATH\midtrans\midtrans-php\Midtrans\Snap.php(36): Midtrans\Snap::createTransaction()
 4 APPPATH\Controllers\Home.php(146): Midtrans\Snap::getSnapToken()
 5 SYSTEMPATH\CodeIgniter.php(896): App\Controllers\Home->checkout()
 6 SYSTEMPATH\CodeIgniter.php(466): CodeIgniter\CodeIgniter->runController()
 7 SYSTEMPATH\CodeIgniter.php(349): CodeIgniter\CodeIgniter->handleRequest()
 8 FCPATH\index.php(55): CodeIgniter\CodeIgniter->run()
 9 SYSTEMPATH\Commands\Server\rewrite.php(43): require_once('FCPATH\\index.php')
CRITICAL - 2022-08-05 07:50:21 --> Undefined property: stdClass::$email
in APPPATH\Views\front-end\order\changeAddress.php on line 20.
 1 APPPATH\Views\front-end\order\changeAddress.php(20): CodeIgniter\Debug\Exceptions->errorHandler()
 2 SYSTEMPATH\View\View.php(213): include('APPPATH\\Views\\front-end\\order\\changeAddress.php')
 3 SYSTEMPATH\View\View.php(216): CodeIgniter\View\View->CodeIgniter\View\{closure}()
 4 SYSTEMPATH\Common.php(1135): CodeIgniter\View\View->render()
 5 APPPATH\Controllers\Home.php(173): view()
 6 SYSTEMPATH\CodeIgniter.php(896): App\Controllers\Home->changeAddress()
 7 SYSTEMPATH\CodeIgniter.php(466): CodeIgniter\CodeIgniter->runController()
 8 SYSTEMPATH\CodeIgniter.php(349): CodeIgniter\CodeIgniter->handleRequest()
 9 FCPATH\index.php(55): CodeIgniter\CodeIgniter->run()
10 SYSTEMPATH\Commands\Server\rewrite.php(43): require_once('FCPATH\\index.php')
CRITICAL - 2022-08-05 07:50:34 --> Undefined property: stdClass::$email
in APPPATH\Views\front-end\order\changeAddress.php on line 20.
 1 APPPATH\Views\front-end\order\changeAddress.php(20): CodeIgniter\Debug\Exceptions->errorHandler()
 2 SYSTEMPATH\View\View.php(213): include('APPPATH\\Views\\front-end\\order\\changeAddress.php')
 3 SYSTEMPATH\View\View.php(216): CodeIgniter\View\View->CodeIgniter\View\{closure}()
 4 SYSTEMPATH\Common.php(1135): CodeIgniter\View\View->render()
 5 APPPATH\Controllers\Home.php(173): view()
 6 SYSTEMPATH\CodeIgniter.php(896): App\Controllers\Home->changeAddress()
 7 SYSTEMPATH\CodeIgniter.php(466): CodeIgniter\CodeIgniter->runController()
 8 SYSTEMPATH\CodeIgniter.php(349): CodeIgniter\CodeIgniter->handleRequest()
 9 FCPATH\index.php(55): CodeIgniter\CodeIgniter->run()
10 SYSTEMPATH\Commands\Server\rewrite.php(43): require_once('FCPATH\\index.php')
CRITICAL - 2022-08-05 07:52:20 --> Undefined property: stdClass::$email
in APPPATH\Views\front-end\order\changeAddress.php on line 20.
 1 APPPATH\Views\front-end\order\changeAddress.php(20): CodeIgniter\Debug\Exceptions->errorHandler()
 2 SYSTEMPATH\View\View.php(213): include('APPPATH\\Views\\front-end\\order\\changeAddress.php')
 3 SYSTEMPATH\View\View.php(216): CodeIgniter\View\View->CodeIgniter\View\{closure}()
 4 SYSTEMPATH\Common.php(1135): CodeIgniter\View\View->render()
 5 APPPATH\Controllers\Home.php(173): view()
 6 SYSTEMPATH\CodeIgniter.php(896): App\Controllers\Home->changeAddress()
 7 SYSTEMPATH\CodeIgniter.php(466): CodeIgniter\CodeIgniter->runController()
 8 SYSTEMPATH\CodeIgniter.php(349): CodeIgniter\CodeIgniter->handleRequest()
 9 FCPATH\index.php(55): CodeIgniter\CodeIgniter->run()
10 SYSTEMPATH\Commands\Server\rewrite.php(43): require_once('FCPATH\\index.php')
CRITICAL - 2022-08-05 07:57:37 --> Undefined property: stdClass::$email
in APPPATH\Views\front-end\order\changeAddress.php on line 20.
 1 APPPATH\Views\front-end\order\changeAddress.php(20): CodeIgniter\Debug\Exceptions->errorHandler()
 2 SYSTEMPATH\View\View.php(213): include('APPPATH\\Views\\front-end\\order\\changeAddress.php')
 3 SYSTEMPATH\View\View.php(216): CodeIgniter\View\View->CodeIgniter\View\{closure}()
 4 SYSTEMPATH\Common.php(1135): CodeIgniter\View\View->render()
 5 APPPATH\Controllers\Home.php(173): view()
 6 SYSTEMPATH\CodeIgniter.php(896): App\Controllers\Home->changeAddress()
 7 SYSTEMPATH\CodeIgniter.php(466): CodeIgniter\CodeIgniter->runController()
 8 SYSTEMPATH\CodeIgniter.php(349): CodeIgniter\CodeIgniter->handleRequest()
 9 FCPATH\index.php(55): CodeIgniter\CodeIgniter->run()
10 SYSTEMPATH\Commands\Server\rewrite.php(43): require_once('FCPATH\\index.php')
CRITICAL - 2022-08-05 07:59:20 --> Undefined property: stdClass::$email
in APPPATH\Views\front-end\order\changeAddress.php on line 20.
 1 APPPATH\Views\front-end\order\changeAddress.php(20): CodeIgniter\Debug\Exceptions->errorHandler()
 2 SYSTEMPATH\View\View.php(213): include('APPPATH\\Views\\front-end\\order\\changeAddress.php')
 3 SYSTEMPATH\View\View.php(216): CodeIgniter\View\View->CodeIgniter\View\{closure}()
 4 SYSTEMPATH\Common.php(1135): CodeIgniter\View\View->render()
 5 APPPATH\Controllers\Home.php(173): view()
 6 SYSTEMPATH\CodeIgniter.php(896): App\Controllers\Home->changeAddress()
 7 SYSTEMPATH\CodeIgniter.php(466): CodeIgniter\CodeIgniter->runController()
 8 SYSTEMPATH\CodeIgniter.php(349): CodeIgniter\CodeIgniter->handleRequest()
 9 FCPATH\index.php(55): CodeIgniter\CodeIgniter->run()
10 SYSTEMPATH\Commands\Server\rewrite.php(43): require_once('FCPATH\\index.php')
CRITICAL - 2022-08-05 08:15:09 --> Undefined property: CodeIgniter\Database\MySQLi\Result::$getNumRows
in APPPATH\Controllers\Home.php on line 134.
 1 APPPATH\Controllers\Home.php(134): CodeIgniter\Debug\Exceptions->errorHandler()
 2 SYSTEMPATH\CodeIgniter.php(896): App\Controllers\Home->checkout()
 3 SYSTEMPATH\CodeIgniter.php(466): CodeIgniter\CodeIgniter->runController()
 4 SYSTEMPATH\CodeIgniter.php(349): CodeIgniter\CodeIgniter->handleRequest()
 5 FCPATH\index.php(55): CodeIgniter\CodeIgniter->run()
 6 SYSTEMPATH\Commands\Server\rewrite.php(43): require_once('FCPATH\\index.php')
CRITICAL - 2022-08-05 08:17:57 --> Undefined property: CodeIgniter\Database\MySQLi\Result::$getNumRows
in APPPATH\Controllers\Home.php on line 134.
 1 APPPATH\Controllers\Home.php(134): CodeIgniter\Debug\Exceptions->errorHandler()
 2 SYSTEMPATH\CodeIgniter.php(896): App\Controllers\Home->checkout()
 3 SYSTEMPATH\CodeIgniter.php(466): CodeIgniter\CodeIgniter->runController()
 4 SYSTEMPATH\CodeIgniter.php(349): CodeIgniter\CodeIgniter->handleRequest()
 5 FCPATH\index.php(55): CodeIgniter\CodeIgniter->run()
 6 SYSTEMPATH\Commands\Server\rewrite.php(43): require_once('FCPATH\\index.php')
CRITICAL - 2022-08-05 08:18:06 --> Undefined property: CodeIgniter\Database\MySQLi\Result::$getNumRows
in APPPATH\Controllers\Home.php on line 134.
 1 APPPATH\Controllers\Home.php(134): CodeIgniter\Debug\Exceptions->errorHandler()
 2 SYSTEMPATH\CodeIgniter.php(896): App\Controllers\Home->checkout()
 3 SYSTEMPATH\CodeIgniter.php(466): CodeIgniter\CodeIgniter->runController()
 4 SYSTEMPATH\CodeIgniter.php(349): CodeIgniter\CodeIgniter->handleRequest()
 5 FCPATH\index.php(55): CodeIgniter\CodeIgniter->run()
 6 SYSTEMPATH\Commands\Server\rewrite.php(43): require_once('FCPATH\\index.php')
CRITICAL - 2022-08-05 08:29:35 --> Midtrans API is returning API error. HTTP status code: 400 API response: {"error_messages":["transaction_details.gross_amount is not a number"]}
in VENDORPATH\midtrans\midtrans-php\Midtrans\ApiRequestor.php on line 167.
 1 VENDORPATH\midtrans\midtrans-php\Midtrans\ApiRequestor.php(39): Midtrans\ApiRequestor::remoteCall()
 2 VENDORPATH\midtrans\midtrans-php\Midtrans\Snap.php(109): Midtrans\ApiRequestor::post()
 3 VENDORPATH\midtrans\midtrans-php\Midtrans\Snap.php(36): Midtrans\Snap::createTransaction()
 4 APPPATH\Controllers\Home.php(152): Midtrans\Snap::getSnapToken()
 5 SYSTEMPATH\CodeIgniter.php(896): App\Controllers\Home->checkout()
 6 SYSTEMPATH\CodeIgniter.php(466): CodeIgniter\CodeIgniter->runController()
 7 SYSTEMPATH\CodeIgniter.php(349): CodeIgniter\CodeIgniter->handleRequest()
 8 FCPATH\index.php(55): CodeIgniter\CodeIgniter->run()
 9 SYSTEMPATH\Commands\Server\rewrite.php(43): require_once('FCPATH\\index.php')
CRITICAL - 2022-08-05 09:32:18 --> Undefined index: name
in APPPATH\Views\front-end\order\cart.php on line 90.
 1 APPPATH\Views\front-end\order\cart.php(90): CodeIgniter\Debug\Exceptions->errorHandler()
 2 SYSTEMPATH\View\View.php(213): include('APPPATH\\Views\\front-end\\order\\cart.php')
 3 SYSTEMPATH\View\View.php(216): CodeIgniter\View\View->CodeIgniter\View\{closure}()
 4 SYSTEMPATH\Common.php(1135): CodeIgniter\View\View->render()
 5 APPPATH\Controllers\Home.php(121): view()
 6 SYSTEMPATH\CodeIgniter.php(896): App\Controllers\Home->cart()
 7 SYSTEMPATH\CodeIgniter.php(466): CodeIgniter\CodeIgniter->runController()
 8 SYSTEMPATH\CodeIgniter.php(349): CodeIgniter\CodeIgniter->handleRequest()
 9 FCPATH\index.php(55): CodeIgniter\CodeIgniter->run()
10 SYSTEMPATH\Commands\Server\rewrite.php(43): require_once('FCPATH\\index.php')
CRITICAL - 2022-08-05 10:12:20 --> Undefined variable: subtotal
in APPPATH\Views\front-end\order\cart.php on line 102.
 1 APPPATH\Views\front-end\order\cart.php(102): CodeIgniter\Debug\Exceptions->errorHandler()
 2 SYSTEMPATH\View\View.php(213): include('APPPATH\\Views\\front-end\\order\\cart.php')
 3 SYSTEMPATH\View\View.php(216): CodeIgniter\View\View->CodeIgniter\View\{closure}()
 4 SYSTEMPATH\Common.php(1135): CodeIgniter\View\View->render()
 5 APPPATH\Controllers\Home.php(121): view()
 6 SYSTEMPATH\CodeIgniter.php(896): App\Controllers\Home->cart()
 7 SYSTEMPATH\CodeIgniter.php(466): CodeIgniter\CodeIgniter->runController()
 8 SYSTEMPATH\CodeIgniter.php(349): CodeIgniter\CodeIgniter->handleRequest()
 9 FCPATH\index.php(55): CodeIgniter\CodeIgniter->run()
10 SYSTEMPATH\Commands\Server\rewrite.php(43): require_once('FCPATH\\index.php')
CRITICAL - 2022-08-05 10:18:19 --> Undefined index: total
in APPPATH\Views\front-end\order\cart.php on line 103.
 1 APPPATH\Views\front-end\order\cart.php(103): CodeIgniter\Debug\Exceptions->errorHandler()
 2 SYSTEMPATH\View\View.php(213): include('APPPATH\\Views\\front-end\\order\\cart.php')
 3 SYSTEMPATH\View\View.php(216): CodeIgniter\View\View->CodeIgniter\View\{closure}()
 4 SYSTEMPATH\Common.php(1135): CodeIgniter\View\View->render()
 5 APPPATH\Controllers\Home.php(121): view()
 6 SYSTEMPATH\CodeIgniter.php(896): App\Controllers\Home->cart()
 7 SYSTEMPATH\CodeIgniter.php(466): CodeIgniter\CodeIgniter->runController()
 8 SYSTEMPATH\CodeIgniter.php(349): CodeIgniter\CodeIgniter->handleRequest()
 9 FCPATH\index.php(55): CodeIgniter\CodeIgniter->run()
10 SYSTEMPATH\Commands\Server\rewrite.php(43): require_once('FCPATH\\index.php')
CRITICAL - 2022-08-05 10:18:31 --> Undefined index: total
in APPPATH\Views\front-end\order\cart.php on line 103.
 1 APPPATH\Views\front-end\order\cart.php(103): CodeIgniter\Debug\Exceptions->errorHandler()
 2 SYSTEMPATH\View\View.php(213): include('APPPATH\\Views\\front-end\\order\\cart.php')
 3 SYSTEMPATH\View\View.php(216): CodeIgniter\View\View->CodeIgniter\View\{closure}()
 4 SYSTEMPATH\Common.php(1135): CodeIgniter\View\View->render()
 5 APPPATH\Controllers\Home.php(121): view()
 6 SYSTEMPATH\CodeIgniter.php(896): App\Controllers\Home->cart()
 7 SYSTEMPATH\CodeIgniter.php(466): CodeIgniter\CodeIgniter->runController()
 8 SYSTEMPATH\CodeIgniter.php(349): CodeIgniter\CodeIgniter->handleRequest()
 9 FCPATH\index.php(55): CodeIgniter\CodeIgniter->run()
10 SYSTEMPATH\Commands\Server\rewrite.php(43): require_once('FCPATH\\index.php')
CRITICAL - 2022-08-05 10:18:38 --> Undefined index: total
in APPPATH\Views\front-end\order\cart.php on line 103.
 1 APPPATH\Views\front-end\order\cart.php(103): CodeIgniter\Debug\Exceptions->errorHandler()
 2 SYSTEMPATH\View\View.php(213): include('APPPATH\\Views\\front-end\\order\\cart.php')
 3 SYSTEMPATH\View\View.php(216): CodeIgniter\View\View->CodeIgniter\View\{closure}()
 4 SYSTEMPATH\Common.php(1135): CodeIgniter\View\View->render()
 5 APPPATH\Controllers\Home.php(121): view()
 6 SYSTEMPATH\CodeIgniter.php(896): App\Controllers\Home->cart()
 7 SYSTEMPATH\CodeIgniter.php(466): CodeIgniter\CodeIgniter->runController()
 8 SYSTEMPATH\CodeIgniter.php(349): CodeIgniter\CodeIgniter->handleRequest()
 9 FCPATH\index.php(55): CodeIgniter\CodeIgniter->run()
10 SYSTEMPATH\Commands\Server\rewrite.php(43): require_once('FCPATH\\index.php')
CRITICAL - 2022-08-05 10:27:15 --> CURL Error: Could not resolve host: app.sandbox.midtrans.com
in VENDORPATH\midtrans\midtrans-php\Midtrans\ApiRequestor.php on line 156.
 1 VENDORPATH\midtrans\midtrans-php\Midtrans\ApiRequestor.php(39): Midtrans\ApiRequestor::remoteCall()
 2 VENDORPATH\midtrans\midtrans-php\Midtrans\Snap.php(109): Midtrans\ApiRequestor::post()
 3 VENDORPATH\midtrans\midtrans-php\Midtrans\Snap.php(36): Midtrans\Snap::createTransaction()
 4 APPPATH\Controllers\Home.php(202): Midtrans\Snap::getSnapToken()
 5 SYSTEMPATH\CodeIgniter.php(896): App\Controllers\Home->checkout()
 6 SYSTEMPATH\CodeIgniter.php(466): CodeIgniter\CodeIgniter->runController()
 7 SYSTEMPATH\CodeIgniter.php(349): CodeIgniter\CodeIgniter->handleRequest()
 8 FCPATH\index.php(55): CodeIgniter\CodeIgniter->run()
 9 SYSTEMPATH\Commands\Server\rewrite.php(43): require_once('FCPATH\\index.php')
CRITICAL - 2022-08-05 10:27:42 --> Call to undefined function mysql_fetch_array()
in APPPATH\Views\front-end\order\cart.php on line 102.
 1 SYSTEMPATH\View\View.php(213): include()
 2 SYSTEMPATH\View\View.php(216): CodeIgniter\View\View->CodeIgniter\View\{closure}()
 3 SYSTEMPATH\Common.php(1135): CodeIgniter\View\View->render()
 4 APPPATH\Controllers\Home.php(121): view()
 5 SYSTEMPATH\CodeIgniter.php(896): App\Controllers\Home->cart()
 6 SYSTEMPATH\CodeIgniter.php(466): CodeIgniter\CodeIgniter->runController()
 7 SYSTEMPATH\CodeIgniter.php(349): CodeIgniter\CodeIgniter->handleRequest()
 8 FCPATH\index.php(55): CodeIgniter\CodeIgniter->run()
 9 SYSTEMPATH\Commands\Server\rewrite.php(43): require_once('FCPATH\\index.php')
CRITICAL - 2022-08-05 10:27:42 --> Call to undefined function mysql_fetch_array()
in APPPATH\Views\front-end\order\cart.php on line 102.
 1 SYSTEMPATH\View\View.php(213): include()
 2 SYSTEMPATH\View\View.php(216): CodeIgniter\View\View->CodeIgniter\View\{closure}()
 3 SYSTEMPATH\Common.php(1135): CodeIgniter\View\View->render()
 4 APPPATH\Controllers\Home.php(121): view()
 5 SYSTEMPATH\CodeIgniter.php(896): App\Controllers\Home->cart()
 6 SYSTEMPATH\CodeIgniter.php(466): CodeIgniter\CodeIgniter->runController()
 7 SYSTEMPATH\CodeIgniter.php(349): CodeIgniter\CodeIgniter->handleRequest()
 8 FCPATH\index.php(55): CodeIgniter\CodeIgniter->run()
 9 SYSTEMPATH\Commands\Server\rewrite.php(43): require_once('FCPATH\\index.php')
CRITICAL - 2022-08-05 10:40:19 --> Call to undefined method CodeIgniter\Database\MySQLi\Result::get()
in APPPATH\Controllers\Home.php on line 115.
 1 SYSTEMPATH\CodeIgniter.php(896): App\Controllers\Home->cart()
 2 SYSTEMPATH\CodeIgniter.php(466): CodeIgniter\CodeIgniter->runController()
 3 SYSTEMPATH\CodeIgniter.php(349): CodeIgniter\CodeIgniter->handleRequest()
 4 FCPATH\index.php(55): CodeIgniter\CodeIgniter->run()
 5 SYSTEMPATH\Commands\Server\rewrite.php(43): require_once('FCPATH\\index.php')
CRITICAL - 2022-08-05 10:41:40 --> Call to undefined method App\Models\CartModel::getRow
in SYSTEMPATH\Model.php on line 773.
 1 APPPATH\Controllers\Home.php(115): CodeIgniter\Model->__call()
 2 SYSTEMPATH\CodeIgniter.php(896): App\Controllers\Home->cart()
 3 SYSTEMPATH\CodeIgniter.php(466): CodeIgniter\CodeIgniter->runController()
 4 SYSTEMPATH\CodeIgniter.php(349): CodeIgniter\CodeIgniter->handleRequest()
 5 FCPATH\index.php(55): CodeIgniter\CodeIgniter->run()
 6 SYSTEMPATH\Commands\Server\rewrite.php(43): require_once('FCPATH\\index.php')
CRITICAL - 2022-08-05 10:41:56 --> Call to undefined method App\Models\CartModel::getRow
in SYSTEMPATH\Model.php on line 773.
 1 APPPATH\Controllers\Home.php(115): CodeIgniter\Model->__call()
 2 SYSTEMPATH\CodeIgniter.php(896): App\Controllers\Home->cart()
 3 SYSTEMPATH\CodeIgniter.php(466): CodeIgniter\CodeIgniter->runController()
 4 SYSTEMPATH\CodeIgniter.php(349): CodeIgniter\CodeIgniter->handleRequest()
 5 FCPATH\index.php(55): CodeIgniter\CodeIgniter->run()
 6 SYSTEMPATH\Commands\Server\rewrite.php(43): require_once('FCPATH\\index.php')
CRITICAL - 2022-08-05 11:18:13 --> Midtrans API is returning API error. HTTP status code: 400 API response: {"error_messages":["transaction_details.gross_amount is not a number"]}
in VENDORPATH\midtrans\midtrans-php\Midtrans\ApiRequestor.php on line 167.
 1 VENDORPATH\midtrans\midtrans-php\Midtrans\ApiRequestor.php(39): Midtrans\ApiRequestor::remoteCall()
 2 VENDORPATH\midtrans\midtrans-php\Midtrans\Snap.php(109): Midtrans\ApiRequestor::post()
 3 VENDORPATH\midtrans\midtrans-php\Midtrans\Snap.php(36): Midtrans\Snap::createTransaction()
 4 APPPATH\Controllers\Home.php(155): Midtrans\Snap::getSnapToken()
 5 SYSTEMPATH\CodeIgniter.php(896): App\Controllers\Home->checkout()
 6 SYSTEMPATH\CodeIgniter.php(466): CodeIgniter\CodeIgniter->runController()
 7 SYSTEMPATH\CodeIgniter.php(349): CodeIgniter\CodeIgniter->handleRequest()
 8 FCPATH\index.php(55): CodeIgniter\CodeIgniter->run()
 9 SYSTEMPATH\Commands\Server\rewrite.php(43): require_once('FCPATH\\index.php')
CRITICAL - 2022-08-05 11:42:50 --> Undefined property: CodeIgniter\Database\MySQLi\Result::$getResultArray
in APPPATH\Controllers\Home.php on line 135.
 1 APPPATH\Controllers\Home.php(135): CodeIgniter\Debug\Exceptions->errorHandler()
 2 SYSTEMPATH\CodeIgniter.php(896): App\Controllers\Home->checkout()
 3 SYSTEMPATH\CodeIgniter.php(466): CodeIgniter\CodeIgniter->runController()
 4 SYSTEMPATH\CodeIgniter.php(349): CodeIgniter\CodeIgniter->handleRequest()
 5 FCPATH\index.php(55): CodeIgniter\CodeIgniter->run()
 6 SYSTEMPATH\Commands\Server\rewrite.php(43): require_once('FCPATH\\index.php')
CRITICAL - 2022-08-05 11:50:56 --> Illegal string offset 'quantity'
in VENDORPATH\midtrans\midtrans-php\Midtrans\Snap.php on line 97.
 1 VENDORPATH\midtrans\midtrans-php\Midtrans\Snap.php(97): CodeIgniter\Debug\Exceptions->errorHandler()
 2 VENDORPATH\midtrans\midtrans-php\Midtrans\Snap.php(36): Midtrans\Snap::createTransaction()
 3 APPPATH\Controllers\Home.php(189): Midtrans\Snap::getSnapToken()
 4 SYSTEMPATH\CodeIgniter.php(896): App\Controllers\Home->checkout()
 5 SYSTEMPATH\CodeIgniter.php(466): CodeIgniter\CodeIgniter->runController()
 6 SYSTEMPATH\CodeIgniter.php(349): CodeIgniter\CodeIgniter->handleRequest()
 7 FCPATH\index.php(55): CodeIgniter\CodeIgniter->run()
 8 SYSTEMPATH\Commands\Server\rewrite.php(43): require_once('FCPATH\\index.php')
CRITICAL - 2022-08-05 11:51:28 --> Illegal string offset 'quantity'
in VENDORPATH\midtrans\midtrans-php\Midtrans\Snap.php on line 97.
 1 VENDORPATH\midtrans\midtrans-php\Midtrans\Snap.php(97): CodeIgniter\Debug\Exceptions->errorHandler()
 2 VENDORPATH\midtrans\midtrans-php\Midtrans\Snap.php(36): Midtrans\Snap::createTransaction()
 3 APPPATH\Controllers\Home.php(189): Midtrans\Snap::getSnapToken()
 4 SYSTEMPATH\CodeIgniter.php(896): App\Controllers\Home->checkout()
 5 SYSTEMPATH\CodeIgniter.php(466): CodeIgniter\CodeIgniter->runController()
 6 SYSTEMPATH\CodeIgniter.php(349): CodeIgniter\CodeIgniter->handleRequest()
 7 FCPATH\index.php(55): CodeIgniter\CodeIgniter->run()
 8 SYSTEMPATH\Commands\Server\rewrite.php(43): require_once('FCPATH\\index.php')
CRITICAL - 2022-08-05 11:51:53 --> Illegal string offset 'quantity'
in VENDORPATH\midtrans\midtrans-php\Midtrans\Snap.php on line 97.
 1 VENDORPATH\midtrans\midtrans-php\Midtrans\Snap.php(97): CodeIgniter\Debug\Exceptions->errorHandler()
 2 VENDORPATH\midtrans\midtrans-php\Midtrans\Snap.php(36): Midtrans\Snap::createTransaction()
 3 APPPATH\Controllers\Home.php(189): Midtrans\Snap::getSnapToken()
 4 SYSTEMPATH\CodeIgniter.php(896): App\Controllers\Home->checkout()
 5 SYSTEMPATH\CodeIgniter.php(466): CodeIgniter\CodeIgniter->runController()
 6 SYSTEMPATH\CodeIgniter.php(349): CodeIgniter\CodeIgniter->handleRequest()
 7 FCPATH\index.php(55): CodeIgniter\CodeIgniter->run()
 8 SYSTEMPATH\Commands\Server\rewrite.php(43): require_once('FCPATH\\index.php')
CRITICAL - 2022-08-05 11:54:18 --> Illegal string offset 'quantity'
in VENDORPATH\midtrans\midtrans-php\Midtrans\Snap.php on line 97.
 1 VENDORPATH\midtrans\midtrans-php\Midtrans\Snap.php(97): CodeIgniter\Debug\Exceptions->errorHandler()
 2 VENDORPATH\midtrans\midtrans-php\Midtrans\Snap.php(36): Midtrans\Snap::createTransaction()
 3 APPPATH\Controllers\Home.php(189): Midtrans\Snap::getSnapToken()
 4 SYSTEMPATH\CodeIgniter.php(896): App\Controllers\Home->checkout()
 5 SYSTEMPATH\CodeIgniter.php(466): CodeIgniter\CodeIgniter->runController()
 6 SYSTEMPATH\CodeIgniter.php(349): CodeIgniter\CodeIgniter->handleRequest()
 7 FCPATH\index.php(55): CodeIgniter\CodeIgniter->run()
 8 SYSTEMPATH\Commands\Server\rewrite.php(43): require_once('FCPATH\\index.php')
CRITICAL - 2022-08-05 11:57:22 --> Illegal string offset 'quantity'
in VENDORPATH\midtrans\midtrans-php\Midtrans\Snap.php on line 97.
 1 VENDORPATH\midtrans\midtrans-php\Midtrans\Snap.php(97): CodeIgniter\Debug\Exceptions->errorHandler()
 2 VENDORPATH\midtrans\midtrans-php\Midtrans\Snap.php(36): Midtrans\Snap::createTransaction()
 3 APPPATH\Controllers\Home.php(190): Midtrans\Snap::getSnapToken()
 4 SYSTEMPATH\CodeIgniter.php(896): App\Controllers\Home->checkout()
 5 SYSTEMPATH\CodeIgniter.php(466): CodeIgniter\CodeIgniter->runController()
 6 SYSTEMPATH\CodeIgniter.php(349): CodeIgniter\CodeIgniter->handleRequest()
 7 FCPATH\index.php(55): CodeIgniter\CodeIgniter->run()
 8 SYSTEMPATH\Commands\Server\rewrite.php(43): require_once('FCPATH\\index.php')
CRITICAL - 2022-08-05 11:58:10 --> Illegal string offset 'quantity'
in VENDORPATH\midtrans\midtrans-php\Midtrans\Snap.php on line 97.
 1 VENDORPATH\midtrans\midtrans-php\Midtrans\Snap.php(97): CodeIgniter\Debug\Exceptions->errorHandler()
 2 VENDORPATH\midtrans\midtrans-php\Midtrans\Snap.php(36): Midtrans\Snap::createTransaction()
 3 APPPATH\Controllers\Home.php(190): Midtrans\Snap::getSnapToken()
 4 SYSTEMPATH\CodeIgniter.php(896): App\Controllers\Home->checkout()
 5 SYSTEMPATH\CodeIgniter.php(466): CodeIgniter\CodeIgniter->runController()
 6 SYSTEMPATH\CodeIgniter.php(349): CodeIgniter\CodeIgniter->handleRequest()
 7 FCPATH\index.php(55): CodeIgniter\CodeIgniter->run()
 8 SYSTEMPATH\Commands\Server\rewrite.php(43): require_once('FCPATH\\index.php')
CRITICAL - 2022-08-05 12:00:40 --> Illegal string offset 'quantity'
in VENDORPATH\midtrans\midtrans-php\Midtrans\Snap.php on line 97.
 1 VENDORPATH\midtrans\midtrans-php\Midtrans\Snap.php(97): CodeIgniter\Debug\Exceptions->errorHandler()
 2 VENDORPATH\midtrans\midtrans-php\Midtrans\Snap.php(36): Midtrans\Snap::createTransaction()
 3 APPPATH\Controllers\Home.php(192): Midtrans\Snap::getSnapToken()
 4 SYSTEMPATH\CodeIgniter.php(896): App\Controllers\Home->checkout()
 5 SYSTEMPATH\CodeIgniter.php(466): CodeIgniter\CodeIgniter->runController()
 6 SYSTEMPATH\CodeIgniter.php(349): CodeIgniter\CodeIgniter->handleRequest()
 7 FCPATH\index.php(55): CodeIgniter\CodeIgniter->run()
 8 SYSTEMPATH\Commands\Server\rewrite.php(43): require_once('FCPATH\\index.php')
CRITICAL - 2022-08-05 12:01:19 --> Illegal string offset 'quantity'
in VENDORPATH\midtrans\midtrans-php\Midtrans\Snap.php on line 97.
 1 VENDORPATH\midtrans\midtrans-php\Midtrans\Snap.php(97): CodeIgniter\Debug\Exceptions->errorHandler()
 2 VENDORPATH\midtrans\midtrans-php\Midtrans\Snap.php(36): Midtrans\Snap::createTransaction()
 3 APPPATH\Controllers\Home.php(191): Midtrans\Snap::getSnapToken()
 4 SYSTEMPATH\CodeIgniter.php(896): App\Controllers\Home->checkout()
 5 SYSTEMPATH\CodeIgniter.php(466): CodeIgniter\CodeIgniter->runController()
 6 SYSTEMPATH\CodeIgniter.php(349): CodeIgniter\CodeIgniter->handleRequest()
 7 FCPATH\index.php(55): CodeIgniter\CodeIgniter->run()
 8 SYSTEMPATH\Commands\Server\rewrite.php(43): require_once('FCPATH\\index.php')
CRITICAL - 2022-08-05 12:08:17 --> Undefined index: first_name
in APPPATH\Controllers\Home.php on line 164.
 1 APPPATH\Controllers\Home.php(164): CodeIgniter\Debug\Exceptions->errorHandler()
 2 SYSTEMPATH\CodeIgniter.php(896): App\Controllers\Home->checkout()
 3 SYSTEMPATH\CodeIgniter.php(466): CodeIgniter\CodeIgniter->runController()
 4 SYSTEMPATH\CodeIgniter.php(349): CodeIgniter\CodeIgniter->handleRequest()
 5 FCPATH\index.php(55): CodeIgniter\CodeIgniter->run()
 6 SYSTEMPATH\Commands\Server\rewrite.php(43): require_once('FCPATH\\index.php')
CRITICAL - 2022-08-05 12:08:52 --> Undefined index: first_name
in APPPATH\Controllers\Home.php on line 164.
 1 APPPATH\Controllers\Home.php(164): CodeIgniter\Debug\Exceptions->errorHandler()
 2 SYSTEMPATH\CodeIgniter.php(896): App\Controllers\Home->checkout()
 3 SYSTEMPATH\CodeIgniter.php(466): CodeIgniter\CodeIgniter->runController()
 4 SYSTEMPATH\CodeIgniter.php(349): CodeIgniter\CodeIgniter->handleRequest()
 5 FCPATH\index.php(55): CodeIgniter\CodeIgniter->run()
 6 SYSTEMPATH\Commands\Server\rewrite.php(43): require_once('FCPATH\\index.php')
CRITICAL - 2022-08-05 12:09:31 --> Undefined index: first_name
in APPPATH\Controllers\Home.php on line 164.
 1 APPPATH\Controllers\Home.php(164): CodeIgniter\Debug\Exceptions->errorHandler()
 2 SYSTEMPATH\CodeIgniter.php(896): App\Controllers\Home->checkout()
 3 SYSTEMPATH\CodeIgniter.php(466): CodeIgniter\CodeIgniter->runController()
 4 SYSTEMPATH\CodeIgniter.php(349): CodeIgniter\CodeIgniter->handleRequest()
 5 FCPATH\index.php(55): CodeIgniter\CodeIgniter->run()
 6 SYSTEMPATH\Commands\Server\rewrite.php(43): require_once('FCPATH\\index.php')
CRITICAL - 2022-08-05 12:09:46 --> Undefined index: first_name
in APPPATH\Controllers\Home.php on line 164.
 1 APPPATH\Controllers\Home.php(164): CodeIgniter\Debug\Exceptions->errorHandler()
 2 SYSTEMPATH\CodeIgniter.php(896): App\Controllers\Home->checkout()
 3 SYSTEMPATH\CodeIgniter.php(466): CodeIgniter\CodeIgniter->runController()
 4 SYSTEMPATH\CodeIgniter.php(349): CodeIgniter\CodeIgniter->handleRequest()
 5 FCPATH\index.php(55): CodeIgniter\CodeIgniter->run()
 6 SYSTEMPATH\Commands\Server\rewrite.php(43): require_once('FCPATH\\index.php')
CRITICAL - 2022-08-05 12:09:49 --> Undefined index: first_name
in APPPATH\Controllers\Home.php on line 164.
 1 APPPATH\Controllers\Home.php(164): CodeIgniter\Debug\Exceptions->errorHandler()
 2 SYSTEMPATH\CodeIgniter.php(896): App\Controllers\Home->checkout()
 3 SYSTEMPATH\CodeIgniter.php(466): CodeIgniter\CodeIgniter->runController()
 4 SYSTEMPATH\CodeIgniter.php(349): CodeIgniter\CodeIgniter->handleRequest()
 5 FCPATH\index.php(55): CodeIgniter\CodeIgniter->run()
 6 SYSTEMPATH\Commands\Server\rewrite.php(43): require_once('FCPATH\\index.php')
CRITICAL - 2022-08-05 12:10:12 --> Undefined index: first_name
in APPPATH\Controllers\Home.php on line 164.
 1 APPPATH\Controllers\Home.php(164): CodeIgniter\Debug\Exceptions->errorHandler()
 2 SYSTEMPATH\CodeIgniter.php(896): App\Controllers\Home->checkout()
 3 SYSTEMPATH\CodeIgniter.php(466): CodeIgniter\CodeIgniter->runController()
 4 SYSTEMPATH\CodeIgniter.php(349): CodeIgniter\CodeIgniter->handleRequest()
 5 FCPATH\index.php(55): CodeIgniter\CodeIgniter->run()
 6 SYSTEMPATH\Commands\Server\rewrite.php(43): require_once('FCPATH\\index.php')
CRITICAL - 2022-08-05 12:10:38 --> Undefined index: first_name
in APPPATH\Controllers\Home.php on line 164.
 1 APPPATH\Controllers\Home.php(164): CodeIgniter\Debug\Exceptions->errorHandler()
 2 SYSTEMPATH\CodeIgniter.php(896): App\Controllers\Home->checkout()
 3 SYSTEMPATH\CodeIgniter.php(466): CodeIgniter\CodeIgniter->runController()
 4 SYSTEMPATH\CodeIgniter.php(349): CodeIgniter\CodeIgniter->handleRequest()
 5 FCPATH\index.php(55): CodeIgniter\CodeIgniter->run()
 6 SYSTEMPATH\Commands\Server\rewrite.php(43): require_once('FCPATH\\index.php')
CRITICAL - 2022-08-05 12:13:05 --> Illegal string offset 'quantity'
in VENDORPATH\midtrans\midtrans-php\Midtrans\Snap.php on line 97.
 1 VENDORPATH\midtrans\midtrans-php\Midtrans\Snap.php(97): CodeIgniter\Debug\Exceptions->errorHandler()
 2 VENDORPATH\midtrans\midtrans-php\Midtrans\Snap.php(36): Midtrans\Snap::createTransaction()
 3 APPPATH\Controllers\Home.php(180): Midtrans\Snap::getSnapToken()
 4 SYSTEMPATH\CodeIgniter.php(896): App\Controllers\Home->checkout()
 5 SYSTEMPATH\CodeIgniter.php(466): CodeIgniter\CodeIgniter->runController()
 6 SYSTEMPATH\CodeIgniter.php(349): CodeIgniter\CodeIgniter->handleRequest()
 7 FCPATH\index.php(55): CodeIgniter\CodeIgniter->run()
 8 SYSTEMPATH\Commands\Server\rewrite.php(43): require_once('FCPATH\\index.php')
CRITICAL - 2022-08-05 12:15:57 --> Illegal string offset 'quantity'
in VENDORPATH\midtrans\midtrans-php\Midtrans\Snap.php on line 97.
 1 VENDORPATH\midtrans\midtrans-php\Midtrans\Snap.php(97): CodeIgniter\Debug\Exceptions->errorHandler()
 2 VENDORPATH\midtrans\midtrans-php\Midtrans\Snap.php(36): Midtrans\Snap::createTransaction()
 3 APPPATH\Controllers\Home.php(180): Midtrans\Snap::getSnapToken()
 4 SYSTEMPATH\CodeIgniter.php(896): App\Controllers\Home->checkout()
 5 SYSTEMPATH\CodeIgniter.php(466): CodeIgniter\CodeIgniter->runController()
 6 SYSTEMPATH\CodeIgniter.php(349): CodeIgniter\CodeIgniter->handleRequest()
 7 FCPATH\index.php(55): CodeIgniter\CodeIgniter->run()
 8 SYSTEMPATH\Commands\Server\rewrite.php(43): require_once('FCPATH\\index.php')
CRITICAL - 2022-08-05 12:16:02 --> Illegal string offset 'quantity'
in VENDORPATH\midtrans\midtrans-php\Midtrans\Snap.php on line 97.
 1 VENDORPATH\midtrans\midtrans-php\Midtrans\Snap.php(97): CodeIgniter\Debug\Exceptions->errorHandler()
 2 VENDORPATH\midtrans\midtrans-php\Midtrans\Snap.php(36): Midtrans\Snap::createTransaction()
 3 APPPATH\Controllers\Home.php(180): Midtrans\Snap::getSnapToken()
 4 SYSTEMPATH\CodeIgniter.php(896): App\Controllers\Home->checkout()
 5 SYSTEMPATH\CodeIgniter.php(466): CodeIgniter\CodeIgniter->runController()
 6 SYSTEMPATH\CodeIgniter.php(349): CodeIgniter\CodeIgniter->handleRequest()
 7 FCPATH\index.php(55): CodeIgniter\CodeIgniter->run()
 8 SYSTEMPATH\Commands\Server\rewrite.php(43): require_once('FCPATH\\index.php')
CRITICAL - 2022-08-05 12:17:32 --> Illegal string offset 'quantity'
in VENDORPATH\midtrans\midtrans-php\Midtrans\Snap.php on line 97.
 1 VENDORPATH\midtrans\midtrans-php\Midtrans\Snap.php(97): CodeIgniter\Debug\Exceptions->errorHandler()
 2 VENDORPATH\midtrans\midtrans-php\Midtrans\Snap.php(36): Midtrans\Snap::createTransaction()
 3 APPPATH\Controllers\Home.php(180): Midtrans\Snap::getSnapToken()
 4 SYSTEMPATH\CodeIgniter.php(896): App\Controllers\Home->checkout()
 5 SYSTEMPATH\CodeIgniter.php(466): CodeIgniter\CodeIgniter->runController()
 6 SYSTEMPATH\CodeIgniter.php(349): CodeIgniter\CodeIgniter->handleRequest()
 7 FCPATH\index.php(55): CodeIgniter\CodeIgniter->run()
 8 SYSTEMPATH\Commands\Server\rewrite.php(43): require_once('FCPATH\\index.php')
CRITICAL - 2022-08-05 12:17:50 --> Illegal string offset 'quantity'
in VENDORPATH\midtrans\midtrans-php\Midtrans\Snap.php on line 97.
 1 VENDORPATH\midtrans\midtrans-php\Midtrans\Snap.php(97): CodeIgniter\Debug\Exceptions->errorHandler()
 2 VENDORPATH\midtrans\midtrans-php\Midtrans\Snap.php(36): Midtrans\Snap::createTransaction()
 3 APPPATH\Controllers\Home.php(180): Midtrans\Snap::getSnapToken()
 4 SYSTEMPATH\CodeIgniter.php(896): App\Controllers\Home->checkout()
 5 SYSTEMPATH\CodeIgniter.php(466): CodeIgniter\CodeIgniter->runController()
 6 SYSTEMPATH\CodeIgniter.php(349): CodeIgniter\CodeIgniter->handleRequest()
 7 FCPATH\index.php(55): CodeIgniter\CodeIgniter->run()
 8 SYSTEMPATH\Commands\Server\rewrite.php(43): require_once('FCPATH\\index.php')
CRITICAL - 2022-08-05 12:18:12 --> Illegal string offset 'quantity'
in VENDORPATH\midtrans\midtrans-php\Midtrans\Snap.php on line 97.
 1 VENDORPATH\midtrans\midtrans-php\Midtrans\Snap.php(97): CodeIgniter\Debug\Exceptions->errorHandler()
 2 VENDORPATH\midtrans\midtrans-php\Midtrans\Snap.php(36): Midtrans\Snap::createTransaction()
 3 APPPATH\Controllers\Home.php(180): Midtrans\Snap::getSnapToken()
 4 SYSTEMPATH\CodeIgniter.php(896): App\Controllers\Home->checkout()
 5 SYSTEMPATH\CodeIgniter.php(466): CodeIgniter\CodeIgniter->runController()
 6 SYSTEMPATH\CodeIgniter.php(349): CodeIgniter\CodeIgniter->handleRequest()
 7 FCPATH\index.php(55): CodeIgniter\CodeIgniter->run()
 8 SYSTEMPATH\Commands\Server\rewrite.php(43): require_once('FCPATH\\index.php')
CRITICAL - 2022-08-05 12:18:46 --> Illegal string offset 'quantity'
in VENDORPATH\midtrans\midtrans-php\Midtrans\Snap.php on line 97.
 1 VENDORPATH\midtrans\midtrans-php\Midtrans\Snap.php(97): CodeIgniter\Debug\Exceptions->errorHandler()
 2 VENDORPATH\midtrans\midtrans-php\Midtrans\Snap.php(36): Midtrans\Snap::createTransaction()
 3 APPPATH\Controllers\Home.php(180): Midtrans\Snap::getSnapToken()
 4 SYSTEMPATH\CodeIgniter.php(896): App\Controllers\Home->checkout()
 5 SYSTEMPATH\CodeIgniter.php(466): CodeIgniter\CodeIgniter->runController()
 6 SYSTEMPATH\CodeIgniter.php(349): CodeIgniter\CodeIgniter->handleRequest()
 7 FCPATH\index.php(55): CodeIgniter\CodeIgniter->run()
 8 SYSTEMPATH\Commands\Server\rewrite.php(43): require_once('FCPATH\\index.php')
CRITICAL - 2022-08-05 12:21:54 --> Illegal string offset 'quantity'
in VENDORPATH\midtrans\midtrans-php\Midtrans\Snap.php on line 97.
 1 VENDORPATH\midtrans\midtrans-php\Midtrans\Snap.php(97): CodeIgniter\Debug\Exceptions->errorHandler()
 2 VENDORPATH\midtrans\midtrans-php\Midtrans\Snap.php(36): Midtrans\Snap::createTransaction()
 3 APPPATH\Controllers\Home.php(180): Midtrans\Snap::getSnapToken()
 4 SYSTEMPATH\CodeIgniter.php(896): App\Controllers\Home->checkout()
 5 SYSTEMPATH\CodeIgniter.php(466): CodeIgniter\CodeIgniter->runController()
 6 SYSTEMPATH\CodeIgniter.php(349): CodeIgniter\CodeIgniter->handleRequest()
 7 FCPATH\index.php(55): CodeIgniter\CodeIgniter->run()
 8 SYSTEMPATH\Commands\Server\rewrite.php(43): require_once('FCPATH\\index.php')
CRITICAL - 2022-08-05 12:23:37 --> Illegal string offset 'quantity'
in VENDORPATH\midtrans\midtrans-php\Midtrans\Snap.php on line 97.
 1 VENDORPATH\midtrans\midtrans-php\Midtrans\Snap.php(97): CodeIgniter\Debug\Exceptions->errorHandler()
 2 VENDORPATH\midtrans\midtrans-php\Midtrans\Snap.php(36): Midtrans\Snap::createTransaction()
 3 APPPATH\Controllers\Home.php(181): Midtrans\Snap::getSnapToken()
 4 SYSTEMPATH\CodeIgniter.php(896): App\Controllers\Home->checkout()
 5 SYSTEMPATH\CodeIgniter.php(466): CodeIgniter\CodeIgniter->runController()
 6 SYSTEMPATH\CodeIgniter.php(349): CodeIgniter\CodeIgniter->handleRequest()
 7 FCPATH\index.php(55): CodeIgniter\CodeIgniter->run()
 8 SYSTEMPATH\Commands\Server\rewrite.php(43): require_once('FCPATH\\index.php')
CRITICAL - 2022-08-05 12:24:39 --> Midtrans API is returning API error. HTTP status code: 400 API response: {"error_messages":["transaction_details.gross_amount harus sama atau lebih besar dari 0.01"]}
in VENDORPATH\midtrans\midtrans-php\Midtrans\ApiRequestor.php on line 167.
 1 VENDORPATH\midtrans\midtrans-php\Midtrans\ApiRequestor.php(39): Midtrans\ApiRequestor::remoteCall()
 2 VENDORPATH\midtrans\midtrans-php\Midtrans\Snap.php(109): Midtrans\ApiRequestor::post()
 3 VENDORPATH\midtrans\midtrans-php\Midtrans\Snap.php(36): Midtrans\Snap::createTransaction()
 4 APPPATH\Controllers\Home.php(196): Midtrans\Snap::getSnapToken()
 5 SYSTEMPATH\CodeIgniter.php(896): App\Controllers\Home->checkout()
 6 SYSTEMPATH\CodeIgniter.php(466): CodeIgniter\CodeIgniter->runController()
 7 SYSTEMPATH\CodeIgniter.php(349): CodeIgniter\CodeIgniter->handleRequest()
 8 FCPATH\index.php(55): CodeIgniter\CodeIgniter->run()
 9 SYSTEMPATH\Commands\Server\rewrite.php(43): require_once('FCPATH\\index.php')
CRITICAL - 2022-08-05 12:26:13 --> Undefined index: first_name
in APPPATH\Controllers\Home.php on line 180.
 1 APPPATH\Controllers\Home.php(180): CodeIgniter\Debug\Exceptions->errorHandler()
 2 SYSTEMPATH\CodeIgniter.php(896): App\Controllers\Home->checkout()
 3 SYSTEMPATH\CodeIgniter.php(466): CodeIgniter\CodeIgniter->runController()
 4 SYSTEMPATH\CodeIgniter.php(349): CodeIgniter\CodeIgniter->handleRequest()
 5 FCPATH\index.php(55): CodeIgniter\CodeIgniter->run()
 6 SYSTEMPATH\Commands\Server\rewrite.php(43): require_once('FCPATH\\index.php')
CRITICAL - 2022-08-05 12:27:16 --> Undefined index: first_name
in APPPATH\Controllers\Home.php on line 177.
 1 APPPATH\Controllers\Home.php(177): CodeIgniter\Debug\Exceptions->errorHandler()
 2 SYSTEMPATH\CodeIgniter.php(896): App\Controllers\Home->checkout()
 3 SYSTEMPATH\CodeIgniter.php(466): CodeIgniter\CodeIgniter->runController()
 4 SYSTEMPATH\CodeIgniter.php(349): CodeIgniter\CodeIgniter->handleRequest()
 5 FCPATH\index.php(55): CodeIgniter\CodeIgniter->run()
 6 SYSTEMPATH\Commands\Server\rewrite.php(43): require_once('FCPATH\\index.php')
CRITICAL - 2022-08-05 12:28:12 --> Undefined index: first_name
in APPPATH\Controllers\Home.php on line 177.
 1 APPPATH\Controllers\Home.php(177): CodeIgniter\Debug\Exceptions->errorHandler()
 2 SYSTEMPATH\CodeIgniter.php(896): App\Controllers\Home->checkout()
 3 SYSTEMPATH\CodeIgniter.php(466): CodeIgniter\CodeIgniter->runController()
 4 SYSTEMPATH\CodeIgniter.php(349): CodeIgniter\CodeIgniter->handleRequest()
 5 FCPATH\index.php(55): CodeIgniter\CodeIgniter->run()
 6 SYSTEMPATH\Commands\Server\rewrite.php(43): require_once('FCPATH\\index.php')
CRITICAL - 2022-08-05 12:28:51 --> Cannot use object of type stdClass as array
in APPPATH\Controllers\Home.php on line 182.
 1 SYSTEMPATH\CodeIgniter.php(896): App\Controllers\Home->checkout()
 2 SYSTEMPATH\CodeIgniter.php(466): CodeIgniter\CodeIgniter->runController()
 3 SYSTEMPATH\CodeIgniter.php(349): CodeIgniter\CodeIgniter->handleRequest()
 4 FCPATH\index.php(55): CodeIgniter\CodeIgniter->run()
 5 SYSTEMPATH\Commands\Server\rewrite.php(43): require_once('FCPATH\\index.php')
CRITICAL - 2022-08-05 12:29:11 --> Cannot use object of type stdClass as array
in APPPATH\Controllers\Home.php on line 177.
 1 SYSTEMPATH\CodeIgniter.php(896): App\Controllers\Home->checkout()
 2 SYSTEMPATH\CodeIgniter.php(466): CodeIgniter\CodeIgniter->runController()
 3 SYSTEMPATH\CodeIgniter.php(349): CodeIgniter\CodeIgniter->handleRequest()
 4 FCPATH\index.php(55): CodeIgniter\CodeIgniter->run()
 5 SYSTEMPATH\Commands\Server\rewrite.php(43): require_once('FCPATH\\index.php')
CRITICAL - 2022-08-05 12:29:48 --> Undefined variable: customer_details
in APPPATH\Controllers\Home.php on line 194.
 1 APPPATH\Controllers\Home.php(194): CodeIgniter\Debug\Exceptions->errorHandler()
 2 SYSTEMPATH\CodeIgniter.php(896): App\Controllers\Home->checkout()
 3 SYSTEMPATH\CodeIgniter.php(466): CodeIgniter\CodeIgniter->runController()
 4 SYSTEMPATH\CodeIgniter.php(349): CodeIgniter\CodeIgniter->handleRequest()
 5 FCPATH\index.php(55): CodeIgniter\CodeIgniter->run()
 6 SYSTEMPATH\Commands\Server\rewrite.php(43): require_once('FCPATH\\index.php')
CRITICAL - 2022-08-05 12:39:26 --> Undefined variable: items
in APPPATH\Controllers\Home.php on line 204.
 1 APPPATH\Controllers\Home.php(204): CodeIgniter\Debug\Exceptions->errorHandler()
 2 SYSTEMPATH\CodeIgniter.php(896): App\Controllers\Home->checkout()
 3 SYSTEMPATH\CodeIgniter.php(466): CodeIgniter\CodeIgniter->runController()
 4 SYSTEMPATH\CodeIgniter.php(349): CodeIgniter\CodeIgniter->handleRequest()
 5 FCPATH\index.php(55): CodeIgniter\CodeIgniter->run()
 6 SYSTEMPATH\Commands\Server\rewrite.php(43): require_once('FCPATH\\index.php')
CRITICAL - 2022-08-05 12:40:00 --> Illegal string offset 'quantity'
in VENDORPATH\midtrans\midtrans-php\Midtrans\Snap.php on line 97.
 1 VENDORPATH\midtrans\midtrans-php\Midtrans\Snap.php(97): CodeIgniter\Debug\Exceptions->errorHandler()
 2 VENDORPATH\midtrans\midtrans-php\Midtrans\Snap.php(36): Midtrans\Snap::createTransaction()
 3 APPPATH\Controllers\Home.php(208): Midtrans\Snap::getSnapToken()
 4 SYSTEMPATH\CodeIgniter.php(896): App\Controllers\Home->checkout()
 5 SYSTEMPATH\CodeIgniter.php(466): CodeIgniter\CodeIgniter->runController()
 6 SYSTEMPATH\CodeIgniter.php(349): CodeIgniter\CodeIgniter->handleRequest()
 7 FCPATH\index.php(55): CodeIgniter\CodeIgniter->run()
 8 SYSTEMPATH\Commands\Server\rewrite.php(43): require_once('FCPATH\\index.php')
CRITICAL - 2022-08-05 20:34:54 --> Trying to get property 'first_name' of non-object
in APPPATH\Views\front-end\order\cart.php on line 64.
 1 APPPATH\Views\front-end\order\cart.php(64): CodeIgniter\Debug\Exceptions->errorHandler()
 2 SYSTEMPATH\View\View.php(213): include('APPPATH\\Views\\front-end\\order\\cart.php')
 3 SYSTEMPATH\View\View.php(216): CodeIgniter\View\View->CodeIgniter\View\{closure}()
 4 SYSTEMPATH\Common.php(1135): CodeIgniter\View\View->render()
 5 APPPATH\Controllers\Home.php(122): view()
 6 SYSTEMPATH\CodeIgniter.php(896): App\Controllers\Home->cart()
 7 SYSTEMPATH\CodeIgniter.php(466): CodeIgniter\CodeIgniter->runController()
 8 SYSTEMPATH\CodeIgniter.php(349): CodeIgniter\CodeIgniter->handleRequest()
 9 FCPATH\index.php(55): CodeIgniter\CodeIgniter->run()
10 SYSTEMPATH\Commands\Server\rewrite.php(43): require_once('FCPATH\\index.php')
CRITICAL - 2022-08-05 20:40:24 --> Trying to access array offset on value of type null
in APPPATH\Views\back-end\index.php on line 141.
 1 APPPATH\Views\back-end\index.php(141): CodeIgniter\Debug\Exceptions->errorHandler()
 2 SYSTEMPATH\View\View.php(213): include('APPPATH\\Views\\back-end\\index.php')
 3 SYSTEMPATH\View\View.php(216): CodeIgniter\View\View->CodeIgniter\View\{closure}()
 4 SYSTEMPATH\Common.php(1135): CodeIgniter\View\View->render()
 5 APPPATH\Controllers\Dashboard.php(49): view()
 6 SYSTEMPATH\CodeIgniter.php(896): App\Controllers\Dashboard->index()
 7 SYSTEMPATH\CodeIgniter.php(466): CodeIgniter\CodeIgniter->runController()
 8 SYSTEMPATH\CodeIgniter.php(349): CodeIgniter\CodeIgniter->handleRequest()
 9 FCPATH\index.php(55): CodeIgniter\CodeIgniter->run()
10 SYSTEMPATH\Commands\Server\rewrite.php(43): require_once('FCPATH\\index.php')
CRITICAL - 2022-08-05 20:41:00 --> Trying to access array offset on value of type null
in APPPATH\Views\back-end\index.php on line 141.
 1 APPPATH\Views\back-end\index.php(141): CodeIgniter\Debug\Exceptions->errorHandler()
 2 SYSTEMPATH\View\View.php(213): include('APPPATH\\Views\\back-end\\index.php')
 3 SYSTEMPATH\View\View.php(216): CodeIgniter\View\View->CodeIgniter\View\{closure}()
 4 SYSTEMPATH\Common.php(1135): CodeIgniter\View\View->render()
 5 APPPATH\Controllers\Dashboard.php(49): view()
 6 SYSTEMPATH\CodeIgniter.php(896): App\Controllers\Dashboard->index()
 7 SYSTEMPATH\CodeIgniter.php(466): CodeIgniter\CodeIgniter->runController()
 8 SYSTEMPATH\CodeIgniter.php(349): CodeIgniter\CodeIgniter->handleRequest()
 9 FCPATH\index.php(55): CodeIgniter\CodeIgniter->run()
10 SYSTEMPATH\Commands\Server\rewrite.php(43): require_once('FCPATH\\index.php')
CRITICAL - 2022-08-05 20:41:32 --> Trying to access array offset on value of type null
in APPPATH\Views\back-end\index.php on line 141.
 1 APPPATH\Views\back-end\index.php(141): CodeIgniter\Debug\Exceptions->errorHandler()
 2 SYSTEMPATH\View\View.php(213): include('APPPATH\\Views\\back-end\\index.php')
 3 SYSTEMPATH\View\View.php(216): CodeIgniter\View\View->CodeIgniter\View\{closure}()
 4 SYSTEMPATH\Common.php(1135): CodeIgniter\View\View->render()
 5 APPPATH\Controllers\Dashboard.php(49): view()
 6 SYSTEMPATH\CodeIgniter.php(896): App\Controllers\Dashboard->index()
 7 SYSTEMPATH\CodeIgniter.php(466): CodeIgniter\CodeIgniter->runController()
 8 SYSTEMPATH\CodeIgniter.php(349): CodeIgniter\CodeIgniter->handleRequest()
 9 FCPATH\index.php(55): CodeIgniter\CodeIgniter->run()
10 SYSTEMPATH\Commands\Server\rewrite.php(43): require_once('FCPATH\\index.php')
CRITICAL - 2022-08-05 22:41:52 --> Trying to access array offset on value of type null
in APPPATH\Views\back-end\index.php on line 141.
 1 APPPATH\Views\back-end\index.php(141): CodeIgniter\Debug\Exceptions->errorHandler()
 2 SYSTEMPATH\View\View.php(213): include('APPPATH\\Views\\back-end\\index.php')
 3 SYSTEMPATH\View\View.php(216): CodeIgniter\View\View->CodeIgniter\View\{closure}()
 4 SYSTEMPATH\Common.php(1135): CodeIgniter\View\View->render()
 5 APPPATH\Controllers\Dashboard.php(49): view()
 6 SYSTEMPATH\CodeIgniter.php(896): App\Controllers\Dashboard->index()
 7 SYSTEMPATH\CodeIgniter.php(466): CodeIgniter\CodeIgniter->runController()
 8 SYSTEMPATH\CodeIgniter.php(349): CodeIgniter\CodeIgniter->handleRequest()
 9 FCPATH\index.php(55): CodeIgniter\CodeIgniter->run()
10 SYSTEMPATH\Commands\Server\rewrite.php(43): require_once('FCPATH\\index.php')
CRITICAL - 2022-08-05 22:53:11 --> Call to undefined method CodeIgniter\Database\MySQLi\Result::orderBy()
in APPPATH\Controllers\Home.php on line 115.
 1 SYSTEMPATH\CodeIgniter.php(896): App\Controllers\Home->cart()
 2 SYSTEMPATH\CodeIgniter.php(466): CodeIgniter\CodeIgniter->runController()
 3 SYSTEMPATH\CodeIgniter.php(349): CodeIgniter\CodeIgniter->handleRequest()
 4 FCPATH\index.php(55): CodeIgniter\CodeIgniter->run()
 5 SYSTEMPATH\Commands\Server\rewrite.php(43): require_once('FCPATH\\index.php')
CRITICAL - 2022-08-05 22:53:26 --> Call to undefined method stdClass::orderBy()
in APPPATH\Controllers\Home.php on line 115.
 1 SYSTEMPATH\CodeIgniter.php(896): App\Controllers\Home->cart()
 2 SYSTEMPATH\CodeIgniter.php(466): CodeIgniter\CodeIgniter->runController()
 3 SYSTEMPATH\CodeIgniter.php(349): CodeIgniter\CodeIgniter->handleRequest()
 4 FCPATH\index.php(55): CodeIgniter\CodeIgniter->run()
 5 SYSTEMPATH\Commands\Server\rewrite.php(43): require_once('FCPATH\\index.php')
ERROR - 2022-08-05 22:58:31 --> Unknown column 'user_payment_id' in 'where clause'
CRITICAL - 2022-08-05 22:58:31 --> Unknown column 'user_payment_id' in 'where clause'
in SYSTEMPATH\Database\MySQLi\Connection.php on line 292.
 1 SYSTEMPATH\Database\MySQLi\Connection.php(292): mysqli->query()
 2 SYSTEMPATH\Database\BaseConnection.php(695): CodeIgniter\Database\MySQLi\Connection->execute()
 3 SYSTEMPATH\Database\BaseConnection.php(609): CodeIgniter\Database\BaseConnection->simpleQuery()
 4 SYSTEMPATH\Database\BaseBuilder.php(1585): CodeIgniter\Database\BaseConnection->query()
 5 SYSTEMPATH\Model.php(771): CodeIgniter\Database\BaseBuilder->get()
 6 APPPATH\Controllers\Home.php(116): CodeIgniter\Model->__call()
 7 SYSTEMPATH\CodeIgniter.php(896): App\Controllers\Home->cart()
 8 SYSTEMPATH\CodeIgniter.php(466): CodeIgniter\CodeIgniter->runController()
 9 SYSTEMPATH\CodeIgniter.php(349): CodeIgniter\CodeIgniter->handleRequest()
10 FCPATH\index.php(55): CodeIgniter\CodeIgniter->run()
11 SYSTEMPATH\Commands\Server\rewrite.php(43): require_once('FCPATH\\index.php')
CRITICAL - 2022-08-05 22:59:20 --> Trying to access array offset on value of type null
in APPPATH\Views\back-end\index.php on line 141.
 1 APPPATH\Views\back-end\index.php(141): CodeIgniter\Debug\Exceptions->errorHandler()
 2 SYSTEMPATH\View\View.php(213): include('APPPATH\\Views\\back-end\\index.php')
 3 SYSTEMPATH\View\View.php(216): CodeIgniter\View\View->CodeIgniter\View\{closure}()
 4 SYSTEMPATH\Common.php(1135): CodeIgniter\View\View->render()
 5 APPPATH\Controllers\Dashboard.php(49): view()
 6 SYSTEMPATH\CodeIgniter.php(896): App\Controllers\Dashboard->index()
 7 SYSTEMPATH\CodeIgniter.php(466): CodeIgniter\CodeIgniter->runController()
 8 SYSTEMPATH\CodeIgniter.php(349): CodeIgniter\CodeIgniter->handleRequest()
 9 FCPATH\index.php(55): CodeIgniter\CodeIgniter->run()
10 SYSTEMPATH\Commands\Server\rewrite.php(43): require_once('FCPATH\\index.php')
CRITICAL - 2022-08-05 23:06:22 --> syntax error, unexpected '}'
in APPPATH\Controllers\Home.php on line 230.
 1 SYSTEMPATH\Autoloader\Autoloader.php(261): CodeIgniter\Autoloader\Autoloader->includeFile()
 2 SYSTEMPATH\Autoloader\Autoloader.php(239): CodeIgniter\Autoloader\Autoloader->loadInNamespace()
 3 [internal function]: CodeIgniter\Autoloader\Autoloader->loadClass()
 4 [internal function]: spl_autoload_call()
 5 SYSTEMPATH\CodeIgniter.php(846): class_exists()
 6 SYSTEMPATH\CodeIgniter.php(453): CodeIgniter\CodeIgniter->startController()
 7 SYSTEMPATH\CodeIgniter.php(349): CodeIgniter\CodeIgniter->handleRequest()
 8 FCPATH\index.php(55): CodeIgniter\CodeIgniter->run()
 9 SYSTEMPATH\Commands\Server\rewrite.php(43): require_once('FCPATH\\index.php')
CRITICAL - 2022-08-05 23:06:39 --> rand() expects exactly 2 parameters, 1 given
in APPPATH\Controllers\Home.php on line 115.
 1 [internal function]: CodeIgniter\Debug\Exceptions->errorHandler()
 2 APPPATH\Controllers\Home.php(115): rand()
 3 SYSTEMPATH\CodeIgniter.php(896): App\Controllers\Home->cart()
 4 SYSTEMPATH\CodeIgniter.php(466): CodeIgniter\CodeIgniter->runController()
 5 SYSTEMPATH\CodeIgniter.php(349): CodeIgniter\CodeIgniter->handleRequest()
 6 FCPATH\index.php(55): CodeIgniter\CodeIgniter->run()
 7 SYSTEMPATH\Commands\Server\rewrite.php(43): require_once('FCPATH\\index.php')
CRITICAL - 2022-08-05 23:07:06 --> rand() expects exactly 2 parameters, 1 given
in APPPATH\Controllers\Home.php on line 115.
 1 [internal function]: CodeIgniter\Debug\Exceptions->errorHandler()
 2 APPPATH\Controllers\Home.php(115): rand()
 3 SYSTEMPATH\CodeIgniter.php(896): App\Controllers\Home->cart()
 4 SYSTEMPATH\CodeIgniter.php(466): CodeIgniter\CodeIgniter->runController()
 5 SYSTEMPATH\CodeIgniter.php(349): CodeIgniter\CodeIgniter->handleRequest()
 6 FCPATH\index.php(55): CodeIgniter\CodeIgniter->run()
 7 SYSTEMPATH\Commands\Server\rewrite.php(43): require_once('FCPATH\\index.php')
CRITICAL - 2022-08-05 23:09:18 --> rand() expects parameter 1 to be int, string given
in APPPATH\Controllers\Home.php on line 115.
 1 [internal function]: CodeIgniter\Debug\Exceptions->errorHandler()
 2 APPPATH\Controllers\Home.php(115): rand()
 3 SYSTEMPATH\CodeIgniter.php(896): App\Controllers\Home->cart()
 4 SYSTEMPATH\CodeIgniter.php(466): CodeIgniter\CodeIgniter->runController()
 5 SYSTEMPATH\CodeIgniter.php(349): CodeIgniter\CodeIgniter->handleRequest()
 6 FCPATH\index.php(55): CodeIgniter\CodeIgniter->run()
 7 SYSTEMPATH\Commands\Server\rewrite.php(43): require_once('FCPATH\\index.php')
CRITICAL - 2022-08-05 23:09:22 --> rand() expects parameter 1 to be int, string given
in APPPATH\Controllers\Home.php on line 115.
 1 [internal function]: CodeIgniter\Debug\Exceptions->errorHandler()
 2 APPPATH\Controllers\Home.php(115): rand()
 3 SYSTEMPATH\CodeIgniter.php(896): App\Controllers\Home->cart()
 4 SYSTEMPATH\CodeIgniter.php(466): CodeIgniter\CodeIgniter->runController()
 5 SYSTEMPATH\CodeIgniter.php(349): CodeIgniter\CodeIgniter->handleRequest()
 6 FCPATH\index.php(55): CodeIgniter\CodeIgniter->run()
 7 SYSTEMPATH\Commands\Server\rewrite.php(43): require_once('FCPATH\\index.php')
CRITICAL - 2022-08-05 23:11:24 --> mt_rand() expects parameter 1 to be int, string given
in APPPATH\Controllers\Home.php on line 115.
 1 [internal function]: CodeIgniter\Debug\Exceptions->errorHandler()
 2 APPPATH\Controllers\Home.php(115): mt_rand()
 3 SYSTEMPATH\CodeIgniter.php(896): App\Controllers\Home->cart()
 4 SYSTEMPATH\CodeIgniter.php(466): CodeIgniter\CodeIgniter->runController()
 5 SYSTEMPATH\CodeIgniter.php(349): CodeIgniter\CodeIgniter->handleRequest()
 6 FCPATH\index.php(55): CodeIgniter\CodeIgniter->run()
 7 SYSTEMPATH\Commands\Server\rewrite.php(43): require_once('FCPATH\\index.php')
CRITICAL - 2022-08-05 23:11:37 --> rand() expects exactly 2 parameters, 1 given
in APPPATH\Controllers\Home.php on line 115.
 1 [internal function]: CodeIgniter\Debug\Exceptions->errorHandler()
 2 APPPATH\Controllers\Home.php(115): rand()
 3 SYSTEMPATH\CodeIgniter.php(896): App\Controllers\Home->cart()
 4 SYSTEMPATH\CodeIgniter.php(466): CodeIgniter\CodeIgniter->runController()
 5 SYSTEMPATH\CodeIgniter.php(349): CodeIgniter\CodeIgniter->handleRequest()
 6 FCPATH\index.php(55): CodeIgniter\CodeIgniter->run()
 7 SYSTEMPATH\Commands\Server\rewrite.php(43): require_once('FCPATH\\index.php')
CRITICAL - 2022-08-05 23:12:26 --> syntax error, unexpected 'rand' (T_STRING)
in APPPATH\Controllers\Home.php on line 115.
 1 SYSTEMPATH\Autoloader\Autoloader.php(261): CodeIgniter\Autoloader\Autoloader->includeFile()
 2 SYSTEMPATH\Autoloader\Autoloader.php(239): CodeIgniter\Autoloader\Autoloader->loadInNamespace()
 3 [internal function]: CodeIgniter\Autoloader\Autoloader->loadClass()
 4 [internal function]: spl_autoload_call()
 5 SYSTEMPATH\CodeIgniter.php(846): class_exists()
 6 SYSTEMPATH\CodeIgniter.php(453): CodeIgniter\CodeIgniter->startController()
 7 SYSTEMPATH\CodeIgniter.php(349): CodeIgniter\CodeIgniter->handleRequest()
 8 FCPATH\index.php(55): CodeIgniter\CodeIgniter->run()
 9 SYSTEMPATH\Commands\Server\rewrite.php(43): require_once('FCPATH\\index.php')
CRITICAL - 2022-08-05 23:12:42 --> A non-numeric value encountered
in APPPATH\Controllers\Home.php on line 115.
 1 APPPATH\Controllers\Home.php(115): CodeIgniter\Debug\Exceptions->errorHandler()
 2 SYSTEMPATH\CodeIgniter.php(896): App\Controllers\Home->cart()
 3 SYSTEMPATH\CodeIgniter.php(466): CodeIgniter\CodeIgniter->runController()
 4 SYSTEMPATH\CodeIgniter.php(349): CodeIgniter\CodeIgniter->handleRequest()
 5 FCPATH\index.php(55): CodeIgniter\CodeIgniter->run()
 6 SYSTEMPATH\Commands\Server\rewrite.php(43): require_once('FCPATH\\index.php')
CRITICAL - 2022-08-05 23:22:53 --> Undefined index: invoice
in APPPATH\Controllers\Home.php on line 87.
 1 APPPATH\Controllers\Home.php(87): CodeIgniter\Debug\Exceptions->errorHandler()
 2 APPPATH\Controllers\Home.php(134): App\Controllers\Home->invoice()
 3 SYSTEMPATH\CodeIgniter.php(896): App\Controllers\Home->cart()
 4 SYSTEMPATH\CodeIgniter.php(466): CodeIgniter\CodeIgniter->runController()
 5 SYSTEMPATH\CodeIgniter.php(349): CodeIgniter\CodeIgniter->handleRequest()
 6 FCPATH\index.php(55): CodeIgniter\CodeIgniter->run()
 7 SYSTEMPATH\Commands\Server\rewrite.php(43): require_once('FCPATH\\index.php')
