CRITICAL - 2022-07-31 00:01:45 --> Undefined index: product_image
in APPPATH\Views\back-end\order\data-in.php on line 61.
 1 APPPATH\Views\back-end\order\data-in.php(61): CodeIgniter\Debug\Exceptions->errorHandler()
 2 SYSTEMPATH\View\View.php(213): include('APPPATH\\Views\\back-end\\order\\data-in.php')
 3 SYSTEMPATH\View\View.php(216): CodeIgniter\View\View->CodeIgniter\View\{closure}()
 4 SYSTEMPATH\Common.php(1135): CodeIgniter\View\View->render()
 5 APPPATH\Controllers\Order.php(27): view()
 6 SYSTEMPATH\CodeIgniter.php(896): App\Controllers\Order->index()
 7 SYSTEMPATH\CodeIgniter.php(466): CodeIgniter\CodeIgniter->runController()
 8 SYSTEMPATH\CodeIgniter.php(349): CodeIgniter\CodeIgniter->handleRequest()
 9 FCPATH\index.php(55): CodeIgniter\CodeIgniter->run()
10 SYSTEMPATH\Commands\Server\rewrite.php(43): require_once('FCPATH\\index.php')
ERROR - 2022-07-31 00:02:47 --> Unknown column 'product' in 'field list'
CRITICAL - 2022-07-31 00:02:47 --> Unknown column 'product' in 'field list'
in SYSTEMPATH\Database\MySQLi\Connection.php on line 292.
 1 SYSTEMPATH\Database\MySQLi\Connection.php(292): mysqli->query()
 2 SYSTEMPATH\Database\BaseConnection.php(695): CodeIgniter\Database\MySQLi\Connection->execute()
 3 SYSTEMPATH\Database\BaseConnection.php(609): CodeIgniter\Database\BaseConnection->simpleQuery()
 4 SYSTEMPATH\Database\BaseBuilder.php(1585): CodeIgniter\Database\BaseConnection->query()
 5 APPPATH\Models\OrderModel.php(21): CodeIgniter\Database\BaseBuilder->get()
 6 APPPATH\Controllers\Order.php(24): App\Models\OrderModel->getAll()
 7 SYSTEMPATH\CodeIgniter.php(896): App\Controllers\Order->index()
 8 SYSTEMPATH\CodeIgniter.php(466): CodeIgniter\CodeIgniter->runController()
 9 SYSTEMPATH\CodeIgniter.php(349): CodeIgniter\CodeIgniter->handleRequest()
10 FCPATH\index.php(55): CodeIgniter\CodeIgniter->run()
11 SYSTEMPATH\Commands\Server\rewrite.php(43): require_once('FCPATH\\index.php')
ERROR - 2022-07-31 00:04:11 --> Unknown column 'order_details.user_id' in 'on clause'
CRITICAL - 2022-07-31 00:04:11 --> Unknown column 'order_details.user_id' in 'on clause'
in SYSTEMPATH\Database\MySQLi\Connection.php on line 292.
 1 SYSTEMPATH\Database\MySQLi\Connection.php(292): mysqli->query()
 2 SYSTEMPATH\Database\BaseConnection.php(695): CodeIgniter\Database\MySQLi\Connection->execute()
 3 SYSTEMPATH\Database\BaseConnection.php(609): CodeIgniter\Database\BaseConnection->simpleQuery()
 4 SYSTEMPATH\Database\BaseBuilder.php(1585): CodeIgniter\Database\BaseConnection->query()
 5 APPPATH\Models\OrderModel.php(20): CodeIgniter\Database\BaseBuilder->get()
 6 APPPATH\Controllers\Order.php(24): App\Models\OrderModel->getAll()
 7 SYSTEMPATH\CodeIgniter.php(896): App\Controllers\Order->index()
 8 SYSTEMPATH\CodeIgniter.php(466): CodeIgniter\CodeIgniter->runController()
 9 SYSTEMPATH\CodeIgniter.php(349): CodeIgniter\CodeIgniter->handleRequest()
10 FCPATH\index.php(55): CodeIgniter\CodeIgniter->run()
11 SYSTEMPATH\Commands\Server\rewrite.php(43): require_once('FCPATH\\index.php')
ERROR - 2022-07-31 00:12:00 --> Unknown column 'product_items.quantity' in 'field list'
CRITICAL - 2022-07-31 00:12:00 --> Unknown column 'product_items.quantity' in 'field list'
in SYSTEMPATH\Database\MySQLi\Connection.php on line 292.
 1 SYSTEMPATH\Database\MySQLi\Connection.php(292): mysqli->query()
 2 SYSTEMPATH\Database\BaseConnection.php(695): CodeIgniter\Database\MySQLi\Connection->execute()
 3 SYSTEMPATH\Database\BaseConnection.php(609): CodeIgniter\Database\BaseConnection->simpleQuery()
 4 SYSTEMPATH\Database\BaseBuilder.php(1585): CodeIgniter\Database\BaseConnection->query()
 5 SYSTEMPATH\Model.php(771): CodeIgniter\Database\BaseBuilder->get()
 6 APPPATH\Controllers\Order.php(25): CodeIgniter\Model->__call()
 7 SYSTEMPATH\CodeIgniter.php(896): App\Controllers\Order->index()
 8 SYSTEMPATH\CodeIgniter.php(466): CodeIgniter\CodeIgniter->runController()
 9 SYSTEMPATH\CodeIgniter.php(349): CodeIgniter\CodeIgniter->handleRequest()
10 FCPATH\index.php(55): CodeIgniter\CodeIgniter->run()
11 SYSTEMPATH\Commands\Server\rewrite.php(43): require_once('FCPATH\\index.php')
ERROR - 2022-07-31 00:12:16 --> Unknown table 'product_items.quantity'
CRITICAL - 2022-07-31 00:12:16 --> Unknown table 'product_items.quantity'
in SYSTEMPATH\Database\MySQLi\Connection.php on line 292.
 1 SYSTEMPATH\Database\MySQLi\Connection.php(292): mysqli->query()
 2 SYSTEMPATH\Database\BaseConnection.php(695): CodeIgniter\Database\MySQLi\Connection->execute()
 3 SYSTEMPATH\Database\BaseConnection.php(609): CodeIgniter\Database\BaseConnection->simpleQuery()
 4 SYSTEMPATH\Database\BaseBuilder.php(1585): CodeIgniter\Database\BaseConnection->query()
 5 SYSTEMPATH\Model.php(771): CodeIgniter\Database\BaseBuilder->get()
 6 APPPATH\Controllers\Order.php(25): CodeIgniter\Model->__call()
 7 SYSTEMPATH\CodeIgniter.php(896): App\Controllers\Order->index()
 8 SYSTEMPATH\CodeIgniter.php(466): CodeIgniter\CodeIgniter->runController()
 9 SYSTEMPATH\CodeIgniter.php(349): CodeIgniter\CodeIgniter->handleRequest()
10 FCPATH\index.php(55): CodeIgniter\CodeIgniter->run()
11 SYSTEMPATH\Commands\Server\rewrite.php(43): require_once('FCPATH\\index.php')
ERROR - 2022-07-31 00:12:28 --> Unknown table 'e-commerce-fashion.product_items'
CRITICAL - 2022-07-31 00:12:28 --> Unknown table 'e-commerce-fashion.product_items'
in SYSTEMPATH\Database\MySQLi\Connection.php on line 292.
 1 SYSTEMPATH\Database\MySQLi\Connection.php(292): mysqli->query()
 2 SYSTEMPATH\Database\BaseConnection.php(695): CodeIgniter\Database\MySQLi\Connection->execute()
 3 SYSTEMPATH\Database\BaseConnection.php(609): CodeIgniter\Database\BaseConnection->simpleQuery()
 4 SYSTEMPATH\Database\BaseBuilder.php(1585): CodeIgniter\Database\BaseConnection->query()
 5 SYSTEMPATH\Model.php(771): CodeIgniter\Database\BaseBuilder->get()
 6 APPPATH\Controllers\Order.php(25): CodeIgniter\Model->__call()
 7 SYSTEMPATH\CodeIgniter.php(896): App\Controllers\Order->index()
 8 SYSTEMPATH\CodeIgniter.php(466): CodeIgniter\CodeIgniter->runController()
 9 SYSTEMPATH\CodeIgniter.php(349): CodeIgniter\CodeIgniter->handleRequest()
10 FCPATH\index.php(55): CodeIgniter\CodeIgniter->run()
11 SYSTEMPATH\Commands\Server\rewrite.php(43): require_once('FCPATH\\index.php')
CRITICAL - 2022-07-31 00:14:20 --> Call to undefined method CodeIgniter\Database\MySQLi\Connection::select()
in APPPATH\Controllers\Order.php on line 20.
 1 SYSTEMPATH\CodeIgniter.php(896): App\Controllers\Order->index()
 2 SYSTEMPATH\CodeIgniter.php(466): CodeIgniter\CodeIgniter->runController()
 3 SYSTEMPATH\CodeIgniter.php(349): CodeIgniter\CodeIgniter->handleRequest()
 4 FCPATH\index.php(55): CodeIgniter\CodeIgniter->run()
 5 SYSTEMPATH\Commands\Server\rewrite.php(43): require_once('FCPATH\\index.php')
CRITICAL - 2022-07-31 00:14:51 --> Call to undefined method CodeIgniter\Database\MySQLi\Connection::select()
in APPPATH\Controllers\Order.php on line 20.
 1 SYSTEMPATH\CodeIgniter.php(896): App\Controllers\Order->index()
 2 SYSTEMPATH\CodeIgniter.php(466): CodeIgniter\CodeIgniter->runController()
 3 SYSTEMPATH\CodeIgniter.php(349): CodeIgniter\CodeIgniter->handleRequest()
 4 FCPATH\index.php(55): CodeIgniter\CodeIgniter->run()
 5 SYSTEMPATH\Commands\Server\rewrite.php(43): require_once('FCPATH\\index.php')
CRITICAL - 2022-07-31 00:17:32 --> Call to undefined method CodeIgniter\Database\MySQLi\Connection::select()
in APPPATH\Models\OrderModel.php on line 15.
 1 APPPATH\Controllers\Order.php(27): App\Models\OrderModel->getAll()
 2 SYSTEMPATH\CodeIgniter.php(896): App\Controllers\Order->index()
 3 SYSTEMPATH\CodeIgniter.php(466): CodeIgniter\CodeIgniter->runController()
 4 SYSTEMPATH\CodeIgniter.php(349): CodeIgniter\CodeIgniter->handleRequest()
 5 FCPATH\index.php(55): CodeIgniter\CodeIgniter->run()
 6 SYSTEMPATH\Commands\Server\rewrite.php(43): require_once('FCPATH\\index.php')
CRITICAL - 2022-07-31 00:21:58 --> Call to undefined method App\Models\OrderModel::form
in SYSTEMPATH\Model.php on line 773.
 1 APPPATH\Controllers\Order.php(20): CodeIgniter\Model->__call()
 2 SYSTEMPATH\CodeIgniter.php(896): App\Controllers\Order->index()
 3 SYSTEMPATH\CodeIgniter.php(466): CodeIgniter\CodeIgniter->runController()
 4 SYSTEMPATH\CodeIgniter.php(349): CodeIgniter\CodeIgniter->handleRequest()
 5 FCPATH\index.php(55): CodeIgniter\CodeIgniter->run()
 6 SYSTEMPATH\Commands\Server\rewrite.php(43): require_once('FCPATH\\index.php')
CRITICAL - 2022-07-31 00:26:48 --> syntax error, unexpected '->' (T_OBJECT_OPERATOR)
in APPPATH\Controllers\Order.php on line 22.
 1 SYSTEMPATH\Autoloader\Autoloader.php(261): CodeIgniter\Autoloader\Autoloader->includeFile()
 2 SYSTEMPATH\Autoloader\Autoloader.php(239): CodeIgniter\Autoloader\Autoloader->loadInNamespace()
 3 [internal function]: CodeIgniter\Autoloader\Autoloader->loadClass()
 4 [internal function]: spl_autoload_call()
 5 SYSTEMPATH\CodeIgniter.php(846): class_exists()
 6 SYSTEMPATH\CodeIgniter.php(453): CodeIgniter\CodeIgniter->startController()
 7 SYSTEMPATH\CodeIgniter.php(349): CodeIgniter\CodeIgniter->handleRequest()
 8 FCPATH\index.php(55): CodeIgniter\CodeIgniter->run()
 9 SYSTEMPATH\Commands\Server\rewrite.php(43): require_once('FCPATH\\index.php')
CRITICAL - 2022-07-31 00:27:02 --> Call to undefined method CodeIgniter\Database\MySQLi\Connection::select()
in APPPATH\Controllers\Order.php on line 20.
 1 SYSTEMPATH\CodeIgniter.php(896): App\Controllers\Order->index()
 2 SYSTEMPATH\CodeIgniter.php(466): CodeIgniter\CodeIgniter->runController()
 3 SYSTEMPATH\CodeIgniter.php(349): CodeIgniter\CodeIgniter->handleRequest()
 4 FCPATH\index.php(55): CodeIgniter\CodeIgniter->run()
 5 SYSTEMPATH\Commands\Server\rewrite.php(43): require_once('FCPATH\\index.php')
CRITICAL - 2022-07-31 00:27:30 --> Call to undefined method CodeIgniter\Database\MySQLi\Connection::select()
in APPPATH\Controllers\Order.php on line 20.
 1 SYSTEMPATH\CodeIgniter.php(896): App\Controllers\Order->index()
 2 SYSTEMPATH\CodeIgniter.php(466): CodeIgniter\CodeIgniter->runController()
 3 SYSTEMPATH\CodeIgniter.php(349): CodeIgniter\CodeIgniter->handleRequest()
 4 FCPATH\index.php(55): CodeIgniter\CodeIgniter->run()
 5 SYSTEMPATH\Commands\Server\rewrite.php(43): require_once('FCPATH\\index.php')
CRITICAL - 2022-07-31 00:29:52 --> Call to undefined method CodeIgniter\Database\MySQLi\Connection::select()
in APPPATH\Controllers\Order.php on line 20.
 1 SYSTEMPATH\CodeIgniter.php(896): App\Controllers\Order->index()
 2 SYSTEMPATH\CodeIgniter.php(466): CodeIgniter\CodeIgniter->runController()
 3 SYSTEMPATH\CodeIgniter.php(349): CodeIgniter\CodeIgniter->handleRequest()
 4 FCPATH\index.php(55): CodeIgniter\CodeIgniter->run()
 5 SYSTEMPATH\Commands\Server\rewrite.php(43): require_once('FCPATH\\index.php')
CRITICAL - 2022-07-31 00:30:20 --> Call to undefined method CodeIgniter\Database\MySQLi\Connection::select()
in APPPATH\Controllers\Order.php on line 20.
 1 SYSTEMPATH\CodeIgniter.php(896): App\Controllers\Order->index()
 2 SYSTEMPATH\CodeIgniter.php(466): CodeIgniter\CodeIgniter->runController()
 3 SYSTEMPATH\CodeIgniter.php(349): CodeIgniter\CodeIgniter->handleRequest()
 4 FCPATH\index.php(55): CodeIgniter\CodeIgniter->run()
 5 SYSTEMPATH\Commands\Server\rewrite.php(43): require_once('FCPATH\\index.php')
CRITICAL - 2022-07-31 00:38:56 --> Call to undefined method CodeIgniter\Database\MySQLi\Connection::select()
in APPPATH\Models\OrderModel.php on line 15.
 1 APPPATH\Controllers\Order.php(18): App\Models\OrderModel->getAll()
 2 SYSTEMPATH\CodeIgniter.php(896): App\Controllers\Order->index()
 3 SYSTEMPATH\CodeIgniter.php(466): CodeIgniter\CodeIgniter->runController()
 4 SYSTEMPATH\CodeIgniter.php(349): CodeIgniter\CodeIgniter->handleRequest()
 5 FCPATH\index.php(55): CodeIgniter\CodeIgniter->run()
 6 SYSTEMPATH\Commands\Server\rewrite.php(43): require_once('FCPATH\\index.php')
ERROR - 2022-07-31 00:43:17 --> Unknown column 'product_items.quantity' in 'field list'
CRITICAL - 2022-07-31 00:43:17 --> Unknown column 'product_items.quantity' in 'field list'
in SYSTEMPATH\Database\MySQLi\Connection.php on line 292.
 1 SYSTEMPATH\Database\MySQLi\Connection.php(292): mysqli->query()
 2 SYSTEMPATH\Database\BaseConnection.php(695): CodeIgniter\Database\MySQLi\Connection->execute()
 3 SYSTEMPATH\Database\BaseConnection.php(609): CodeIgniter\Database\BaseConnection->simpleQuery()
 4 SYSTEMPATH\Database\BaseBuilder.php(1585): CodeIgniter\Database\BaseConnection->query()
 5 SYSTEMPATH\Model.php(771): CodeIgniter\Database\BaseBuilder->get()
 6 APPPATH\Controllers\Order.php(25): CodeIgniter\Model->__call()
 7 SYSTEMPATH\CodeIgniter.php(896): App\Controllers\Order->index()
 8 SYSTEMPATH\CodeIgniter.php(466): CodeIgniter\CodeIgniter->runController()
 9 SYSTEMPATH\CodeIgniter.php(349): CodeIgniter\CodeIgniter->handleRequest()
10 FCPATH\index.php(55): CodeIgniter\CodeIgniter->run()
11 SYSTEMPATH\Commands\Server\rewrite.php(43): require_once('FCPATH\\index.php')
ERROR - 2022-07-31 00:43:28 --> Column 'quantity' in field list is ambiguous
CRITICAL - 2022-07-31 00:43:28 --> Column 'quantity' in field list is ambiguous
in SYSTEMPATH\Database\MySQLi\Connection.php on line 292.
 1 SYSTEMPATH\Database\MySQLi\Connection.php(292): mysqli->query()
 2 SYSTEMPATH\Database\BaseConnection.php(695): CodeIgniter\Database\MySQLi\Connection->execute()
 3 SYSTEMPATH\Database\BaseConnection.php(609): CodeIgniter\Database\BaseConnection->simpleQuery()
 4 SYSTEMPATH\Database\BaseBuilder.php(1585): CodeIgniter\Database\BaseConnection->query()
 5 SYSTEMPATH\Model.php(771): CodeIgniter\Database\BaseBuilder->get()
 6 APPPATH\Controllers\Order.php(25): CodeIgniter\Model->__call()
 7 SYSTEMPATH\CodeIgniter.php(896): App\Controllers\Order->index()
 8 SYSTEMPATH\CodeIgniter.php(466): CodeIgniter\CodeIgniter->runController()
 9 SYSTEMPATH\CodeIgniter.php(349): CodeIgniter\CodeIgniter->handleRequest()
10 FCPATH\index.php(55): CodeIgniter\CodeIgniter->run()
11 SYSTEMPATH\Commands\Server\rewrite.php(43): require_once('FCPATH\\index.php')
ERROR - 2022-07-31 00:43:37 --> Unknown column 'product_items.quantity' in 'field list'
CRITICAL - 2022-07-31 00:43:37 --> Unknown column 'product_items.quantity' in 'field list'
in SYSTEMPATH\Database\MySQLi\Connection.php on line 292.
 1 SYSTEMPATH\Database\MySQLi\Connection.php(292): mysqli->query()
 2 SYSTEMPATH\Database\BaseConnection.php(695): CodeIgniter\Database\MySQLi\Connection->execute()
 3 SYSTEMPATH\Database\BaseConnection.php(609): CodeIgniter\Database\BaseConnection->simpleQuery()
 4 SYSTEMPATH\Database\BaseBuilder.php(1585): CodeIgniter\Database\BaseConnection->query()
 5 SYSTEMPATH\Model.php(771): CodeIgniter\Database\BaseBuilder->get()
 6 APPPATH\Controllers\Order.php(25): CodeIgniter\Model->__call()
 7 SYSTEMPATH\CodeIgniter.php(896): App\Controllers\Order->index()
 8 SYSTEMPATH\CodeIgniter.php(466): CodeIgniter\CodeIgniter->runController()
 9 SYSTEMPATH\CodeIgniter.php(349): CodeIgniter\CodeIgniter->handleRequest()
10 FCPATH\index.php(55): CodeIgniter\CodeIgniter->run()
11 SYSTEMPATH\Commands\Server\rewrite.php(43): require_once('FCPATH\\index.php')
ERROR - 2022-07-31 00:43:55 --> Unknown table 'e-commerce-fashion.product_items'
CRITICAL - 2022-07-31 00:43:55 --> Unknown table 'e-commerce-fashion.product_items'
in SYSTEMPATH\Database\MySQLi\Connection.php on line 292.
 1 SYSTEMPATH\Database\MySQLi\Connection.php(292): mysqli->query()
 2 SYSTEMPATH\Database\BaseConnection.php(695): CodeIgniter\Database\MySQLi\Connection->execute()
 3 SYSTEMPATH\Database\BaseConnection.php(609): CodeIgniter\Database\BaseConnection->simpleQuery()
 4 SYSTEMPATH\Database\BaseBuilder.php(1585): CodeIgniter\Database\BaseConnection->query()
 5 SYSTEMPATH\Model.php(771): CodeIgniter\Database\BaseBuilder->get()
 6 APPPATH\Controllers\Order.php(25): CodeIgniter\Model->__call()
 7 SYSTEMPATH\CodeIgniter.php(896): App\Controllers\Order->index()
 8 SYSTEMPATH\CodeIgniter.php(466): CodeIgniter\CodeIgniter->runController()
 9 SYSTEMPATH\CodeIgniter.php(349): CodeIgniter\CodeIgniter->handleRequest()
10 FCPATH\index.php(55): CodeIgniter\CodeIgniter->run()
11 SYSTEMPATH\Commands\Server\rewrite.php(43): require_once('FCPATH\\index.php')
CRITICAL - 2022-07-31 00:44:14 --> Call to undefined method CodeIgniter\Database\MySQLi\Connection::select()
in APPPATH\Controllers\Order.php on line 20.
 1 SYSTEMPATH\CodeIgniter.php(896): App\Controllers\Order->index()
 2 SYSTEMPATH\CodeIgniter.php(466): CodeIgniter\CodeIgniter->runController()
 3 SYSTEMPATH\CodeIgniter.php(349): CodeIgniter\CodeIgniter->handleRequest()
 4 FCPATH\index.php(55): CodeIgniter\CodeIgniter->run()
 5 SYSTEMPATH\Commands\Server\rewrite.php(43): require_once('FCPATH\\index.php')
CRITICAL - 2022-07-31 00:46:04 --> syntax error, unexpected '$cek' (T_VARIABLE)
in APPPATH\Controllers\Order.php on line 21.
 1 SYSTEMPATH\Autoloader\Autoloader.php(261): CodeIgniter\Autoloader\Autoloader->includeFile()
 2 SYSTEMPATH\Autoloader\Autoloader.php(239): CodeIgniter\Autoloader\Autoloader->loadInNamespace()
 3 [internal function]: CodeIgniter\Autoloader\Autoloader->loadClass()
 4 [internal function]: spl_autoload_call()
 5 SYSTEMPATH\CodeIgniter.php(846): class_exists()
 6 SYSTEMPATH\CodeIgniter.php(453): CodeIgniter\CodeIgniter->startController()
 7 SYSTEMPATH\CodeIgniter.php(349): CodeIgniter\CodeIgniter->handleRequest()
 8 FCPATH\index.php(55): CodeIgniter\CodeIgniter->run()
 9 SYSTEMPATH\Commands\Server\rewrite.php(43): require_once('FCPATH\\index.php')
CRITICAL - 2022-07-31 00:46:25 --> Call to undefined method CodeIgniter\Database\MySQLi\Connection::select()
in APPPATH\Controllers\Order.php on line 20.
 1 SYSTEMPATH\CodeIgniter.php(896): App\Controllers\Order->index()
 2 SYSTEMPATH\CodeIgniter.php(466): CodeIgniter\CodeIgniter->runController()
 3 SYSTEMPATH\CodeIgniter.php(349): CodeIgniter\CodeIgniter->handleRequest()
 4 FCPATH\index.php(55): CodeIgniter\CodeIgniter->run()
 5 SYSTEMPATH\Commands\Server\rewrite.php(43): require_once('FCPATH\\index.php')
CRITICAL - 2022-07-31 00:47:34 --> Call to undefined method CodeIgniter\Database\MySQLi\Connection::select()
in APPPATH\Controllers\Order.php on line 20.
 1 SYSTEMPATH\CodeIgniter.php(896): App\Controllers\Order->index()
 2 SYSTEMPATH\CodeIgniter.php(466): CodeIgniter\CodeIgniter->runController()
 3 SYSTEMPATH\CodeIgniter.php(349): CodeIgniter\CodeIgniter->handleRequest()
 4 FCPATH\index.php(55): CodeIgniter\CodeIgniter->run()
 5 SYSTEMPATH\Commands\Server\rewrite.php(43): require_once('FCPATH\\index.php')
CRITICAL - 2022-07-31 00:48:10 --> Call to undefined method CodeIgniter\Database\MySQLi\Connection::select()
in APPPATH\Controllers\Order.php on line 21.
 1 SYSTEMPATH\CodeIgniter.php(896): App\Controllers\Order->index()
 2 SYSTEMPATH\CodeIgniter.php(466): CodeIgniter\CodeIgniter->runController()
 3 SYSTEMPATH\CodeIgniter.php(349): CodeIgniter\CodeIgniter->handleRequest()
 4 FCPATH\index.php(55): CodeIgniter\CodeIgniter->run()
 5 SYSTEMPATH\Commands\Server\rewrite.php(43): require_once('FCPATH\\index.php')
CRITICAL - 2022-07-31 00:48:11 --> Call to undefined method CodeIgniter\Database\MySQLi\Connection::select()
in APPPATH\Controllers\Order.php on line 21.
 1 SYSTEMPATH\CodeIgniter.php(896): App\Controllers\Order->index()
 2 SYSTEMPATH\CodeIgniter.php(466): CodeIgniter\CodeIgniter->runController()
 3 SYSTEMPATH\CodeIgniter.php(349): CodeIgniter\CodeIgniter->handleRequest()
 4 FCPATH\index.php(55): CodeIgniter\CodeIgniter->run()
 5 SYSTEMPATH\Commands\Server\rewrite.php(43): require_once('FCPATH\\index.php')
CRITICAL - 2022-07-31 00:48:12 --> Call to undefined method CodeIgniter\Database\MySQLi\Connection::select()
in APPPATH\Controllers\Order.php on line 21.
 1 SYSTEMPATH\CodeIgniter.php(896): App\Controllers\Order->index()
 2 SYSTEMPATH\CodeIgniter.php(466): CodeIgniter\CodeIgniter->runController()
 3 SYSTEMPATH\CodeIgniter.php(349): CodeIgniter\CodeIgniter->handleRequest()
 4 FCPATH\index.php(55): CodeIgniter\CodeIgniter->run()
 5 SYSTEMPATH\Commands\Server\rewrite.php(43): require_once('FCPATH\\index.php')
CRITICAL - 2022-07-31 00:48:12 --> Call to undefined method CodeIgniter\Database\MySQLi\Connection::select()
in APPPATH\Controllers\Order.php on line 21.
 1 SYSTEMPATH\CodeIgniter.php(896): App\Controllers\Order->index()
 2 SYSTEMPATH\CodeIgniter.php(466): CodeIgniter\CodeIgniter->runController()
 3 SYSTEMPATH\CodeIgniter.php(349): CodeIgniter\CodeIgniter->handleRequest()
 4 FCPATH\index.php(55): CodeIgniter\CodeIgniter->run()
 5 SYSTEMPATH\Commands\Server\rewrite.php(43): require_once('FCPATH\\index.php')
CRITICAL - 2022-07-31 00:48:12 --> Call to undefined method CodeIgniter\Database\MySQLi\Connection::select()
in APPPATH\Controllers\Order.php on line 21.
 1 SYSTEMPATH\CodeIgniter.php(896): App\Controllers\Order->index()
 2 SYSTEMPATH\CodeIgniter.php(466): CodeIgniter\CodeIgniter->runController()
 3 SYSTEMPATH\CodeIgniter.php(349): CodeIgniter\CodeIgniter->handleRequest()
 4 FCPATH\index.php(55): CodeIgniter\CodeIgniter->run()
 5 SYSTEMPATH\Commands\Server\rewrite.php(43): require_once('FCPATH\\index.php')
CRITICAL - 2022-07-31 00:48:12 --> Call to undefined method CodeIgniter\Database\MySQLi\Connection::select()
in APPPATH\Controllers\Order.php on line 21.
 1 SYSTEMPATH\CodeIgniter.php(896): App\Controllers\Order->index()
 2 SYSTEMPATH\CodeIgniter.php(466): CodeIgniter\CodeIgniter->runController()
 3 SYSTEMPATH\CodeIgniter.php(349): CodeIgniter\CodeIgniter->handleRequest()
 4 FCPATH\index.php(55): CodeIgniter\CodeIgniter->run()
 5 SYSTEMPATH\Commands\Server\rewrite.php(43): require_once('FCPATH\\index.php')
CRITICAL - 2022-07-31 00:48:12 --> Call to undefined method CodeIgniter\Database\MySQLi\Connection::select()
in APPPATH\Controllers\Order.php on line 21.
 1 SYSTEMPATH\CodeIgniter.php(896): App\Controllers\Order->index()
 2 SYSTEMPATH\CodeIgniter.php(466): CodeIgniter\CodeIgniter->runController()
 3 SYSTEMPATH\CodeIgniter.php(349): CodeIgniter\CodeIgniter->handleRequest()
 4 FCPATH\index.php(55): CodeIgniter\CodeIgniter->run()
 5 SYSTEMPATH\Commands\Server\rewrite.php(43): require_once('FCPATH\\index.php')
CRITICAL - 2022-07-31 00:48:17 --> Call to undefined method CodeIgniter\Database\MySQLi\Connection::select()
in APPPATH\Controllers\Order.php on line 20.
 1 SYSTEMPATH\CodeIgniter.php(896): App\Controllers\Order->index()
 2 SYSTEMPATH\CodeIgniter.php(466): CodeIgniter\CodeIgniter->runController()
 3 SYSTEMPATH\CodeIgniter.php(349): CodeIgniter\CodeIgniter->handleRequest()
 4 FCPATH\index.php(55): CodeIgniter\CodeIgniter->run()
 5 SYSTEMPATH\Commands\Server\rewrite.php(43): require_once('FCPATH\\index.php')
CRITICAL - 2022-07-31 00:48:17 --> Call to undefined method CodeIgniter\Database\MySQLi\Connection::select()
in APPPATH\Controllers\Order.php on line 20.
 1 SYSTEMPATH\CodeIgniter.php(896): App\Controllers\Order->index()
 2 SYSTEMPATH\CodeIgniter.php(466): CodeIgniter\CodeIgniter->runController()
 3 SYSTEMPATH\CodeIgniter.php(349): CodeIgniter\CodeIgniter->handleRequest()
 4 FCPATH\index.php(55): CodeIgniter\CodeIgniter->run()
 5 SYSTEMPATH\Commands\Server\rewrite.php(43): require_once('FCPATH\\index.php')
CRITICAL - 2022-07-31 00:48:17 --> Call to undefined method CodeIgniter\Database\MySQLi\Connection::select()
in APPPATH\Controllers\Order.php on line 20.
 1 SYSTEMPATH\CodeIgniter.php(896): App\Controllers\Order->index()
 2 SYSTEMPATH\CodeIgniter.php(466): CodeIgniter\CodeIgniter->runController()
 3 SYSTEMPATH\CodeIgniter.php(349): CodeIgniter\CodeIgniter->handleRequest()
 4 FCPATH\index.php(55): CodeIgniter\CodeIgniter->run()
 5 SYSTEMPATH\Commands\Server\rewrite.php(43): require_once('FCPATH\\index.php')
CRITICAL - 2022-07-31 00:48:17 --> Call to undefined method CodeIgniter\Database\MySQLi\Connection::select()
in APPPATH\Controllers\Order.php on line 20.
 1 SYSTEMPATH\CodeIgniter.php(896): App\Controllers\Order->index()
 2 SYSTEMPATH\CodeIgniter.php(466): CodeIgniter\CodeIgniter->runController()
 3 SYSTEMPATH\CodeIgniter.php(349): CodeIgniter\CodeIgniter->handleRequest()
 4 FCPATH\index.php(55): CodeIgniter\CodeIgniter->run()
 5 SYSTEMPATH\Commands\Server\rewrite.php(43): require_once('FCPATH\\index.php')
CRITICAL - 2022-07-31 00:48:18 --> Call to undefined method CodeIgniter\Database\MySQLi\Connection::select()
in APPPATH\Controllers\Order.php on line 20.
 1 SYSTEMPATH\CodeIgniter.php(896): App\Controllers\Order->index()
 2 SYSTEMPATH\CodeIgniter.php(466): CodeIgniter\CodeIgniter->runController()
 3 SYSTEMPATH\CodeIgniter.php(349): CodeIgniter\CodeIgniter->handleRequest()
 4 FCPATH\index.php(55): CodeIgniter\CodeIgniter->run()
 5 SYSTEMPATH\Commands\Server\rewrite.php(43): require_once('FCPATH\\index.php')
CRITICAL - 2022-07-31 00:52:57 --> Call to undefined method CodeIgniter\Database\MySQLi\Connection::select()
in APPPATH\Models\OrderModel.php on line 15.
 1 APPPATH\Controllers\Order.php(18): App\Models\OrderModel->getAll()
 2 SYSTEMPATH\CodeIgniter.php(896): App\Controllers\Order->index()
 3 SYSTEMPATH\CodeIgniter.php(466): CodeIgniter\CodeIgniter->runController()
 4 SYSTEMPATH\CodeIgniter.php(349): CodeIgniter\CodeIgniter->handleRequest()
 5 FCPATH\index.php(55): CodeIgniter\CodeIgniter->run()
 6 SYSTEMPATH\Commands\Server\rewrite.php(43): require_once('FCPATH\\index.php')
CRITICAL - 2022-07-31 00:53:22 --> Undefined index: product_image
in APPPATH\Views\back-end\order\data-in.php on line 61.
 1 APPPATH\Views\back-end\order\data-in.php(61): CodeIgniter\Debug\Exceptions->errorHandler()
 2 SYSTEMPATH\View\View.php(213): include('APPPATH\\Views\\back-end\\order\\data-in.php')
 3 SYSTEMPATH\View\View.php(216): CodeIgniter\View\View->CodeIgniter\View\{closure}()
 4 SYSTEMPATH\Common.php(1135): CodeIgniter\View\View->render()
 5 APPPATH\Controllers\Order.php(21): view()
 6 SYSTEMPATH\CodeIgniter.php(896): App\Controllers\Order->index()
 7 SYSTEMPATH\CodeIgniter.php(466): CodeIgniter\CodeIgniter->runController()
 8 SYSTEMPATH\CodeIgniter.php(349): CodeIgniter\CodeIgniter->handleRequest()
 9 FCPATH\index.php(55): CodeIgniter\CodeIgniter->run()
10 SYSTEMPATH\Commands\Server\rewrite.php(43): require_once('FCPATH\\index.php')
CRITICAL - 2022-07-31 02:13:42 --> Call to a member function getWhere() on array
in APPPATH\Controllers\Order.php on line 27.
 1 SYSTEMPATH\CodeIgniter.php(896): App\Controllers\Order->detailOrderIn()
 2 SYSTEMPATH\CodeIgniter.php(466): CodeIgniter\CodeIgniter->runController()
 3 SYSTEMPATH\CodeIgniter.php(349): CodeIgniter\CodeIgniter->handleRequest()
 4 FCPATH\index.php(55): CodeIgniter\CodeIgniter->run()
 5 SYSTEMPATH\Commands\Server\rewrite.php(43): require_once('FCPATH\\index.php')
CRITICAL - 2022-07-31 02:13:55 --> Call to a member function getWhere() on array
in APPPATH\Controllers\Order.php on line 27.
 1 SYSTEMPATH\CodeIgniter.php(896): App\Controllers\Order->detailOrderIn()
 2 SYSTEMPATH\CodeIgniter.php(466): CodeIgniter\CodeIgniter->runController()
 3 SYSTEMPATH\CodeIgniter.php(349): CodeIgniter\CodeIgniter->handleRequest()
 4 FCPATH\index.php(55): CodeIgniter\CodeIgniter->run()
 5 SYSTEMPATH\Commands\Server\rewrite.php(43): require_once('FCPATH\\index.php')
CRITICAL - 2022-07-31 02:31:31 --> Undefined property: stdClass::$address
in APPPATH\Views\back-end\order\detail-order-in.php on line 41.
 1 APPPATH\Views\back-end\order\detail-order-in.php(41): CodeIgniter\Debug\Exceptions->errorHandler()
 2 SYSTEMPATH\View\View.php(213): include('APPPATH\\Views\\back-end\\order\\detail-order-in.php')
 3 SYSTEMPATH\View\View.php(216): CodeIgniter\View\View->CodeIgniter\View\{closure}()
 4 SYSTEMPATH\Common.php(1135): CodeIgniter\View\View->render()
 5 APPPATH\Controllers\Order.php(41): view()
 6 SYSTEMPATH\CodeIgniter.php(896): App\Controllers\Order->detailOrderIn()
 7 SYSTEMPATH\CodeIgniter.php(466): CodeIgniter\CodeIgniter->runController()
 8 SYSTEMPATH\CodeIgniter.php(349): CodeIgniter\CodeIgniter->handleRequest()
 9 FCPATH\index.php(55): CodeIgniter\CodeIgniter->run()
10 SYSTEMPATH\Commands\Server\rewrite.php(43): require_once('FCPATH\\index.php')
CRITICAL - 2022-07-31 02:37:51 --> Undefined property: stdClass::$Total
in APPPATH\Views\back-end\order\detail-order-in.php on line 67.
 1 APPPATH\Views\back-end\order\detail-order-in.php(67): CodeIgniter\Debug\Exceptions->errorHandler()
 2 SYSTEMPATH\View\View.php(213): include('APPPATH\\Views\\back-end\\order\\detail-order-in.php')
 3 SYSTEMPATH\View\View.php(216): CodeIgniter\View\View->CodeIgniter\View\{closure}()
 4 SYSTEMPATH\Common.php(1135): CodeIgniter\View\View->render()
 5 APPPATH\Controllers\Order.php(41): view()
 6 SYSTEMPATH\CodeIgniter.php(896): App\Controllers\Order->detailOrderIn()
 7 SYSTEMPATH\CodeIgniter.php(466): CodeIgniter\CodeIgniter->runController()
 8 SYSTEMPATH\CodeIgniter.php(349): CodeIgniter\CodeIgniter->handleRequest()
 9 FCPATH\index.php(55): CodeIgniter\CodeIgniter->run()
10 SYSTEMPATH\Commands\Server\rewrite.php(43): require_once('FCPATH\\index.php')
CRITICAL - 2022-07-31 06:02:06 --> Undefined property: stdClass::$expidition
in APPPATH\Views\back-end\order\detail-order-in.php on line 39.
 1 APPPATH\Views\back-end\order\detail-order-in.php(39): CodeIgniter\Debug\Exceptions->errorHandler()
 2 SYSTEMPATH\View\View.php(213): include('APPPATH\\Views\\back-end\\order\\detail-order-in.php')
 3 SYSTEMPATH\View\View.php(216): CodeIgniter\View\View->CodeIgniter\View\{closure}()
 4 SYSTEMPATH\Common.php(1135): CodeIgniter\View\View->render()
 5 APPPATH\Controllers\Order.php(41): view()
 6 SYSTEMPATH\CodeIgniter.php(896): App\Controllers\Order->detailOrderIn()
 7 SYSTEMPATH\CodeIgniter.php(466): CodeIgniter\CodeIgniter->runController()
 8 SYSTEMPATH\CodeIgniter.php(349): CodeIgniter\CodeIgniter->handleRequest()
 9 FCPATH\index.php(55): CodeIgniter\CodeIgniter->run()
10 SYSTEMPATH\Commands\Server\rewrite.php(43): require_once('FCPATH\\index.php')
CRITICAL - 2022-07-31 06:02:54 --> Undefined property: stdClass::$expidition
in APPPATH\Views\back-end\order\detail-order-in.php on line 39.
 1 APPPATH\Views\back-end\order\detail-order-in.php(39): CodeIgniter\Debug\Exceptions->errorHandler()
 2 SYSTEMPATH\View\View.php(213): include('APPPATH\\Views\\back-end\\order\\detail-order-in.php')
 3 SYSTEMPATH\View\View.php(216): CodeIgniter\View\View->CodeIgniter\View\{closure}()
 4 SYSTEMPATH\Common.php(1135): CodeIgniter\View\View->render()
 5 APPPATH\Controllers\Order.php(41): view()
 6 SYSTEMPATH\CodeIgniter.php(896): App\Controllers\Order->detailOrderIn()
 7 SYSTEMPATH\CodeIgniter.php(466): CodeIgniter\CodeIgniter->runController()
 8 SYSTEMPATH\CodeIgniter.php(349): CodeIgniter\CodeIgniter->handleRequest()
 9 FCPATH\index.php(55): CodeIgniter\CodeIgniter->run()
10 SYSTEMPATH\Commands\Server\rewrite.php(43): require_once('FCPATH\\index.php')
CRITICAL - 2022-07-31 06:03:06 --> Undefined property: stdClass::$expedition
in APPPATH\Views\back-end\order\detail-order-in.php on line 39.
 1 APPPATH\Views\back-end\order\detail-order-in.php(39): CodeIgniter\Debug\Exceptions->errorHandler()
 2 SYSTEMPATH\View\View.php(213): include('APPPATH\\Views\\back-end\\order\\detail-order-in.php')
 3 SYSTEMPATH\View\View.php(216): CodeIgniter\View\View->CodeIgniter\View\{closure}()
 4 SYSTEMPATH\Common.php(1135): CodeIgniter\View\View->render()
 5 APPPATH\Controllers\Order.php(41): view()
 6 SYSTEMPATH\CodeIgniter.php(896): App\Controllers\Order->detailOrderIn()
 7 SYSTEMPATH\CodeIgniter.php(466): CodeIgniter\CodeIgniter->runController()
 8 SYSTEMPATH\CodeIgniter.php(349): CodeIgniter\CodeIgniter->handleRequest()
 9 FCPATH\index.php(55): CodeIgniter\CodeIgniter->run()
10 SYSTEMPATH\Commands\Server\rewrite.php(43): require_once('FCPATH\\index.php')
CRITICAL - 2022-07-31 06:16:12 --> A non well formed numeric value encountered
in APPPATH\Views\back-end\order\detail-order-in.php on line 31.
 1 [internal function]: CodeIgniter\Debug\Exceptions->errorHandler()
 2 APPPATH\Views\back-end\order\detail-order-in.php(31): date()
 3 SYSTEMPATH\View\View.php(213): include('APPPATH\\Views\\back-end\\order\\detail-order-in.php')
 4 SYSTEMPATH\View\View.php(216): CodeIgniter\View\View->CodeIgniter\View\{closure}()
 5 SYSTEMPATH\Common.php(1135): CodeIgniter\View\View->render()
 6 APPPATH\Controllers\Order.php(42): view()
 7 SYSTEMPATH\CodeIgniter.php(896): App\Controllers\Order->detailOrderIn()
 8 SYSTEMPATH\CodeIgniter.php(466): CodeIgniter\CodeIgniter->runController()
 9 SYSTEMPATH\CodeIgniter.php(349): CodeIgniter\CodeIgniter->handleRequest()
10 FCPATH\index.php(55): CodeIgniter\CodeIgniter->run()
11 SYSTEMPATH\Commands\Server\rewrite.php(43): require_once('FCPATH\\index.php')
CRITICAL - 2022-07-31 20:21:13 --> Trying to get property 'image' of non-object
in APPPATH\Views\layout\back-end\main.php on line 129.
 1 APPPATH\Views\layout\back-end\main.php(129): CodeIgniter\Debug\Exceptions->errorHandler()
 2 SYSTEMPATH\View\View.php(213): include('APPPATH\\Views\\layout\\back-end\\main.php')
 3 SYSTEMPATH\View\View.php(216): CodeIgniter\View\View->CodeIgniter\View\{closure}()
 4 SYSTEMPATH\View\View.php(229): CodeIgniter\View\View->render()
 5 SYSTEMPATH\Common.php(1135): CodeIgniter\View\View->render()
 6 APPPATH\Controllers\Order.php(42): view()
 7 SYSTEMPATH\CodeIgniter.php(896): App\Controllers\Order->detailOrderIn()
 8 SYSTEMPATH\CodeIgniter.php(466): CodeIgniter\CodeIgniter->runController()
 9 SYSTEMPATH\CodeIgniter.php(349): CodeIgniter\CodeIgniter->handleRequest()
10 FCPATH\index.php(55): CodeIgniter\CodeIgniter->run()
11 SYSTEMPATH\Commands\Server\rewrite.php(43): require_once('FCPATH\\index.php')
ERROR - 2022-07-31 20:40:35 --> Unknown column 'order_items.delivery_id' in 'on clause'
CRITICAL - 2022-07-31 20:40:35 --> Unknown column 'order_items.delivery_id' in 'on clause'
in SYSTEMPATH\Database\MySQLi\Connection.php on line 292.
 1 SYSTEMPATH\Database\MySQLi\Connection.php(292): mysqli->query()
 2 SYSTEMPATH\Database\BaseConnection.php(695): CodeIgniter\Database\MySQLi\Connection->execute()
 3 SYSTEMPATH\Database\BaseConnection.php(609): CodeIgniter\Database\BaseConnection->simpleQuery()
 4 SYSTEMPATH\Database\BaseBuilder.php(1718): CodeIgniter\Database\BaseConnection->query()
 5 APPPATH\Controllers\Order.php(34): CodeIgniter\Database\BaseBuilder->getWhere()
 6 SYSTEMPATH\CodeIgniter.php(896): App\Controllers\Order->detailOrderIn()
 7 SYSTEMPATH\CodeIgniter.php(466): CodeIgniter\CodeIgniter->runController()
 8 SYSTEMPATH\CodeIgniter.php(349): CodeIgniter\CodeIgniter->handleRequest()
 9 FCPATH\index.php(55): CodeIgniter\CodeIgniter->run()
10 SYSTEMPATH\Commands\Server\rewrite.php(43): require_once('FCPATH\\index.php')
CRITICAL - 2022-07-31 20:41:06 --> Undefined property: stdClass::$order
in APPPATH\Views\back-end\order\detail-order-in.php on line 89.
 1 APPPATH\Views\back-end\order\detail-order-in.php(89): CodeIgniter\Debug\Exceptions->errorHandler()
 2 SYSTEMPATH\View\View.php(213): include('APPPATH\\Views\\back-end\\order\\detail-order-in.php')
 3 SYSTEMPATH\View\View.php(216): CodeIgniter\View\View->CodeIgniter\View\{closure}()
 4 SYSTEMPATH\Common.php(1135): CodeIgniter\View\View->render()
 5 APPPATH\Controllers\Order.php(42): view()
 6 SYSTEMPATH\CodeIgniter.php(896): App\Controllers\Order->detailOrderIn()
 7 SYSTEMPATH\CodeIgniter.php(466): CodeIgniter\CodeIgniter->runController()
 8 SYSTEMPATH\CodeIgniter.php(349): CodeIgniter\CodeIgniter->handleRequest()
 9 FCPATH\index.php(55): CodeIgniter\CodeIgniter->run()
10 SYSTEMPATH\Commands\Server\rewrite.php(43): require_once('FCPATH\\index.php')
ERROR - 2022-07-31 20:42:55 --> Unknown column 'order_items.delivery_id' in 'on clause'
CRITICAL - 2022-07-31 20:42:55 --> Unknown column 'order_items.delivery_id' in 'on clause'
in SYSTEMPATH\Database\MySQLi\Connection.php on line 292.
 1 SYSTEMPATH\Database\MySQLi\Connection.php(292): mysqli->query()
 2 SYSTEMPATH\Database\BaseConnection.php(695): CodeIgniter\Database\MySQLi\Connection->execute()
 3 SYSTEMPATH\Database\BaseConnection.php(609): CodeIgniter\Database\BaseConnection->simpleQuery()
 4 SYSTEMPATH\Database\BaseBuilder.php(1585): CodeIgniter\Database\BaseConnection->query()
 5 APPPATH\Models\OrderModel.php(22): CodeIgniter\Database\BaseBuilder->get()
 6 APPPATH\Controllers\Order.php(18): App\Models\OrderModel->getAll()
 7 SYSTEMPATH\CodeIgniter.php(896): App\Controllers\Order->index()
 8 SYSTEMPATH\CodeIgniter.php(466): CodeIgniter\CodeIgniter->runController()
 9 SYSTEMPATH\CodeIgniter.php(349): CodeIgniter\CodeIgniter->handleRequest()
10 FCPATH\index.php(55): CodeIgniter\CodeIgniter->run()
11 SYSTEMPATH\Commands\Server\rewrite.php(43): require_once('FCPATH\\index.php')
ERROR - 2022-07-31 20:43:02 --> Unknown column 'order_items.delivery_id' in 'on clause'
CRITICAL - 2022-07-31 20:43:02 --> Unknown column 'order_items.delivery_id' in 'on clause'
in SYSTEMPATH\Database\MySQLi\Connection.php on line 292.
 1 SYSTEMPATH\Database\MySQLi\Connection.php(292): mysqli->query()
 2 SYSTEMPATH\Database\BaseConnection.php(695): CodeIgniter\Database\MySQLi\Connection->execute()
 3 SYSTEMPATH\Database\BaseConnection.php(609): CodeIgniter\Database\BaseConnection->simpleQuery()
 4 SYSTEMPATH\Database\BaseBuilder.php(1585): CodeIgniter\Database\BaseConnection->query()
 5 APPPATH\Models\OrderModel.php(22): CodeIgniter\Database\BaseBuilder->get()
 6 APPPATH\Controllers\Order.php(18): App\Models\OrderModel->getAll()
 7 SYSTEMPATH\CodeIgniter.php(896): App\Controllers\Order->index()
 8 SYSTEMPATH\CodeIgniter.php(466): CodeIgniter\CodeIgniter->runController()
 9 SYSTEMPATH\CodeIgniter.php(349): CodeIgniter\CodeIgniter->handleRequest()
10 FCPATH\index.php(55): CodeIgniter\CodeIgniter->run()
11 SYSTEMPATH\Commands\Server\rewrite.php(43): require_once('FCPATH\\index.php')
ERROR - 2022-07-31 20:43:39 --> Unknown column 'order_items.delivery_id' in 'on clause'
CRITICAL - 2022-07-31 20:43:39 --> Unknown column 'order_items.delivery_id' in 'on clause'
in SYSTEMPATH\Database\MySQLi\Connection.php on line 292.
 1 SYSTEMPATH\Database\MySQLi\Connection.php(292): mysqli->query()
 2 SYSTEMPATH\Database\BaseConnection.php(695): CodeIgniter\Database\MySQLi\Connection->execute()
 3 SYSTEMPATH\Database\BaseConnection.php(609): CodeIgniter\Database\BaseConnection->simpleQuery()
 4 SYSTEMPATH\Database\BaseBuilder.php(1585): CodeIgniter\Database\BaseConnection->query()
 5 APPPATH\Models\OrderModel.php(22): CodeIgniter\Database\BaseBuilder->get()
 6 APPPATH\Controllers\Order.php(18): App\Models\OrderModel->getAll()
 7 SYSTEMPATH\CodeIgniter.php(896): App\Controllers\Order->index()
 8 SYSTEMPATH\CodeIgniter.php(466): CodeIgniter\CodeIgniter->runController()
 9 SYSTEMPATH\CodeIgniter.php(349): CodeIgniter\CodeIgniter->handleRequest()
10 FCPATH\index.php(55): CodeIgniter\CodeIgniter->run()
11 SYSTEMPATH\Commands\Server\rewrite.php(43): require_once('FCPATH\\index.php')
CRITICAL - 2022-07-31 20:48:09 --> Undefined variable: o
in APPPATH\Views\back-end\product\data.php on line 67.
 1 APPPATH\Views\back-end\product\data.php(67): CodeIgniter\Debug\Exceptions->errorHandler()
 2 SYSTEMPATH\View\View.php(213): include('APPPATH\\Views\\back-end\\product\\data.php')
 3 SYSTEMPATH\View\View.php(216): CodeIgniter\View\View->CodeIgniter\View\{closure}()
 4 SYSTEMPATH\Common.php(1135): CodeIgniter\View\View->render()
 5 APPPATH\Controllers\Product.php(36): view()
 6 SYSTEMPATH\CodeIgniter.php(896): App\Controllers\Product->index()
 7 SYSTEMPATH\CodeIgniter.php(466): CodeIgniter\CodeIgniter->runController()
 8 SYSTEMPATH\CodeIgniter.php(349): CodeIgniter\CodeIgniter->handleRequest()
 9 FCPATH\index.php(55): CodeIgniter\CodeIgniter->run()
10 SYSTEMPATH\Commands\Server\rewrite.php(43): require_once('FCPATH\\index.php')
CRITICAL - 2022-07-31 20:48:13 --> Undefined variable: o
in APPPATH\Views\back-end\product\data.php on line 67.
 1 APPPATH\Views\back-end\product\data.php(67): CodeIgniter\Debug\Exceptions->errorHandler()
 2 SYSTEMPATH\View\View.php(213): include('APPPATH\\Views\\back-end\\product\\data.php')
 3 SYSTEMPATH\View\View.php(216): CodeIgniter\View\View->CodeIgniter\View\{closure}()
 4 SYSTEMPATH\Common.php(1135): CodeIgniter\View\View->render()
 5 APPPATH\Controllers\Product.php(36): view()
 6 SYSTEMPATH\CodeIgniter.php(896): App\Controllers\Product->index()
 7 SYSTEMPATH\CodeIgniter.php(466): CodeIgniter\CodeIgniter->runController()
 8 SYSTEMPATH\CodeIgniter.php(349): CodeIgniter\CodeIgniter->handleRequest()
 9 FCPATH\index.php(55): CodeIgniter\CodeIgniter->run()
10 SYSTEMPATH\Commands\Server\rewrite.php(43): require_once('FCPATH\\index.php')
CRITICAL - 2022-07-31 23:32:58 --> Trying to get property 'image' of non-object
in APPPATH\Views\layout\back-end\main.php on line 129.
 1 APPPATH\Views\layout\back-end\main.php(129): CodeIgniter\Debug\Exceptions->errorHandler()
 2 SYSTEMPATH\View\View.php(213): include('APPPATH\\Views\\layout\\back-end\\main.php')
 3 SYSTEMPATH\View\View.php(216): CodeIgniter\View\View->CodeIgniter\View\{closure}()
 4 SYSTEMPATH\View\View.php(229): CodeIgniter\View\View->render()
 5 SYSTEMPATH\Common.php(1135): CodeIgniter\View\View->render()
 6 APPPATH\Controllers\Order.php(42): view()
 7 SYSTEMPATH\CodeIgniter.php(896): App\Controllers\Order->detailOrderIn()
 8 SYSTEMPATH\CodeIgniter.php(466): CodeIgniter\CodeIgniter->runController()
 9 SYSTEMPATH\CodeIgniter.php(349): CodeIgniter\CodeIgniter->handleRequest()
10 FCPATH\index.php(55): CodeIgniter\CodeIgniter->run()
11 SYSTEMPATH\Commands\Server\rewrite.php(43): require_once('FCPATH\\index.php')
CRITICAL - 2022-07-31 23:34:34 --> syntax error, unexpected end of file
in APPPATH\Views\back-end\order\data-in.php on line 91.
 1 SYSTEMPATH\View\View.php(216): CodeIgniter\View\View->CodeIgniter\View\{closure}()
 2 SYSTEMPATH\Common.php(1135): CodeIgniter\View\View->render()
 3 APPPATH\Controllers\Order.php(21): view()
 4 SYSTEMPATH\CodeIgniter.php(896): App\Controllers\Order->index()
 5 SYSTEMPATH\CodeIgniter.php(466): CodeIgniter\CodeIgniter->runController()
 6 SYSTEMPATH\CodeIgniter.php(349): CodeIgniter\CodeIgniter->handleRequest()
 7 FCPATH\index.php(55): CodeIgniter\CodeIgniter->run()
 8 SYSTEMPATH\Commands\Server\rewrite.php(43): require_once('FCPATH\\index.php')
